;  LST file generated by mikroListExporter - v.2.0 
; Date/Time: 06/12/2018 10:57:39 a. m.
;----------------------------------------------

;Address Opcode 	ASM
0x0000	0xF001EF7D  	GOTO        762
0x0004	0x0000      	NOP
0x0006	0x0000      	NOP
0x0008	0xF000EF00  	GOTO        0
0x000C	0x0000      	NOP
0x000E	0x0000      	NOP
0x0010	0x0000      	NOP
0x0012	0x0000      	NOP
0x0014	0x0000      	NOP
0x0016	0x0000      	NOP
0x0018	0xD7F3      	BRA         0
_Delay_5500us:
;__Lib_Delays.c,31 :: 		void Delay_5500us() {
;__Lib_Delays.c,32 :: 		Delay_us(5500);
0x001C	0x0E0F      	MOVLW       15
0x001E	0x6E0C      	MOVWF       R12, 0
0x0020	0x0E47      	MOVLW       71
0x0022	0x6E0D      	MOVWF       R13, 0
L_Delay_5500us5:
0x0024	0x2E0D      	DECFSZ      R13, 1, 0
0x0026	0xD7FE      	BRA         L_Delay_5500us5
0x0028	0x2E0C      	DECFSZ      R12, 1, 0
0x002A	0xD7FC      	BRA         L_Delay_5500us5
0x002C	0x0000      	NOP
0x002E	0x0000      	NOP
;__Lib_Delays.c,33 :: 		}
L_end_Delay_5500us:
0x0030	0x0012      	RETURN      0
; end of _Delay_5500us
_Delay_50us:
;__Lib_Delays.c,19 :: 		void Delay_50us() {
;__Lib_Delays.c,20 :: 		Delay_us(50);
0x0032	0x0E21      	MOVLW       33
0x0034	0x6E0D      	MOVWF       R13, 0
L_Delay_50us2:
0x0036	0x2E0D      	DECFSZ      R13, 1, 0
0x0038	0xD7FE      	BRA         L_Delay_50us2
;__Lib_Delays.c,21 :: 		}
L_end_Delay_50us:
0x003A	0x0012      	RETURN      0
; end of _Delay_50us
_Delay_1us:
;__Lib_Delays.c,7 :: 		void Delay_1us() {
;__Lib_Delays.c,8 :: 		Delay_us(1);
0x003C	0x0000      	NOP
0x003E	0x0000      	NOP
;__Lib_Delays.c,9 :: 		}
L_end_Delay_1us:
0x0040	0x0012      	RETURN      0
; end of _Delay_1us
_Lcd_Cmd:
;__Lib_Lcd.c,18 :: 		
;__Lib_Lcd.c,20 :: 		
0x0042	0x0100      	MOVLB       0
0x0044	0xBF6B      	BTFSC       FARG_Lcd_Cmd_out_char, 7, 1
0x0046	0xD002      	BRA         L__Lcd_Cmd21
0x0048	0x9E83      	BCF         LCD_D7, BitPos(LCD_D7+0) 
0x004A	0xD001      	BRA         L__Lcd_Cmd22
L__Lcd_Cmd21:
0x004C	0x8E83      	BSF         LCD_D7, BitPos(LCD_D7+0) 
L__Lcd_Cmd22:
;__Lib_Lcd.c,21 :: 		
0x004E	0xBD6B      	BTFSC       FARG_Lcd_Cmd_out_char, 6, 1
0x0050	0xD002      	BRA         L__Lcd_Cmd23
0x0052	0x9C83      	BCF         LCD_D6, BitPos(LCD_D6+0) 
0x0054	0xD001      	BRA         L__Lcd_Cmd24
L__Lcd_Cmd23:
0x0056	0x8C83      	BSF         LCD_D6, BitPos(LCD_D6+0) 
L__Lcd_Cmd24:
;__Lib_Lcd.c,22 :: 		
0x0058	0xBB6B      	BTFSC       FARG_Lcd_Cmd_out_char, 5, 1
0x005A	0xD002      	BRA         L__Lcd_Cmd25
0x005C	0x9A83      	BCF         LCD_D5, BitPos(LCD_D5+0) 
0x005E	0xD001      	BRA         L__Lcd_Cmd26
L__Lcd_Cmd25:
0x0060	0x8A83      	BSF         LCD_D5, BitPos(LCD_D5+0) 
L__Lcd_Cmd26:
;__Lib_Lcd.c,23 :: 		
0x0062	0xB96B      	BTFSC       FARG_Lcd_Cmd_out_char, 4, 1
0x0064	0xD002      	BRA         L__Lcd_Cmd27
0x0066	0x9883      	BCF         LCD_D4, BitPos(LCD_D4+0) 
0x0068	0xD001      	BRA         L__Lcd_Cmd28
L__Lcd_Cmd27:
0x006A	0x8883      	BSF         LCD_D4, BitPos(LCD_D4+0) 
L__Lcd_Cmd28:
;__Lib_Lcd.c,25 :: 		
0x006C	0xB160      	BTFSC       __Lib_Lcd_cmd_status, BitPos(__Lib_Lcd_cmd_status+0), 1
0x006E	0xD002      	BRA         L__Lcd_Cmd29
0x0070	0x8483      	BSF         LCD_RS, BitPos(LCD_RS+0) 
0x0072	0xD001      	BRA         L__Lcd_Cmd30
L__Lcd_Cmd29:
0x0074	0x9483      	BCF         LCD_RS, BitPos(LCD_RS+0) 
L__Lcd_Cmd30:
;__Lib_Lcd.c,28 :: 		
0x0076	0x8683      	BSF         LCD_EN, BitPos(LCD_EN+0) 
;__Lib_Lcd.c,29 :: 		
0x0078	0xDFE1      	RCALL       _Delay_1us
;__Lib_Lcd.c,30 :: 		
0x007A	0x9683      	BCF         LCD_EN, BitPos(LCD_EN+0) 
;__Lib_Lcd.c,33 :: 		
0x007C	0xB76B      	BTFSC       FARG_Lcd_Cmd_out_char, 3, 1
0x007E	0xD002      	BRA         L__Lcd_Cmd31
0x0080	0x9E83      	BCF         LCD_D7, BitPos(LCD_D7+0) 
0x0082	0xD001      	BRA         L__Lcd_Cmd32
L__Lcd_Cmd31:
0x0084	0x8E83      	BSF         LCD_D7, BitPos(LCD_D7+0) 
L__Lcd_Cmd32:
;__Lib_Lcd.c,34 :: 		
0x0086	0xB56B      	BTFSC       FARG_Lcd_Cmd_out_char, 2, 1
0x0088	0xD002      	BRA         L__Lcd_Cmd33
0x008A	0x9C83      	BCF         LCD_D6, BitPos(LCD_D6+0) 
0x008C	0xD001      	BRA         L__Lcd_Cmd34
L__Lcd_Cmd33:
0x008E	0x8C83      	BSF         LCD_D6, BitPos(LCD_D6+0) 
L__Lcd_Cmd34:
;__Lib_Lcd.c,35 :: 		
0x0090	0xB36B      	BTFSC       FARG_Lcd_Cmd_out_char, 1, 1
0x0092	0xD002      	BRA         L__Lcd_Cmd35
0x0094	0x9A83      	BCF         LCD_D5, BitPos(LCD_D5+0) 
0x0096	0xD001      	BRA         L__Lcd_Cmd36
L__Lcd_Cmd35:
0x0098	0x8A83      	BSF         LCD_D5, BitPos(LCD_D5+0) 
L__Lcd_Cmd36:
;__Lib_Lcd.c,36 :: 		
0x009A	0xB16B      	BTFSC       FARG_Lcd_Cmd_out_char, 0, 1
0x009C	0xD002      	BRA         L__Lcd_Cmd37
0x009E	0x9883      	BCF         LCD_D4, BitPos(LCD_D4+0) 
0x00A0	0xD001      	BRA         L__Lcd_Cmd38
L__Lcd_Cmd37:
0x00A2	0x8883      	BSF         LCD_D4, BitPos(LCD_D4+0) 
L__Lcd_Cmd38:
;__Lib_Lcd.c,38 :: 		
0x00A4	0xB160      	BTFSC       __Lib_Lcd_cmd_status, BitPos(__Lib_Lcd_cmd_status+0), 1
0x00A6	0xD002      	BRA         L__Lcd_Cmd39
0x00A8	0x8483      	BSF         LCD_RS, BitPos(LCD_RS+0) 
0x00AA	0xD001      	BRA         L__Lcd_Cmd40
L__Lcd_Cmd39:
0x00AC	0x9483      	BCF         LCD_RS, BitPos(LCD_RS+0) 
L__Lcd_Cmd40:
;__Lib_Lcd.c,40 :: 		
0x00AE	0x8683      	BSF         LCD_EN, BitPos(LCD_EN+0) 
;__Lib_Lcd.c,41 :: 		
0x00B0	0xDFC5      	RCALL       _Delay_1us
;__Lib_Lcd.c,42 :: 		
0x00B2	0x9683      	BCF         LCD_EN, BitPos(LCD_EN+0) 
;__Lib_Lcd.c,44 :: 		
0x00B4	0xA160      	BTFSS       __Lib_Lcd_cmd_status, BitPos(__Lib_Lcd_cmd_status+0), 1
0x00B6	0xD002      	BRA         L_Lcd_Cmd0
;__Lib_Lcd.c,45 :: 		
0x00B8	0xDFB1      	RCALL       _Delay_5500us
0x00BA	0xD001      	BRA         L_Lcd_Cmd1
L_Lcd_Cmd0:
;__Lib_Lcd.c,47 :: 		
0x00BC	0xDFBA      	RCALL       _Delay_50us
L_Lcd_Cmd1:
;__Lib_Lcd.c,48 :: 		
L_end_Lcd_Cmd:
0x00BE	0x0012      	RETURN      0
; end of _Lcd_Cmd
_Delay_10us:
;__Lib_Delays.c,11 :: 		void Delay_10us() {
;__Lib_Delays.c,12 :: 		Delay_us(10);
0x00C0	0x0E06      	MOVLW       6
0x00C2	0x6E0D      	MOVWF       R13, 0
L_Delay_10us0:
0x00C4	0x2E0D      	DECFSZ      R13, 1, 0
0x00C6	0xD7FE      	BRA         L_Delay_10us0
0x00C8	0x0000      	NOP
;__Lib_Delays.c,13 :: 		}
L_end_Delay_10us:
0x00CA	0x0012      	RETURN      0
; end of _Delay_10us
_Lcd_Chr_CP:
;__Lib_Lcd.c,50 :: 		
;__Lib_Lcd.c,52 :: 		
0x00CC	0x0100      	MOVLB       0
0x00CE	0x9160      	BCF         __Lib_Lcd_cmd_status, BitPos(__Lib_Lcd_cmd_status+0), 1
;__Lib_Lcd.c,53 :: 		
0x00D0	0xF06BC066  	MOVFF       FARG_Lcd_Chr_CP_out_char, FARG_Lcd_Cmd_out_char
0x00D4	0xDFB6      	RCALL       _Lcd_Cmd
;__Lib_Lcd.c,54 :: 		
0x00D6	0x8160      	BSF         __Lib_Lcd_cmd_status, BitPos(__Lib_Lcd_cmd_status+0), 1
;__Lib_Lcd.c,55 :: 		
L_end_Lcd_Chr_CP:
0x00D8	0x0012      	RETURN      0
; end of _Lcd_Chr_CP
_Keypad_Key_Press:
;__Lib_Keypad4x4.c,39 :: 		
;__Lib_Keypad4x4.c,43 :: 		
0x00DA	0x0100      	MOVLB       0
0x00DC	0x6B66      	CLRF        Keypad_Key_Press_rslt_L0, 1
;__Lib_Keypad4x4.c,44 :: 		
0x00DE	0x6B68      	CLRF        Keypad_Key_Press_loc_L0, 1
;__Lib_Keypad4x4.c,45 :: 		
0x00E0	0x6B69      	CLRF        Keypad_Key_Press_rowcnt_L0, 1
;__Lib_Keypad4x4.c,46 :: 		
0x00E2	0x0E10      	MOVLW       16
0x00E4	0x6F6A      	MOVWF       Keypad_Key_Press_shifter_L0, 1
;__Lib_Keypad4x4.c,48 :: 		
L_Keypad_Key_Press0:
0x00E6	0x0E04      	MOVLW       4
0x00E8	0x5D69      	SUBWF       Keypad_Key_Press_rowcnt_L0, 0, 1
0x00EA	0xE229      	BC          L_Keypad_Key_Press1
;__Lib_Keypad4x4.c,50 :: 		
0x00EC	0x0EF0      	MOVLW       240
0x00EE	0x6E81      	MOVWF       keypadPort 
;__Lib_Keypad4x4.c,51 :: 		
0x00F0	0x0E12      	MOVLW       18
0x00F2	0x6E00      	MOVWF       R0 
0x00F4	0x0E00      	MOVLW       0
0x00F6	0x6E01      	MOVWF       R1 
0x00F8	0x0E81      	MOVLW       keypadPort
0x00FA	0x2400      	ADDWF       R0, 0 
0x00FC	0x6EE1      	MOVWF       FSR1L 
0x00FE	0x0E0F      	MOVLW       hi_addr(keypadPort)
0x0100	0x2001      	ADDWFC      R1, 0 
0x0102	0x6EE2      	MOVWF       FSR1H 
0x0104	0x1D6A      	COMF        Keypad_Key_Press_shifter_L0, 0, 1
0x0106	0x6E00      	MOVWF       R0 
0x0108	0xFFE6C000  	MOVFF       R0, POSTINC1
;__Lib_Keypad4x4.c,55 :: 		
0x010C	0xDF97      	RCALL       _Delay_1us
;__Lib_Keypad4x4.c,56 :: 		
0x010E	0xDF96      	RCALL       _Delay_1us
;__Lib_Keypad4x4.c,57 :: 		
0x0110	0x0E0F      	MOVLW       15
0x0112	0x1481      	ANDWF       keypadPort, 0 
0x0114	0x6E00      	MOVWF       R0 
0x0116	0xF067C000  	MOVFF       R0, Keypad_Key_Press_kdata_L0
;__Lib_Keypad4x4.c,58 :: 		
0x011A	0x5200      	MOVF        R0, 1 
0x011C	0xE00A      	BZ          L_Keypad_Key_Press2
;__Lib_Keypad4x4.c,60 :: 		
0x011E	0xF066C068  	MOVFF       Keypad_Key_Press_loc_L0, Keypad_Key_Press_rslt_L0
;__Lib_Keypad4x4.c,61 :: 		
L_Keypad_Key_Press3:
0x0122	0x5367      	MOVF        Keypad_Key_Press_kdata_L0, 1, 1
0x0124	0xE004      	BZ          L_Keypad_Key_Press4
;__Lib_Keypad4x4.c,62 :: 		
0x0126	0x3367      	RRCF        Keypad_Key_Press_kdata_L0, 1, 1
0x0128	0x9F67      	BCF         Keypad_Key_Press_kdata_L0, 7, 1
;__Lib_Keypad4x4.c,63 :: 		
0x012A	0x2B66      	INCF        Keypad_Key_Press_rslt_L0, 1, 1
;__Lib_Keypad4x4.c,64 :: 		
0x012C	0xD7FA      	BRA         L_Keypad_Key_Press3
L_Keypad_Key_Press4:
;__Lib_Keypad4x4.c,66 :: 		
0x012E	0x0E04      	MOVLW       4
0x0130	0x6F69      	MOVWF       Keypad_Key_Press_rowcnt_L0, 1
;__Lib_Keypad4x4.c,67 :: 		
L_Keypad_Key_Press2:
;__Lib_Keypad4x4.c,68 :: 		
0x0132	0x376A      	RLCF        Keypad_Key_Press_shifter_L0, 1, 1
0x0134	0x916A      	BCF         Keypad_Key_Press_shifter_L0, 0, 1
;__Lib_Keypad4x4.c,69 :: 		
0x0136	0x0E04      	MOVLW       4
0x0138	0x2768      	ADDWF       Keypad_Key_Press_loc_L0, 1, 1
;__Lib_Keypad4x4.c,70 :: 		
0x013A	0x2B69      	INCF        Keypad_Key_Press_rowcnt_L0, 1, 1
;__Lib_Keypad4x4.c,71 :: 		
0x013C	0xD7D4      	BRA         L_Keypad_Key_Press0
L_Keypad_Key_Press1:
;__Lib_Keypad4x4.c,73 :: 		
0x013E	0xF000C066  	MOVFF       Keypad_Key_Press_rslt_L0, R0
;__Lib_Keypad4x4.c,74 :: 		
L_end_Keypad_Key_Press:
0x0142	0x0012      	RETURN      0
; end of _Keypad_Key_Press
_Lcd_Init:
;__Lib_Lcd.c,84 :: 		
;__Lib_Lcd.c,86 :: 		
0x0144	0x9695      	BCF         LCD_EN_Direction, BitPos(LCD_EN_Direction+0) 
;__Lib_Lcd.c,87 :: 		
0x0146	0x9495      	BCF         LCD_RS_Direction, BitPos(LCD_RS_Direction+0) 
;__Lib_Lcd.c,88 :: 		
0x0148	0x9895      	BCF         LCD_D4_Direction, BitPos(LCD_D4_Direction+0) 
;__Lib_Lcd.c,89 :: 		
0x014A	0x9A95      	BCF         LCD_D5_Direction, BitPos(LCD_D5_Direction+0) 
;__Lib_Lcd.c,90 :: 		
0x014C	0x9C95      	BCF         LCD_D6_Direction, BitPos(LCD_D6_Direction+0) 
;__Lib_Lcd.c,91 :: 		
0x014E	0x9E95      	BCF         LCD_D7_Direction, BitPos(LCD_D7_Direction+0) 
;__Lib_Lcd.c,93 :: 		
0x0150	0x9683      	BCF         LCD_EN, BitPos(LCD_EN+0) 
;__Lib_Lcd.c,94 :: 		
0x0152	0x9483      	BCF         LCD_RS, BitPos(LCD_RS+0) 
;__Lib_Lcd.c,95 :: 		
0x0154	0x9E83      	BCF         LCD_D7, BitPos(LCD_D7+0) 
;__Lib_Lcd.c,96 :: 		
0x0156	0x9C83      	BCF         LCD_D6, BitPos(LCD_D6+0) 
;__Lib_Lcd.c,97 :: 		
0x0158	0x9A83      	BCF         LCD_D5, BitPos(LCD_D5+0) 
;__Lib_Lcd.c,98 :: 		
0x015A	0x9883      	BCF         LCD_D4, BitPos(LCD_D4+0) 
;__Lib_Lcd.c,100 :: 		
0x015C	0xDF5F      	RCALL       _Delay_5500us
;__Lib_Lcd.c,101 :: 		
0x015E	0xDF5E      	RCALL       _Delay_5500us
;__Lib_Lcd.c,102 :: 		
0x0160	0xDF5D      	RCALL       _Delay_5500us
;__Lib_Lcd.c,105 :: 		
0x0162	0x8A83      	BSF         LCD_D5, BitPos(LCD_D5+0) 
;__Lib_Lcd.c,106 :: 		
0x0164	0x8883      	BSF         LCD_D4, BitPos(LCD_D4+0) 
;__Lib_Lcd.c,107 :: 		
0x0166	0x8683      	BSF         LCD_EN, BitPos(LCD_EN+0) 
;__Lib_Lcd.c,108 :: 		
0x0168	0xDF69      	RCALL       _Delay_1us
;__Lib_Lcd.c,109 :: 		
0x016A	0x9683      	BCF         LCD_EN, BitPos(LCD_EN+0) 
;__Lib_Lcd.c,110 :: 		
0x016C	0xDF57      	RCALL       _Delay_5500us
;__Lib_Lcd.c,112 :: 		
0x016E	0x8683      	BSF         LCD_EN, BitPos(LCD_EN+0) 
;__Lib_Lcd.c,113 :: 		
0x0170	0xDF65      	RCALL       _Delay_1us
;__Lib_Lcd.c,114 :: 		
0x0172	0x9683      	BCF         LCD_EN, BitPos(LCD_EN+0) 
;__Lib_Lcd.c,115 :: 		
0x0174	0xDF53      	RCALL       _Delay_5500us
;__Lib_Lcd.c,117 :: 		
0x0176	0x8683      	BSF         LCD_EN, BitPos(LCD_EN+0) 
;__Lib_Lcd.c,118 :: 		
0x0178	0xDF61      	RCALL       _Delay_1us
;__Lib_Lcd.c,119 :: 		
0x017A	0x9683      	BCF         LCD_EN, BitPos(LCD_EN+0) 
;__Lib_Lcd.c,120 :: 		
0x017C	0xDF4F      	RCALL       _Delay_5500us
;__Lib_Lcd.c,123 :: 		
0x017E	0x9883      	BCF         LCD_D4, BitPos(LCD_D4+0) 
;__Lib_Lcd.c,124 :: 		
0x0180	0x8683      	BSF         LCD_EN, BitPos(LCD_EN+0) 
;__Lib_Lcd.c,125 :: 		
0x0182	0xDF5C      	RCALL       _Delay_1us
;__Lib_Lcd.c,126 :: 		
0x0184	0x9683      	BCF         LCD_EN, BitPos(LCD_EN+0) 
;__Lib_Lcd.c,127 :: 		
0x0186	0xDF4A      	RCALL       _Delay_5500us
;__Lib_Lcd.c,130 :: 		
0x0188	0x8683      	BSF         LCD_EN, BitPos(LCD_EN+0) 
;__Lib_Lcd.c,131 :: 		
0x018A	0xDF58      	RCALL       _Delay_1us
;__Lib_Lcd.c,132 :: 		
0x018C	0x9683      	BCF         LCD_EN, BitPos(LCD_EN+0) 
;__Lib_Lcd.c,134 :: 		
0x018E	0x9A83      	BCF         LCD_D5, BitPos(LCD_D5+0) 
;__Lib_Lcd.c,135 :: 		
0x0190	0x8E83      	BSF         LCD_D7, BitPos(LCD_D7+0) 
;__Lib_Lcd.c,136 :: 		
0x0192	0x8683      	BSF         LCD_EN, BitPos(LCD_EN+0) 
;__Lib_Lcd.c,137 :: 		
0x0194	0xDF53      	RCALL       _Delay_1us
;__Lib_Lcd.c,138 :: 		
0x0196	0x9683      	BCF         LCD_EN, BitPos(LCD_EN+0) 
;__Lib_Lcd.c,139 :: 		
0x0198	0xDF41      	RCALL       _Delay_5500us
;__Lib_Lcd.c,142 :: 		
0x019A	0x9E83      	BCF         LCD_D7, BitPos(LCD_D7+0) 
;__Lib_Lcd.c,143 :: 		
0x019C	0x8883      	BSF         LCD_D4, BitPos(LCD_D4+0) 
;__Lib_Lcd.c,144 :: 		
0x019E	0x8683      	BSF         LCD_EN, BitPos(LCD_EN+0) 
;__Lib_Lcd.c,145 :: 		
0x01A0	0xDF4D      	RCALL       _Delay_1us
;__Lib_Lcd.c,146 :: 		
0x01A2	0x9683      	BCF         LCD_EN, BitPos(LCD_EN+0) 
;__Lib_Lcd.c,148 :: 		
0x01A4	0x9883      	BCF         LCD_D4, BitPos(LCD_D4+0) 
;__Lib_Lcd.c,149 :: 		
0x01A6	0x8683      	BSF         LCD_EN, BitPos(LCD_EN+0) 
;__Lib_Lcd.c,150 :: 		
0x01A8	0xDF49      	RCALL       _Delay_1us
;__Lib_Lcd.c,151 :: 		
0x01AA	0x9683      	BCF         LCD_EN, BitPos(LCD_EN+0) 
;__Lib_Lcd.c,152 :: 		
0x01AC	0xDF37      	RCALL       _Delay_5500us
;__Lib_Lcd.c,155 :: 		
0x01AE	0x8683      	BSF         LCD_EN, BitPos(LCD_EN+0) 
;__Lib_Lcd.c,156 :: 		
0x01B0	0xDF45      	RCALL       _Delay_1us
;__Lib_Lcd.c,157 :: 		
0x01B2	0x9683      	BCF         LCD_EN, BitPos(LCD_EN+0) 
;__Lib_Lcd.c,159 :: 		
0x01B4	0x8883      	BSF         LCD_D4, BitPos(LCD_D4+0) 
;__Lib_Lcd.c,160 :: 		
0x01B6	0x8683      	BSF         LCD_EN, BitPos(LCD_EN+0) 
;__Lib_Lcd.c,161 :: 		
0x01B8	0xDF41      	RCALL       _Delay_1us
;__Lib_Lcd.c,162 :: 		
0x01BA	0x9683      	BCF         LCD_EN, BitPos(LCD_EN+0) 
;__Lib_Lcd.c,163 :: 		
0x01BC	0xDF2F      	RCALL       _Delay_5500us
;__Lib_Lcd.c,166 :: 		
0x01BE	0x9883      	BCF         LCD_D4, BitPos(LCD_D4+0) 
;__Lib_Lcd.c,167 :: 		
0x01C0	0x8683      	BSF         LCD_EN, BitPos(LCD_EN+0) 
;__Lib_Lcd.c,168 :: 		
0x01C2	0xDF3C      	RCALL       _Delay_1us
;__Lib_Lcd.c,169 :: 		
0x01C4	0x9683      	BCF         LCD_EN, BitPos(LCD_EN+0) 
;__Lib_Lcd.c,171 :: 		
0x01C6	0x8E83      	BSF         LCD_D7, BitPos(LCD_D7+0) 
;__Lib_Lcd.c,172 :: 		
0x01C8	0x8C83      	BSF         LCD_D6, BitPos(LCD_D6+0) 
;__Lib_Lcd.c,173 :: 		
0x01CA	0x8A83      	BSF         LCD_D5, BitPos(LCD_D5+0) 
;__Lib_Lcd.c,174 :: 		
0x01CC	0x8883      	BSF         LCD_D4, BitPos(LCD_D4+0) 
;__Lib_Lcd.c,175 :: 		
0x01CE	0x8683      	BSF         LCD_EN, BitPos(LCD_EN+0) 
;__Lib_Lcd.c,176 :: 		
0x01D0	0xDF35      	RCALL       _Delay_1us
;__Lib_Lcd.c,177 :: 		
0x01D2	0x9683      	BCF         LCD_EN, BitPos(LCD_EN+0) 
;__Lib_Lcd.c,179 :: 		
0x01D4	0xDF23      	RCALL       _Delay_5500us
;__Lib_Lcd.c,181 :: 		
0x01D6	0x0100      	MOVLB       0
0x01D8	0x8160      	BSF         __Lib_Lcd_cmd_status, BitPos(__Lib_Lcd_cmd_status+0), 1
;__Lib_Lcd.c,182 :: 		
L_end_Lcd_Init:
0x01DA	0x0012      	RETURN      0
; end of _Lcd_Init
___CC2DW:
;__Lib_System.c,21 :: 		
;__Lib_System.c,23 :: 		
_CC2DL_Loop1:
;__Lib_System.c,24 :: 		
0x01DC	0x0009      	TBLRD*+
;__Lib_System.c,25 :: 		
0x01DE	0xFFE6CFF5  	MOVFF       TABLAT, POSTINC1
;__Lib_System.c,26 :: 		
0x01E2	0x0600      	DECF        R0, 1, 0
;__Lib_System.c,27 :: 		
0x01E4	0xE1FB      	BNZ         _CC2DL_Loop1
;__Lib_System.c,28 :: 		
0x01E6	0x0601      	DECF        R1, 1, 0
;__Lib_System.c,29 :: 		
0x01E8	0xE1F9      	BNZ         _CC2DL_Loop1
;__Lib_System.c,31 :: 		
L_end___CC2DW:
0x01EA	0x0012      	RETURN      0
; end of ___CC2DW
_Keypad_Init:
;__Lib_Keypad4x4.c,34 :: 		
;__Lib_Keypad4x4.c,35 :: 		
0x01EC	0x0E12      	MOVLW       18
0x01EE	0x6E00      	MOVWF       R0 
0x01F0	0x0E00      	MOVLW       0
0x01F2	0x6E01      	MOVWF       R1 
0x01F4	0x0E81      	MOVLW       keypadPort
0x01F6	0x2400      	ADDWF       R0, 0 
0x01F8	0x6EE1      	MOVWF       FSR1L 
0x01FA	0x0E0F      	MOVLW       hi_addr(keypadPort)
0x01FC	0x2001      	ADDWFC      R1, 0 
0x01FE	0x6EE2      	MOVWF       FSR1H 
0x0200	0x0EFF      	MOVLW       255
0x0202	0x6EE6      	MOVWF       POSTINC1 
;__Lib_Keypad4x4.c,36 :: 		
L_end_Keypad_Init:
0x0204	0x0012      	RETURN      0
; end of _Keypad_Init
_Lcd_Chr:
;__Lib_Lcd.c,65 :: 		
;__Lib_Lcd.c,66 :: 		
0x0206	0xD010      	BRA         L_Lcd_Chr4
;__Lib_Lcd.c,67 :: 		
L_Lcd_Chr6:
0x0208	0x0E80      	MOVLW       128
0x020A	0x0100      	MOVLB       0
0x020C	0x6F61      	MOVWF       FARG_Lcd_Chr_row, 1
0x020E	0xD01A      	BRA         L_Lcd_Chr5
;__Lib_Lcd.c,68 :: 		
L_Lcd_Chr7:
0x0210	0x0EC0      	MOVLW       192
0x0212	0x6F61      	MOVWF       FARG_Lcd_Chr_row, 1
0x0214	0xD017      	BRA         L_Lcd_Chr5
;__Lib_Lcd.c,69 :: 		
L_Lcd_Chr8:
0x0216	0x0E94      	MOVLW       148
0x0218	0x6F61      	MOVWF       FARG_Lcd_Chr_row, 1
0x021A	0xD014      	BRA         L_Lcd_Chr5
;__Lib_Lcd.c,70 :: 		
L_Lcd_Chr9:
0x021C	0x0ED4      	MOVLW       212
0x021E	0x6F61      	MOVWF       FARG_Lcd_Chr_row, 1
0x0220	0xD011      	BRA         L_Lcd_Chr5
;__Lib_Lcd.c,71 :: 		
L_Lcd_Chr10:
0x0222	0x0E80      	MOVLW       128
0x0224	0x6F61      	MOVWF       FARG_Lcd_Chr_row, 1
;__Lib_Lcd.c,72 :: 		
0x0226	0xD00E      	BRA         L_Lcd_Chr5
L_Lcd_Chr4:
0x0228	0x0100      	MOVLB       0
0x022A	0x5161      	MOVF        FARG_Lcd_Chr_row, 0, 1
0x022C	0x0A01      	XORLW       1
0x022E	0xE0EC      	BZ          L_Lcd_Chr6
0x0230	0x5161      	MOVF        FARG_Lcd_Chr_row, 0, 1
0x0232	0x0A02      	XORLW       2
0x0234	0xE0ED      	BZ          L_Lcd_Chr7
0x0236	0x5161      	MOVF        FARG_Lcd_Chr_row, 0, 1
0x0238	0x0A03      	XORLW       3
0x023A	0xE0ED      	BZ          L_Lcd_Chr8
0x023C	0x5161      	MOVF        FARG_Lcd_Chr_row, 0, 1
0x023E	0x0A04      	XORLW       4
0x0240	0xE0ED      	BZ          L_Lcd_Chr9
0x0242	0xD7EF      	BRA         L_Lcd_Chr10
L_Lcd_Chr5:
;__Lib_Lcd.c,74 :: 		
0x0244	0x0562      	DECF        FARG_Lcd_Chr_column, 0, 1
0x0246	0x6E00      	MOVWF       R0 
0x0248	0x5161      	MOVF        FARG_Lcd_Chr_row, 0, 1
0x024A	0x2600      	ADDWF       R0, 1 
0x024C	0xF061C000  	MOVFF       R0, FARG_Lcd_Chr_row
;__Lib_Lcd.c,76 :: 		
0x0250	0x8160      	BSF         __Lib_Lcd_cmd_status, BitPos(__Lib_Lcd_cmd_status+0), 1
;__Lib_Lcd.c,77 :: 		
0x0252	0xF06BC000  	MOVFF       R0, FARG_Lcd_Cmd_out_char
0x0256	0xDEF5      	RCALL       _Lcd_Cmd
;__Lib_Lcd.c,79 :: 		
0x0258	0x9160      	BCF         __Lib_Lcd_cmd_status, BitPos(__Lib_Lcd_cmd_status+0), 1
;__Lib_Lcd.c,80 :: 		
0x025A	0xF06BC063  	MOVFF       FARG_Lcd_Chr_out_char, FARG_Lcd_Cmd_out_char
0x025E	0xDEF1      	RCALL       _Lcd_Cmd
;__Lib_Lcd.c,81 :: 		
0x0260	0x8160      	BSF         __Lib_Lcd_cmd_status, BitPos(__Lib_Lcd_cmd_status+0), 1
;__Lib_Lcd.c,82 :: 		
L_end_Lcd_Chr:
0x0262	0x0012      	RETURN      0
; end of _Lcd_Chr
_Keypad_Key_Click:
;__Lib_Keypad4x4.c,77 :: 		
;__Lib_Keypad4x4.c,81 :: 		
0x0264	0xDF3A      	RCALL       _Keypad_Key_Press
0x0266	0xF061C000  	MOVFF       R0, Keypad_Key_Click_rslt_L0
;__Lib_Keypad4x4.c,83 :: 		
L_Keypad_Key_Click5:
0x026A	0x0E0F      	MOVLW       15
0x026C	0x1481      	ANDWF       keypadPort, 0 
0x026E	0x6E00      	MOVWF       R0 
0x0270	0xE002      	BZ          L_Keypad_Key_Click6
;__Lib_Keypad4x4.c,84 :: 		
0x0272	0xDF26      	RCALL       _Delay_10us
0x0274	0xD7FA      	BRA         L_Keypad_Key_Click5
L_Keypad_Key_Click6:
;__Lib_Keypad4x4.c,86 :: 		
0x0276	0xF000C061  	MOVFF       Keypad_Key_Click_rslt_L0, R0
;__Lib_Keypad4x4.c,87 :: 		
L_end_Keypad_Key_Click:
0x027A	0x0012      	RETURN      0
; end of _Keypad_Key_Click
_Lcd_Out:
;__Lib_Lcd.c,184 :: 		
;__Lib_Lcd.c,187 :: 		
0x027C	0xD010      	BRA         L_Lcd_Out11
;__Lib_Lcd.c,188 :: 		
L_Lcd_Out13:
0x027E	0x0E80      	MOVLW       128
0x0280	0x0100      	MOVLB       0
0x0282	0x6F61      	MOVWF       FARG_Lcd_Out_row, 1
0x0284	0xD01A      	BRA         L_Lcd_Out12
;__Lib_Lcd.c,189 :: 		
L_Lcd_Out14:
0x0286	0x0EC0      	MOVLW       192
0x0288	0x6F61      	MOVWF       FARG_Lcd_Out_row, 1
0x028A	0xD017      	BRA         L_Lcd_Out12
;__Lib_Lcd.c,190 :: 		
L_Lcd_Out15:
0x028C	0x0E94      	MOVLW       148
0x028E	0x6F61      	MOVWF       FARG_Lcd_Out_row, 1
0x0290	0xD014      	BRA         L_Lcd_Out12
;__Lib_Lcd.c,191 :: 		
L_Lcd_Out16:
0x0292	0x0ED4      	MOVLW       212
0x0294	0x6F61      	MOVWF       FARG_Lcd_Out_row, 1
0x0296	0xD011      	BRA         L_Lcd_Out12
;__Lib_Lcd.c,192 :: 		
L_Lcd_Out17:
0x0298	0x0E80      	MOVLW       128
0x029A	0x6F61      	MOVWF       FARG_Lcd_Out_row, 1
;__Lib_Lcd.c,193 :: 		
0x029C	0xD00E      	BRA         L_Lcd_Out12
L_Lcd_Out11:
0x029E	0x0100      	MOVLB       0
0x02A0	0x5161      	MOVF        FARG_Lcd_Out_row, 0, 1
0x02A2	0x0A01      	XORLW       1
0x02A4	0xE0EC      	BZ          L_Lcd_Out13
0x02A6	0x5161      	MOVF        FARG_Lcd_Out_row, 0, 1
0x02A8	0x0A02      	XORLW       2
0x02AA	0xE0ED      	BZ          L_Lcd_Out14
0x02AC	0x5161      	MOVF        FARG_Lcd_Out_row, 0, 1
0x02AE	0x0A03      	XORLW       3
0x02B0	0xE0ED      	BZ          L_Lcd_Out15
0x02B2	0x5161      	MOVF        FARG_Lcd_Out_row, 0, 1
0x02B4	0x0A04      	XORLW       4
0x02B6	0xE0ED      	BZ          L_Lcd_Out16
0x02B8	0xD7EF      	BRA         L_Lcd_Out17
L_Lcd_Out12:
;__Lib_Lcd.c,194 :: 		
0x02BA	0x0562      	DECF        FARG_Lcd_Out_column, 0, 1
0x02BC	0x6E00      	MOVWF       R0 
0x02BE	0x5161      	MOVF        FARG_Lcd_Out_row, 0, 1
0x02C0	0x2600      	ADDWF       R0, 1 
0x02C2	0xF061C000  	MOVFF       R0, FARG_Lcd_Out_row
;__Lib_Lcd.c,196 :: 		
0x02C6	0xF06BC000  	MOVFF       R0, FARG_Lcd_Cmd_out_char
0x02CA	0xDEBB      	RCALL       _Lcd_Cmd
;__Lib_Lcd.c,197 :: 		
0x02CC	0x9160      	BCF         __Lib_Lcd_cmd_status, BitPos(__Lib_Lcd_cmd_status+0), 1
;__Lib_Lcd.c,198 :: 		
0x02CE	0x6B65      	CLRF        Lcd_Out_i_L0, 1
;__Lib_Lcd.c,199 :: 		
L_Lcd_Out18:
0x02D0	0x5165      	MOVF        Lcd_Out_i_L0, 0, 1
0x02D2	0x2563      	ADDWF       FARG_Lcd_Out_text, 0, 1
0x02D4	0x6EE9      	MOVWF       FSR0L 
0x02D6	0x0E00      	MOVLW       0
0x02D8	0x2164      	ADDWFC      FARG_Lcd_Out_text+1, 0, 1
0x02DA	0x6EEA      	MOVWF       FSR0H 
0x02DC	0x52EE      	MOVF        POSTINC0, 1 
0x02DE	0xE00B      	BZ          L_Lcd_Out19
;__Lib_Lcd.c,200 :: 		
0x02E0	0x5165      	MOVF        Lcd_Out_i_L0, 0, 1
0x02E2	0x2563      	ADDWF       FARG_Lcd_Out_text, 0, 1
0x02E4	0x6EE9      	MOVWF       FSR0L 
0x02E6	0x0E00      	MOVLW       0
0x02E8	0x2164      	ADDWFC      FARG_Lcd_Out_text+1, 0, 1
0x02EA	0x6EEA      	MOVWF       FSR0H 
0x02EC	0xF066CFEE  	MOVFF       POSTINC0, FARG_Lcd_Chr_CP_out_char
0x02F0	0xDEED      	RCALL       _Lcd_Chr_CP
0x02F2	0x2B65      	INCF        Lcd_Out_i_L0, 1, 1
0x02F4	0xD7ED      	BRA         L_Lcd_Out18
L_Lcd_Out19:
;__Lib_Lcd.c,201 :: 		
0x02F6	0x8160      	BSF         __Lib_Lcd_cmd_status, BitPos(__Lib_Lcd_cmd_status+0), 1
;__Lib_Lcd.c,202 :: 		
L_end_Lcd_Out:
0x02F8	0x0012      	RETURN      0
; end of _Lcd_Out
_main:
0x02FA	0xF002ECA5  	CALL        1354, 0
;Estacionamiento.c,24 :: 		void main() {
;Estacionamiento.c,25 :: 		Keypad_Init();                           // Initialize Keypad
0x02FE	0xDF76      	RCALL       _Keypad_Init
;Estacionamiento.c,27 :: 		TRISC.F0 = 1;
0x0300	0x8094      	BSF         TRISC, 0 
;Estacionamiento.c,28 :: 		TRISC.F1 = 0;
0x0302	0x9294      	BCF         TRISC, 1 
;Estacionamiento.c,29 :: 		TRISC.F2 = 0;
0x0304	0x9494      	BCF         TRISC, 2 
;Estacionamiento.c,30 :: 		PORTC.F0 = 0;
0x0306	0x9082      	BCF         PORTC, 0 
;Estacionamiento.c,31 :: 		PORTC.F1 = 0;
0x0308	0x9282      	BCF         PORTC, 1 
;Estacionamiento.c,32 :: 		PORTC.F2 = 0;
0x030A	0x9482      	BCF         PORTC, 2 
;Estacionamiento.c,34 :: 		Lcd_Init();                              // Initialize LCD
0x030C	0xDF1B      	RCALL       _Lcd_Init
;Estacionamiento.c,35 :: 		Lcd_Cmd(_LCD_CLEAR);                     // Clear display
0x030E	0x0E01      	MOVLW       1
0x0310	0x6F6B      	MOVWF       FARG_Lcd_Cmd_out_char, 1
0x0312	0xDE97      	RCALL       _Lcd_Cmd
;Estacionamiento.c,36 :: 		Lcd_Cmd(_LCD_CURSOR_OFF);                // Cursor off
0x0314	0x0E0C      	MOVLW       12
0x0316	0x6F6B      	MOVWF       FARG_Lcd_Cmd_out_char, 1
0x0318	0xDE94      	RCALL       _Lcd_Cmd
;Estacionamiento.c,39 :: 		while(1){
L_main0:
;Estacionamiento.c,41 :: 		while(PORTC.F0 == 1){
L_main2:
0x031A	0xA082      	BTFSS       PORTC, 0 
0x031C	0xD0EF      	BRA         L_main3
;Estacionamiento.c,42 :: 		kp=0;
0x031E	0x6A5F      	CLRF        _kp 
;Estacionamiento.c,44 :: 		Lcd_Cmd(_LCD_CLEAR);
0x0320	0x0E01      	MOVLW       1
0x0322	0x6F6B      	MOVWF       FARG_Lcd_Cmd_out_char, 1
0x0324	0xDE8E      	RCALL       _Lcd_Cmd
;Estacionamiento.c,45 :: 		Lcd_Out(1,3,"Estacionados");
0x0326	0x0E01      	MOVLW       1
0x0328	0x6F61      	MOVWF       FARG_Lcd_Out_row, 1
0x032A	0x0E03      	MOVLW       3
0x032C	0x6F62      	MOVWF       FARG_Lcd_Out_column, 1
0x032E	0x0E2E      	MOVLW       ?lstr1_Estacionamiento
0x0330	0x6F63      	MOVWF       FARG_Lcd_Out_text, 1
0x0332	0x0E00      	MOVLW       hi_addr(?lstr1_Estacionamiento)
0x0334	0x6F64      	MOVWF       FARG_Lcd_Out_text+1, 1
0x0336	0xDFA2      	RCALL       _Lcd_Out
;Estacionamiento.c,46 :: 		if(dispo > 0){
0x0338	0x0E80      	MOVLW       128
0x033A	0x6E00      	MOVWF       R0 
0x033C	0x0E80      	MOVLW       128
0x033E	0x183C      	XORWF       _dispo+1, 0 
0x0340	0x5C00      	SUBWF       R0, 0 
0x0342	0xE102      	BNZ         L__main36
0x0344	0x503B      	MOVF        _dispo, 0 
0x0346	0x0800      	SUBLW       0
L__main36:
0x0348	0xE203      	BC          L_main4
;Estacionamiento.c,47 :: 		PORTC.F2 = 0;
0x034A	0x9482      	BCF         PORTC, 2 
;Estacionamiento.c,48 :: 		PORTC.F1 = 1;
0x034C	0x8282      	BSF         PORTC, 1 
;Estacionamiento.c,49 :: 		}else if(dispo ==0){
0x034E	0xD008      	BRA         L_main5
L_main4:
0x0350	0x0E00      	MOVLW       0
0x0352	0x183C      	XORWF       _dispo+1, 0 
0x0354	0xE102      	BNZ         L__main37
0x0356	0x0E00      	MOVLW       0
0x0358	0x183B      	XORWF       _dispo, 0 
L__main37:
0x035A	0xE102      	BNZ         L_main6
;Estacionamiento.c,50 :: 		PORTC.F1 = 0;
0x035C	0x9282      	BCF         PORTC, 1 
;Estacionamiento.c,51 :: 		PORTC.F2 = 1;
0x035E	0x8482      	BSF         PORTC, 2 
;Estacionamiento.c,52 :: 		}
L_main6:
L_main5:
;Estacionamiento.c,53 :: 		Lcd_Chr(2,3,num[dispo]);
0x0360	0x0E02      	MOVLW       2
0x0362	0x6F61      	MOVWF       FARG_Lcd_Chr_row, 1
0x0364	0x0E03      	MOVLW       3
0x0366	0x6F62      	MOVWF       FARG_Lcd_Chr_column, 1
0x0368	0x0E15      	MOVLW       _num
0x036A	0x243B      	ADDWF       _dispo, 0 
0x036C	0x6EE9      	MOVWF       FSR0L 
0x036E	0x0E00      	MOVLW       hi_addr(_num)
0x0370	0x203C      	ADDWFC      _dispo+1, 0 
0x0372	0x6EEA      	MOVWF       FSR0H 
0x0374	0xF063CFEE  	MOVFF       POSTINC0, FARG_Lcd_Chr_out_char
0x0378	0xDF46      	RCALL       _Lcd_Chr
;Estacionamiento.c,56 :: 		do{
L_main7:
;Estacionamiento.c,57 :: 		kp = Keypad_Key_Click();
0x037A	0xDF74      	RCALL       _Keypad_Key_Click
0x037C	0xF05FC000  	MOVFF       R0, _kp
;Estacionamiento.c,58 :: 		}while( (!kp) && (PORTC.F0 == 1));
0x0380	0x5200      	MOVF        R0, 1 
0x0382	0xE103      	BNZ         L__main34
0x0384	0xA082      	BTFSS       PORTC, 0 
0x0386	0xD001      	BRA         L__main34
0x0388	0xD7F8      	BRA         L_main7
L__main34:
;Estacionamiento.c,61 :: 		if( (kp == 4) && (PORTC.F0 == 1) ){
0x038A	0x505F      	MOVF        _kp, 0 
0x038C	0x0A04      	XORLW       4
0x038E	0xE13F      	BNZ         L_main14
0x0390	0xA082      	BTFSS       PORTC, 0 
0x0392	0xD03D      	BRA         L_main14
L__main33:
;Estacionamiento.c,62 :: 		if( dispo > 0 ){
0x0394	0x0E80      	MOVLW       128
0x0396	0x6E00      	MOVWF       R0 
0x0398	0x0E80      	MOVLW       128
0x039A	0x183C      	XORWF       _dispo+1, 0 
0x039C	0x5C00      	SUBWF       R0, 0 
0x039E	0xE102      	BNZ         L__main38
0x03A0	0x503B      	MOVF        _dispo, 0 
0x03A2	0x0800      	SUBLW       0
L__main38:
0x03A4	0xE21C      	BC          L_main15
;Estacionamiento.c,63 :: 		dispo = dispo-1;
0x03A6	0x0E01      	MOVLW       1
0x03A8	0x5E3B      	SUBWF       _dispo, 1 
0x03AA	0x0E00      	MOVLW       0
0x03AC	0x5A3C      	SUBWFB      _dispo+1, 1 
;Estacionamiento.c,64 :: 		Lcd_Out(2,1,"Exito");
0x03AE	0x0E02      	MOVLW       2
0x03B0	0x6F61      	MOVWF       FARG_Lcd_Out_row, 1
0x03B2	0x0E01      	MOVLW       1
0x03B4	0x6F62      	MOVWF       FARG_Lcd_Out_column, 1
0x03B6	0x0E22      	MOVLW       ?lstr2_Estacionamiento
0x03B8	0x6F63      	MOVWF       FARG_Lcd_Out_text, 1
0x03BA	0x0E00      	MOVLW       hi_addr(?lstr2_Estacionamiento)
0x03BC	0x6F64      	MOVWF       FARG_Lcd_Out_text+1, 1
0x03BE	0xDF5E      	RCALL       _Lcd_Out
;Estacionamiento.c,65 :: 		Delay_ms(300);
0x03C0	0x0E04      	MOVLW       4
0x03C2	0x6E0B      	MOVWF       R11, 0
0x03C4	0x0E0C      	MOVLW       12
0x03C6	0x6E0C      	MOVWF       R12, 0
0x03C8	0x0E33      	MOVLW       51
0x03CA	0x6E0D      	MOVWF       R13, 0
L_main16:
0x03CC	0x2E0D      	DECFSZ      R13, 1, 0
0x03CE	0xD7FE      	BRA         L_main16
0x03D0	0x2E0C      	DECFSZ      R12, 1, 0
0x03D2	0xD7FC      	BRA         L_main16
0x03D4	0x2E0B      	DECFSZ      R11, 1, 0
0x03D6	0xD7FA      	BRA         L_main16
0x03D8	0x0000      	NOP
0x03DA	0x0000      	NOP
;Estacionamiento.c,66 :: 		}else{
0x03DC	0xD017      	BRA         L_main17
L_main15:
;Estacionamiento.c,67 :: 		Lcd_Out(2,1,"Lleno");
0x03DE	0x0E02      	MOVLW       2
0x03E0	0x6F61      	MOVWF       FARG_Lcd_Out_row, 1
0x03E2	0x0E01      	MOVLW       1
0x03E4	0x6F62      	MOVWF       FARG_Lcd_Out_column, 1
0x03E6	0x0E28      	MOVLW       ?lstr3_Estacionamiento
0x03E8	0x6F63      	MOVWF       FARG_Lcd_Out_text, 1
0x03EA	0x0E00      	MOVLW       hi_addr(?lstr3_Estacionamiento)
0x03EC	0x6F64      	MOVWF       FARG_Lcd_Out_text+1, 1
0x03EE	0xDF46      	RCALL       _Lcd_Out
;Estacionamiento.c,68 :: 		Delay_ms(300);
0x03F0	0x0E04      	MOVLW       4
0x03F2	0x6E0B      	MOVWF       R11, 0
0x03F4	0x0E0C      	MOVLW       12
0x03F6	0x6E0C      	MOVWF       R12, 0
0x03F8	0x0E33      	MOVLW       51
0x03FA	0x6E0D      	MOVWF       R13, 0
L_main18:
0x03FC	0x2E0D      	DECFSZ      R13, 1, 0
0x03FE	0xD7FE      	BRA         L_main18
0x0400	0x2E0C      	DECFSZ      R12, 1, 0
0x0402	0xD7FC      	BRA         L_main18
0x0404	0x2E0B      	DECFSZ      R11, 1, 0
0x0406	0xD7FA      	BRA         L_main18
0x0408	0x0000      	NOP
0x040A	0x0000      	NOP
;Estacionamiento.c,69 :: 		}
L_main17:
;Estacionamiento.c,70 :: 		}else if( (kp == 2) && (PORTC.F0 == 1) ){
0x040C	0xD076      	BRA         L_main19
L_main14:
0x040E	0x505F      	MOVF        _kp, 0 
0x0410	0x0A02      	XORLW       2
0x0412	0xE13D      	BNZ         L_main22
0x0414	0xA082      	BTFSS       PORTC, 0 
0x0416	0xD03B      	BRA         L_main22
L__main32:
;Estacionamiento.c,71 :: 		if(dispo < 12){
0x0418	0x0E80      	MOVLW       128
0x041A	0x183C      	XORWF       _dispo+1, 0 
0x041C	0x6E00      	MOVWF       R0 
0x041E	0x0E80      	MOVLW       128
0x0420	0x5C00      	SUBWF       R0, 0 
0x0422	0xE102      	BNZ         L__main39
0x0424	0x0E0C      	MOVLW       12
0x0426	0x5C3B      	SUBWF       _dispo, 0 
L__main39:
0x0428	0xE21A      	BC          L_main23
;Estacionamiento.c,72 :: 		dispo = dispo+1;
0x042A	0x4A3B      	INFSNZ      _dispo, 1 
0x042C	0x2A3C      	INCF        _dispo+1, 1 
;Estacionamiento.c,73 :: 		Lcd_Out(2,1,"Exito");
0x042E	0x0E02      	MOVLW       2
0x0430	0x6F61      	MOVWF       FARG_Lcd_Out_row, 1
0x0432	0x0E01      	MOVLW       1
0x0434	0x6F62      	MOVWF       FARG_Lcd_Out_column, 1
0x0436	0x0E3D      	MOVLW       ?lstr4_Estacionamiento
0x0438	0x6F63      	MOVWF       FARG_Lcd_Out_text, 1
0x043A	0x0E00      	MOVLW       hi_addr(?lstr4_Estacionamiento)
0x043C	0x6F64      	MOVWF       FARG_Lcd_Out_text+1, 1
0x043E	0xDF1E      	RCALL       _Lcd_Out
;Estacionamiento.c,74 :: 		Delay_ms(300);
0x0440	0x0E04      	MOVLW       4
0x0442	0x6E0B      	MOVWF       R11, 0
0x0444	0x0E0C      	MOVLW       12
0x0446	0x6E0C      	MOVWF       R12, 0
0x0448	0x0E33      	MOVLW       51
0x044A	0x6E0D      	MOVWF       R13, 0
L_main24:
0x044C	0x2E0D      	DECFSZ      R13, 1, 0
0x044E	0xD7FE      	BRA         L_main24
0x0450	0x2E0C      	DECFSZ      R12, 1, 0
0x0452	0xD7FC      	BRA         L_main24
0x0454	0x2E0B      	DECFSZ      R11, 1, 0
0x0456	0xD7FA      	BRA         L_main24
0x0458	0x0000      	NOP
0x045A	0x0000      	NOP
;Estacionamiento.c,75 :: 		}else{
0x045C	0xD017      	BRA         L_main25
L_main23:
;Estacionamiento.c,76 :: 		Lcd_Out(2,1,"Vacio");
0x045E	0x0E02      	MOVLW       2
0x0460	0x6F61      	MOVWF       FARG_Lcd_Out_row, 1
0x0462	0x0E01      	MOVLW       1
0x0464	0x6F62      	MOVWF       FARG_Lcd_Out_column, 1
0x0466	0x0E59      	MOVLW       ?lstr5_Estacionamiento
0x0468	0x6F63      	MOVWF       FARG_Lcd_Out_text, 1
0x046A	0x0E00      	MOVLW       hi_addr(?lstr5_Estacionamiento)
0x046C	0x6F64      	MOVWF       FARG_Lcd_Out_text+1, 1
0x046E	0xDF06      	RCALL       _Lcd_Out
;Estacionamiento.c,77 :: 		Delay_ms(300);
0x0470	0x0E04      	MOVLW       4
0x0472	0x6E0B      	MOVWF       R11, 0
0x0474	0x0E0C      	MOVLW       12
0x0476	0x6E0C      	MOVWF       R12, 0
0x0478	0x0E33      	MOVLW       51
0x047A	0x6E0D      	MOVWF       R13, 0
L_main26:
0x047C	0x2E0D      	DECFSZ      R13, 1, 0
0x047E	0xD7FE      	BRA         L_main26
0x0480	0x2E0C      	DECFSZ      R12, 1, 0
0x0482	0xD7FC      	BRA         L_main26
0x0484	0x2E0B      	DECFSZ      R11, 1, 0
0x0486	0xD7FA      	BRA         L_main26
0x0488	0x0000      	NOP
0x048A	0x0000      	NOP
;Estacionamiento.c,78 :: 		}
L_main25:
;Estacionamiento.c,79 :: 		}else if( (PORTC.F0 == 0) ){
0x048C	0xD036      	BRA         L_main27
L_main22:
0x048E	0xB082      	BTFSC       PORTC, 0 
0x0490	0xD01A      	BRA         L_main28
;Estacionamiento.c,80 :: 		Lcd_Out(2,1,"Cerrado");
0x0492	0x0E02      	MOVLW       2
0x0494	0x6F61      	MOVWF       FARG_Lcd_Out_row, 1
0x0496	0x0E01      	MOVLW       1
0x0498	0x6F62      	MOVWF       FARG_Lcd_Out_column, 1
0x049A	0x0E43      	MOVLW       ?lstr6_Estacionamiento
0x049C	0x6F63      	MOVWF       FARG_Lcd_Out_text, 1
0x049E	0x0E00      	MOVLW       hi_addr(?lstr6_Estacionamiento)
0x04A0	0x6F64      	MOVWF       FARG_Lcd_Out_text+1, 1
0x04A2	0xDEEC      	RCALL       _Lcd_Out
;Estacionamiento.c,81 :: 		Delay_ms(300);
0x04A4	0x0E04      	MOVLW       4
0x04A6	0x6E0B      	MOVWF       R11, 0
0x04A8	0x0E0C      	MOVLW       12
0x04AA	0x6E0C      	MOVWF       R12, 0
0x04AC	0x0E33      	MOVLW       51
0x04AE	0x6E0D      	MOVWF       R13, 0
L_main29:
0x04B0	0x2E0D      	DECFSZ      R13, 1, 0
0x04B2	0xD7FE      	BRA         L_main29
0x04B4	0x2E0C      	DECFSZ      R12, 1, 0
0x04B6	0xD7FC      	BRA         L_main29
0x04B8	0x2E0B      	DECFSZ      R11, 1, 0
0x04BA	0xD7FA      	BRA         L_main29
0x04BC	0x0000      	NOP
0x04BE	0x0000      	NOP
;Estacionamiento.c,82 :: 		PORTC.F1 = 0;
0x04C0	0x9282      	BCF         PORTC, 1 
;Estacionamiento.c,83 :: 		PORTC.F2 = 0;
0x04C2	0x9482      	BCF         PORTC, 2 
;Estacionamiento.c,84 :: 		}else{
0x04C4	0xD01A      	BRA         L_main30
L_main28:
;Estacionamiento.c,85 :: 		Lcd_Cmd(_LCD_CLEAR);
0x04C6	0x0E01      	MOVLW       1
0x04C8	0x6F6B      	MOVWF       FARG_Lcd_Cmd_out_char, 1
0x04CA	0xDDBB      	RCALL       _Lcd_Cmd
;Estacionamiento.c,86 :: 		Lcd_Out(2,1,"Error Entrada");
0x04CC	0x0E02      	MOVLW       2
0x04CE	0x6F61      	MOVWF       FARG_Lcd_Out_row, 1
0x04D0	0x0E01      	MOVLW       1
0x04D2	0x6F62      	MOVWF       FARG_Lcd_Out_column, 1
0x04D4	0x0E4B      	MOVLW       ?lstr7_Estacionamiento
0x04D6	0x6F63      	MOVWF       FARG_Lcd_Out_text, 1
0x04D8	0x0E00      	MOVLW       hi_addr(?lstr7_Estacionamiento)
0x04DA	0x6F64      	MOVWF       FARG_Lcd_Out_text+1, 1
0x04DC	0xDECF      	RCALL       _Lcd_Out
;Estacionamiento.c,87 :: 		Delay_ms(300);
0x04DE	0x0E04      	MOVLW       4
0x04E0	0x6E0B      	MOVWF       R11, 0
0x04E2	0x0E0C      	MOVLW       12
0x04E4	0x6E0C      	MOVWF       R12, 0
0x04E6	0x0E33      	MOVLW       51
0x04E8	0x6E0D      	MOVWF       R13, 0
L_main31:
0x04EA	0x2E0D      	DECFSZ      R13, 1, 0
0x04EC	0xD7FE      	BRA         L_main31
0x04EE	0x2E0C      	DECFSZ      R12, 1, 0
0x04F0	0xD7FC      	BRA         L_main31
0x04F2	0x2E0B      	DECFSZ      R11, 1, 0
0x04F4	0xD7FA      	BRA         L_main31
0x04F6	0x0000      	NOP
0x04F8	0x0000      	NOP
;Estacionamiento.c,88 :: 		}
L_main30:
L_main27:
L_main19:
;Estacionamiento.c,90 :: 		}
0x04FA	0xD70F      	BRA         L_main2
L_main3:
;Estacionamiento.c,94 :: 		}
0x04FC	0xD70E      	BRA         L_main0
;Estacionamiento.c,95 :: 		}
L_end_main:
0x04FE	0xD7FF      	BRA         $+0
; end of _main
0x054A	0xF015EE10  	LFSR        1, 21
0x054E	0x0E4A      	MOVLW       74
0x0550	0x6E00      	MOVWF       R0 
0x0552	0x0E01      	MOVLW       1
0x0554	0x6E01      	MOVWF       R1 
0x0556	0x0E00      	MOVLW       0
0x0558	0x6EF6      	MOVWF       4086 
0x055A	0x0E05      	MOVLW       5
0x055C	0x6EF7      	MOVWF       TBLPTRH 
0x055E	0x0E00      	MOVLW       0
0x0560	0x6EF8      	MOVWF       TBLPTRU 
0x0562	0xF000ECEE  	CALL        476, 0
0x0566	0x0012      	RETURN      0
;Estacionamiento.c,0 :: ?ICS_num
0x0500	0x3130 ;?ICS_num+0
0x0502	0x3332 ;?ICS_num+2
0x0504	0x3534 ;?ICS_num+4
0x0506	0x3736 ;?ICS_num+6
0x0508	0x3938 ;?ICS_num+8
0x050A	0x4241 ;?ICS_num+10
0x050C	0x43 ;?ICS_num+12
; end of ?ICS_num
;Estacionamiento.c,0 :: ?ICS?lstr2_Estacionamiento
0x050D	0x7845 ;?ICS?lstr2_Estacionamiento+0
0x050F	0x7469 ;?ICS?lstr2_Estacionamiento+2
0x0511	0x006F ;?ICS?lstr2_Estacionamiento+4
; end of ?ICS?lstr2_Estacionamiento
;Estacionamiento.c,0 :: ?ICS?lstr3_Estacionamiento
0x0513	0x6C4C ;?ICS?lstr3_Estacionamiento+0
0x0515	0x6E65 ;?ICS?lstr3_Estacionamiento+2
0x0517	0x006F ;?ICS?lstr3_Estacionamiento+4
; end of ?ICS?lstr3_Estacionamiento
;Estacionamiento.c,0 :: ?ICS?lstr1_Estacionamiento
0x0519	0x7345 ;?ICS?lstr1_Estacionamiento+0
0x051B	0x6174 ;?ICS?lstr1_Estacionamiento+2
0x051D	0x6963 ;?ICS?lstr1_Estacionamiento+4
0x051F	0x6E6F ;?ICS?lstr1_Estacionamiento+6
0x0521	0x6461 ;?ICS?lstr1_Estacionamiento+8
0x0523	0x736F ;?ICS?lstr1_Estacionamiento+10
0x0525	0x00 ;?ICS?lstr1_Estacionamiento+12
; end of ?ICS?lstr1_Estacionamiento
;Estacionamiento.c,0 :: ?ICS_dispo
0x0526	0x000C ;?ICS_dispo+0
; end of ?ICS_dispo
;Estacionamiento.c,0 :: ?ICS?lstr4_Estacionamiento
0x0528	0x7845 ;?ICS?lstr4_Estacionamiento+0
0x052A	0x7469 ;?ICS?lstr4_Estacionamiento+2
0x052C	0x006F ;?ICS?lstr4_Estacionamiento+4
; end of ?ICS?lstr4_Estacionamiento
;Estacionamiento.c,0 :: ?ICS?lstr6_Estacionamiento
0x052E	0x6543 ;?ICS?lstr6_Estacionamiento+0
0x0530	0x7272 ;?ICS?lstr6_Estacionamiento+2
0x0532	0x6461 ;?ICS?lstr6_Estacionamiento+4
0x0534	0x006F ;?ICS?lstr6_Estacionamiento+6
; end of ?ICS?lstr6_Estacionamiento
;Estacionamiento.c,0 :: ?ICS?lstr7_Estacionamiento
0x0536	0x7245 ;?ICS?lstr7_Estacionamiento+0
0x0538	0x6F72 ;?ICS?lstr7_Estacionamiento+2
0x053A	0x2072 ;?ICS?lstr7_Estacionamiento+4
0x053C	0x6E45 ;?ICS?lstr7_Estacionamiento+6
0x053E	0x7274 ;?ICS?lstr7_Estacionamiento+8
0x0540	0x6461 ;?ICS?lstr7_Estacionamiento+10
0x0542	0x0061 ;?ICS?lstr7_Estacionamiento+12
; end of ?ICS?lstr7_Estacionamiento
;Estacionamiento.c,0 :: ?ICS?lstr5_Estacionamiento
0x0544	0x6156 ;?ICS?lstr5_Estacionamiento+0
0x0546	0x6963 ;?ICS?lstr5_Estacionamiento+2
0x0548	0x006F ;?ICS?lstr5_Estacionamiento+4
; end of ?ICS?lstr5_Estacionamiento
Symbol List:
//** Routines locations **
//ADDRESS    SIZE    PROCEDURE
//----------------------------------------------
0x001C      [22]    _Delay_5500us
0x0032      [10]    _Delay_50us
0x003C       [6]    _Delay_1us
0x0042     [126]    _Lcd_Cmd
0x00C0      [12]    _Delay_10us
0x00CC      [14]    _Lcd_Chr_CP
0x00DA     [106]    _Keypad_Key_Press
0x0144     [152]    _Lcd_Init
0x01DC      [16]    ___CC2DW
0x01EC      [26]    _Keypad_Init
0x0206      [94]    _Lcd_Chr
0x0264      [24]    _Keypad_Key_Click
0x027C     [126]    _Lcd_Out
0x02FA     [518]    _main
//** Variables locations ** 
//ADDRESS    SIZE    VARIABLE
//----------------------------------------------
0x0000       [1]    R0
0x0001       [1]    R1
0x0002       [1]    R2
0x0003       [1]    R3
0x0004       [1]    R4
0x0005       [1]    R5
0x0006       [1]    R6
0x0007       [1]    R7
0x0008       [1]    R8
0x0009       [1]    R9
0x000A       [1]    R10
0x000B       [1]    R11
0x000C       [1]    R12
0x000D       [1]    R13
0x000E       [1]    R14
0x000F       [1]    R15
0x0010       [1]    R16
0x0011       [1]    R17
0x0012       [1]    R18
0x0013       [1]    R19
0x0014       [1]    R20
0x0015      [13]    _num
0x0022       [6]    ?lstr2_Estacionamiento
0x0028       [6]    ?lstr3_Estacionamiento
0x002E      [13]    ?lstr1_Estacionamiento
0x003B       [2]    _dispo
0x003D       [6]    ?lstr4_Estacionamiento
0x0043       [8]    ?lstr6_Estacionamiento
0x004B      [14]    ?lstr7_Estacionamiento
0x0059       [6]    ?lstr5_Estacionamiento
0x005F       [1]    _kp
0x0060       [0]    __Lib_Lcd_cmd_status
0x0061       [1]    FARG_Lcd_Out_row
0x0061       [1]    FARG_Lcd_Chr_row
0x0061       [1]    Keypad_Key_Click_rslt_L0
0x0062       [1]    FARG_Lcd_Chr_column
0x0062       [1]    FARG_Lcd_Out_column
0x0063       [2]    FARG_Lcd_Out_text
0x0063       [1]    FARG_Lcd_Chr_out_char
0x0065       [1]    Lcd_Out_i_L0
0x0066       [1]    Keypad_Key_Press_rslt_L0
0x0066       [1]    FARG_Lcd_Chr_CP_out_char
0x0067       [1]    Keypad_Key_Press_kdata_L0
0x0068       [1]    Keypad_Key_Press_loc_L0
0x0069       [1]    Keypad_Key_Press_rowcnt_L0
0x006A       [1]    Keypad_Key_Press_shifter_L0
0x006B       [1]    FARG_Lcd_Cmd_out_char
0x0F81       [1]    keypadPort
0x0F81       [1]    PORTB
0x0F82       [1]    PORTC
0x0F83       [0]    RD4_bit
0x0F83       [0]    RD3_bit
0x0F83       [0]    RD2_bit
0x0F83       [0]    RD5_bit
0x0F83       [0]    RD7_bit
0x0F83       [0]    RD6_bit
0x0F83       [0]    LCD_D5
0x0F83       [0]    LCD_D6
0x0F83       [0]    LCD_D7
0x0F83       [0]    LCD_D4
0x0F83       [0]    LCD_RS
0x0F83       [0]    LCD_EN
0x0F94       [1]    TRISC
0x0F95       [0]    TRISD3_bit
0x0F95       [0]    TRISD4_bit
0x0F95       [0]    LCD_RS_Direction
0x0F95       [0]    TRISD2_bit
0x0F95       [0]    LCD_D6_Direction
0x0F95       [0]    LCD_D7_Direction
0x0F95       [0]    LCD_D5_Direction
0x0F95       [0]    LCD_EN_Direction
0x0F95       [0]    LCD_D4_Direction
0x0F95       [0]    TRISD6_bit
0x0F95       [0]    TRISD7_bit
0x0F95       [0]    TRISD5_bit
0x0FD8       [1]    STATUS
0x0FD9       [1]    FSR2L
0x0FDA       [1]    FSR2H
0x0FDE       [1]    POSTINC2
0x0FE0       [1]    BSR
0x0FE1       [1]    FSR1L
0x0FE2       [1]    FSR1H
0x0FE4       [1]    PREINC1
0x0FE6       [1]    POSTINC1
0x0FE7       [1]    INDF1
0x0FE8       [1]    WREG
0x0FE9       [1]    FSR0L
0x0FEA       [1]    FSR0H
0x0FEE       [1]    POSTINC0
0x0FF3       [1]    PRODL
0x0FF4       [1]    PRODH
0x0FF5       [1]    TABLAT
0x0FF6       [1]    TBLPTRL
0x0FF7       [1]    TBLPTRH
0x0FF8       [1]    TBLPTRU
//** Constants locations ** 
//ADDRESS    SIZE    CONSTANT
//----------------------------------------------
0x0500      [13]    ?ICS_num
0x050D       [6]    ?ICS?lstr2_Estacionamiento
0x0513       [6]    ?ICS?lstr3_Estacionamiento
0x0519      [13]    ?ICS?lstr1_Estacionamiento
0x0526       [2]    ?ICS_dispo
0x0528       [6]    ?ICS?lstr4_Estacionamiento
0x052E       [8]    ?ICS?lstr6_Estacionamiento
0x0536      [14]    ?ICS?lstr7_Estacionamiento
0x0544       [6]    ?ICS?lstr5_Estacionamiento
