;  LST file generated by mikroListExporter - v.2.0 
; Date/Time: 24/05/2017 01:46:59 p.m.
;----------------------------------------------

;Address Opcode 	ASM
0x0000	0xF000EF58  	GOTO        176
0x0004	0x0000      	NOP
0x0006	0x0000      	NOP
0x0008	0xF000EF00  	GOTO        0
0x000C	0x0000      	NOP
0x000E	0x0000      	NOP
0x0010	0x0000      	NOP
0x0012	0x0000      	NOP
0x0014	0x0000      	NOP
0x0016	0x0000      	NOP
0x0018	0xD7F3      	BRA         0
_Delay_500us:
;__Lib_Delays.c,27 :: 		void Delay_500us() {
;__Lib_Delays.c,28 :: 		Delay_us(498);
0x001C	0x0E02      	MOVLW       2
0x001E	0x6E0C      	MOVWF       R12, 0
0x0020	0x0E49      	MOVLW       73
0x0022	0x6E0D      	MOVWF       R13, 0
L_Delay_500us4:
0x0024	0x2E0D      	DECFSZ      R13, 1, 0
0x0026	0xD7FE      	BRA         L_Delay_500us4
0x0028	0x2E0C      	DECFSZ      R12, 1, 0
0x002A	0xD7FC      	BRA         L_Delay_500us4
0x002C	0x0000      	NOP
0x002E	0x0000      	NOP
;__Lib_Delays.c,29 :: 		}
L_end_Delay_500us:
0x0030	0x0012      	RETURN      0
; end of _Delay_500us
___CC2DW:
;__Lib_System.c,21 :: 		
;__Lib_System.c,23 :: 		
_CC2DL_Loop1:
;__Lib_System.c,24 :: 		
0x0032	0x0009      	TBLRD*+
;__Lib_System.c,25 :: 		
0x0034	0xFFE6CFF5  	MOVFF       TABLAT, POSTINC1
;__Lib_System.c,26 :: 		
0x0038	0x0600      	DECF        R0, 1, 0
;__Lib_System.c,27 :: 		
0x003A	0xE1FB      	BNZ         _CC2DL_Loop1
;__Lib_System.c,28 :: 		
0x003C	0x0601      	DECF        R1, 1, 0
;__Lib_System.c,29 :: 		
0x003E	0xE1F9      	BNZ         _CC2DL_Loop1
;__Lib_System.c,31 :: 		
L_end___CC2DW:
0x0040	0x0012      	RETURN      0
; end of ___CC2DW
_Button:
;__Lib_Button.c,6 :: 		
;__Lib_Button.c,8 :: 		
0x0042	0x6A1B      	CLRF        Button_rslt_L0 
;__Lib_Button.c,11 :: 		
0x0044	0xF001C017  	MOVFF       FARG_Button_pin, R1
0x0048	0x0E01      	MOVLW       1
0x004A	0x6E00      	MOVWF       R0 
0x004C	0x5001      	MOVF        R1, 0 
L__Button5:
0x004E	0xE004      	BZ          L__Button6
0x0050	0x3600      	RLCF        R0, 1 
0x0052	0x9000      	BCF         R0, 0 
0x0054	0x0FFF      	ADDLW       255
0x0056	0xD7FB      	BRA         L__Button5
L__Button6:
0x0058	0xF01AC000  	MOVFF       R0, Button_pMask_L0
;__Lib_Button.c,13 :: 		
0x005C	0xFFE9C015  	MOVFF       FARG_Button_port, FSR0L
0x0060	0xFFEAC016  	MOVFF       FARG_Button_port+1, FSR0H
0x0064	0x5000      	MOVF        R0, 0 
0x0066	0x14EE      	ANDWF       POSTINC0, 0 
0x0068	0x6E01      	MOVWF       R1 
0x006A	0x5201      	MOVF        R1, 1 
0x006C	0x0E01      	MOVLW       1
0x006E	0xA4D8      	BTFSS       STATUS, 2 
0x0070	0x0E00      	MOVLW       0
0x0072	0x6E00      	MOVWF       R0 
0x0074	0x5019      	MOVF        FARG_Button_active_state, 0 
0x0076	0x1A00      	XORWF       R0, 1 
0x0078	0xE018      	BZ          L_Button0
;__Lib_Button.c,15 :: 		
L_Button1:
0x007A	0x5018      	MOVF        FARG_Button_time_ms, 0 
0x007C	0x0800      	SUBLW       0
0x007E	0xE204      	BC          L_Button2
;__Lib_Button.c,16 :: 		
0x0080	0xDFCD      	RCALL       _Delay_500us
;__Lib_Button.c,17 :: 		
0x0082	0xDFCC      	RCALL       _Delay_500us
;__Lib_Button.c,18 :: 		
0x0084	0x0618      	DECF        FARG_Button_time_ms, 1 
;__Lib_Button.c,19 :: 		
0x0086	0xD7F9      	BRA         L_Button1
L_Button2:
;__Lib_Button.c,21 :: 		
0x0088	0xFFE9C015  	MOVFF       FARG_Button_port, FSR0L
0x008C	0xFFEAC016  	MOVFF       FARG_Button_port+1, FSR0H
0x0090	0x501A      	MOVF        Button_pMask_L0, 0 
0x0092	0x14EE      	ANDWF       POSTINC0, 0 
0x0094	0x6E01      	MOVWF       R1 
0x0096	0x5201      	MOVF        R1, 1 
0x0098	0x0E01      	MOVLW       1
0x009A	0xA4D8      	BTFSS       STATUS, 2 
0x009C	0x0E00      	MOVLW       0
0x009E	0x6E00      	MOVWF       R0 
0x00A0	0x5019      	MOVF        FARG_Button_active_state, 0 
0x00A2	0x1A00      	XORWF       R0, 1 
0x00A4	0xE002      	BZ          L_Button3
;__Lib_Button.c,22 :: 		
0x00A6	0x0EFF      	MOVLW       255
0x00A8	0x6E1B      	MOVWF       Button_rslt_L0 
L_Button3:
;__Lib_Button.c,23 :: 		
L_Button0:
;__Lib_Button.c,25 :: 		
0x00AA	0xF000C01B  	MOVFF       Button_rslt_L0, R0
;__Lib_Button.c,26 :: 		
L_end_Button:
0x00AE	0x0012      	RETURN      0
; end of _Button
_main:
;ledButton.c,2 :: 		void main() {
;ledButton.c,3 :: 		TRISA=1;
0x00B0	0x0E01      	MOVLW       1
0x00B2	0x6E92      	MOVWF       TRISA 
;ledButton.c,4 :: 		CMCON=7;
0x00B4	0x0E07      	MOVLW       7
0x00B6	0x6EB4      	MOVWF       CMCON 
;ledButton.c,5 :: 		ADCON1=15;
0x00B8	0x0E0F      	MOVLW       15
0x00BA	0x6EC1      	MOVWF       ADCON1 
;ledButton.c,8 :: 		while(1){
L_main0:
;ledButton.c,10 :: 		if(Button (&PORTA, 0, 100, 1)){
0x00BC	0x0E80      	MOVLW       PORTA
0x00BE	0x6E15      	MOVWF       FARG_Button_port 
0x00C0	0x0E0F      	MOVLW       hi_addr(PORTA)
0x00C2	0x6E16      	MOVWF       FARG_Button_port+1 
0x00C4	0x6A17      	CLRF        FARG_Button_pin 
0x00C6	0x0E64      	MOVLW       100
0x00C8	0x6E18      	MOVWF       FARG_Button_time_ms 
0x00CA	0x0E01      	MOVLW       1
0x00CC	0x6E19      	MOVWF       FARG_Button_active_state 
0x00CE	0xDFB9      	RCALL       _Button
0x00D0	0x5200      	MOVF        R0, 1 
0x00D2	0xA4D8      	BTFSS       STATUS, 2 
;ledButton.c,11 :: 		PORTA.F1=~PORTA.F1;
0x00D4	0x7280      	BTG         PORTA, 1 
;ledButton.c,12 :: 		}
L_main2:
;ledButton.c,13 :: 		}
0x00D6	0xD7F2      	BRA         L_main0
;ledButton.c,14 :: 		}
L_end_main:
0x00D8	0xD7FF      	BRA         $+0
; end of _main
Symbol List:
//** Routines locations **
//ADDRESS    SIZE    PROCEDURE
//----------------------------------------------
0x001C      [22]    _Delay_500us
0x0032      [16]    ___CC2DW
0x0042     [110]    _Button
0x00B0      [42]    _main
//** Variables locations ** 
//ADDRESS    SIZE    VARIABLE
//----------------------------------------------
0x0000       [1]    FLASH_Erase_64_SaveINTCON_L0
0x0000       [1]    __Lib_SoftI2C_PutZerosToLATSda_temp_sda_L0
0x0000       [1]    UART1_Init_tmp_L0
0x0000       [1]    EEPROM_Write_SaveINTCON_L0
0x0000       [1]    __Lib_SoftI2C_PutZerosToLATScl_temp_scl_L0
0x0000       [1]    R0
0x0000       [1]    SPI1_Write_tmp_L0
0x0001       [2]    FLASH_Read_N_Bytes_i_L0
0x0001       [1]    R1
0x0001       [1]    FLASH_Erase_Write_64_i_L0
0x0001       [1]    FLASH_Write_32_i_L0
0x0001       [1]    __Lib_TFT_16bit_JPEG_FileReadBytes_Result_L0
0x0001       [1]    __Lib_USB_genHID_?FLOC____Lib_USB_genHID_USB_Handle_BusyT1
0x0001       [1]    __Lib_TFT_16bit_JPEG_FileRead_i_L0
0x0001       [1]    UART1_Read___tmp_UART1_Read_L0
0x0001       [1]    __Lib_TFT_JPEG_FileRead_i_L0
0x0001       [1]    __Lib_PS2_Wait_Falling_nsample_L0
0x0001       [1]    __Lib_TFT_JPEG_FileReadBytes_Result_L0
0x0001       [1]    ispunct_rslt_L0
0x0001       [1]    I2C1_Rd_tmp_L0
0x0002       [2]    strlen_cp_L0
0x0002       [2]    memcpy_dd_L0
0x0002       [1]    R2
0x0002       [1]    FLASH_Write_32_SaveINTCON_L0
0x0002       [2]    memchr_s_L0
0x0002       [1]    __Lib_USB_genHID_USB_CtrlTrf_Rx_Service_byteToRead_L0
0x0002       [2]    memset_pp_L0
0x0002       [1]    FLASH_Erase_Write_64_j_L0
0x0003       [2]    __Lib_MmcFat16_f16_toInt_l_L0
0x0003       [2]    Ltrim_original_L0
0x0003       [2]    __Lib_USB_genHID_USB_CtrlTrf_Tx_Service_byteToSend_L0
0x0003       [1]    __Lib_Sprinti_?FLOC____Lib_Sprinti_Do_FillT29
0x0003       [1]    MM_Init_i_L0
0x0003       [2]    MM_TotalFreeMemSize_Tot_L0
0x0003       [2]    memmove_tt_L0
0x0003       [1]    __Lib_USB_genHID_USB_CtrlTrf_Rx_Service_i_L0
0x0003       [1]    R3
0x0003       [1]    FLASH_Erase_Write_64_SaveINTCON_L0
0x0004       [1]    __Lib_Sprinti_?FLOC____Lib_Sprinti_Do_FillT40
0x0004       [2]    __Lib_USB_genHID_USB_Get_Status_Handler_p_L2
0x0004       [2]    __Lib_USB_genHID_USB_Transfer_Packet_handle_L0
0x0004       [2]    strcat_cp_L0
0x0004       [1]    R4
0x0004       [2]    strcpy_cp_L0
0x0004       [2]    strncat_cp_L0
0x0004       [2]    __Lib_USB_genHID_USB_Std_Feature_Req_Handler_p_L0
0x0004       [2]    frexp_pom_L0
0x0004       [2]    strncpy_cp_L0
0x0004       [2]    __Lib_MemManager_MM_GetMemAlign_P_L0
0x0004       [1]    __Lib_USB_genHID_GetMaxIndexInDevDsc_index_L0
0x0004       [2]    memcpy_ss_L0
0x0005       [1]    __Lib_Sprinti_?FLOC____Lib_Sprinti_Do_FillT54
0x0005       [2]    Ltrim_p_L0
0x0005       [1]    R5
0x0005       [2]    LongWordToHex_input_half_L0
0x0005       [2]    __Lib_USB_genHID_USB_Configure_Endpoint_handle_L0
0x0005       [2]    LongIntToHex_input_half_L0
0x0005       [2]    memmove_ff_L0
0x0005       [1]    MM_TotalFreeMemSize_i_L0
0x0006       [1]    __Lib_MemManager_MM_GetMemAlign_i_L0
0x0006       [1]    R6
0x0006       [1]    __Lib_Sprinti_?FLOC____Lib_Sprinti_Do_FillT69
0x0006       [2]    __Lib_USB_genHID_GetMaxIndexInConfigDsc_totalLen_L0
0x0007       [1]    R7
0x0007       [1]    __Lib_TFT_JPEG_GenerateHuffmanTables_bLength_L0
0x0007       [1]    __Lib_TFT_16bit_JPEG_GenerateHuffmanTables_bLength_L0
0x0008       [3]    __Lib_USB_genHID_GetMaxIndexInConfigDsc_ptr_L0
0x0008       [1]    R8
0x0008       [1]    __Lib_TFT_JPEG_GenerateHuffmanTables_bTable_L0
0x0008       [1]    __Lib_TFT_16bit_JPEG_GenerateHuffmanTables_bTable_L0
0x0009       [1]    R9
0x0009       [4]    __Lib_MmcFat16_f16_toLong_l_L0
0x000A       [1]    R10
0x000B       [1]    R11
0x000C       [1]    R12
0x000D       [1]    R13
0x000E       [1]    R14
0x000F       [1]    R15
0x0010       [1]    R16
0x0011       [1]    R17
0x0012       [1]    R18
0x0013       [1]    R19
0x0014       [1]    R20
0x0015       [2]    FARG_Button_port
0x0017       [1]    FARG_Button_pin
0x0018       [1]    FARG_Button_time_ms
0x0019       [1]    FARG_Button_active_state
0x001A       [1]    Button_pMask_L0
0x001B       [1]    Button_rslt_L0
0x0F80       [1]    PORTA
0x0F92       [1]    TRISA
0x0FB4       [1]    CMCON
0x0FC1       [1]    ADCON1
0x0FD8       [1]    STATUS
0x0FD9       [1]    FSR2L
0x0FDA       [1]    FSR2H
0x0FDE       [1]    POSTINC2
0x0FE0       [1]    BSR
0x0FE1       [1]    FSR1L
0x0FE2       [1]    FSR1H
0x0FE4       [1]    PREINC1
0x0FE6       [1]    POSTINC1
0x0FE7       [1]    INDF1
0x0FE8       [1]    WREG
0x0FE9       [1]    FSR0L
0x0FEA       [1]    FSR0H
0x0FEE       [1]    POSTINC0
0x0FF3       [1]    PRODL
0x0FF4       [1]    PRODH
0x0FF5       [1]    TABLAT
0x0FF6       [1]    TBLPTRL
0x0FF7       [1]    TBLPTRH
0x0FF8       [1]    TBLPTRU
