;  LST file generated by mikroListExporter - v.2.0 
; Date/Time: 03/12/2018 06:07:46 p. m.
;----------------------------------------------

;Address Opcode 	ASM
0x0000	0xF001EF68  	GOTO        720
0x0004	0x0000      	NOP
0x0006	0x0000      	NOP
0x0008	0xF000EF00  	GOTO        0
0x000C	0x0000      	NOP
0x000E	0x0000      	NOP
0x0010	0x0000      	NOP
0x0012	0x0000      	NOP
0x0014	0x0000      	NOP
0x0016	0x0000      	NOP
0x0018	0xD7F3      	BRA         0
_Delay_50us:
;__Lib_Delays.c,19 :: 		void Delay_50us() {
;__Lib_Delays.c,20 :: 		Delay_us(50);
0x001C	0x0E21      	MOVLW       33
0x001E	0x6E0D      	MOVWF       R13, 0
L_Delay_50us2:
0x0020	0x2E0D      	DECFSZ      R13, 1, 0
0x0022	0xD7FE      	BRA         L_Delay_50us2
;__Lib_Delays.c,21 :: 		}
L_end_Delay_50us:
0x0024	0x0012      	RETURN      0
; end of _Delay_50us
_Delay_5500us:
;__Lib_Delays.c,31 :: 		void Delay_5500us() {
;__Lib_Delays.c,32 :: 		Delay_us(5500);
0x0026	0x0E0F      	MOVLW       15
0x0028	0x6E0C      	MOVWF       R12, 0
0x002A	0x0E47      	MOVLW       71
0x002C	0x6E0D      	MOVWF       R13, 0
L_Delay_5500us5:
0x002E	0x2E0D      	DECFSZ      R13, 1, 0
0x0030	0xD7FE      	BRA         L_Delay_5500us5
0x0032	0x2E0C      	DECFSZ      R12, 1, 0
0x0034	0xD7FC      	BRA         L_Delay_5500us5
0x0036	0x0000      	NOP
0x0038	0x0000      	NOP
;__Lib_Delays.c,33 :: 		}
L_end_Delay_5500us:
0x003A	0x0012      	RETURN      0
; end of _Delay_5500us
_Delay_1us:
;__Lib_Delays.c,7 :: 		void Delay_1us() {
;__Lib_Delays.c,8 :: 		Delay_us(1);
0x003C	0x0000      	NOP
0x003E	0x0000      	NOP
;__Lib_Delays.c,9 :: 		}
L_end_Delay_1us:
0x0040	0x0012      	RETURN      0
; end of _Delay_1us
_Lcd_Cmd:
;__Lib_Lcd.c,18 :: 		
;__Lib_Lcd.c,20 :: 		
0x0042	0xBE56      	BTFSC       FARG_Lcd_Cmd_out_char, 7 
0x0044	0xD002      	BRA         L__Lcd_Cmd21
0x0046	0x9E83      	BCF         LCD_D7, BitPos(LCD_D7+0) 
0x0048	0xD001      	BRA         L__Lcd_Cmd22
L__Lcd_Cmd21:
0x004A	0x8E83      	BSF         LCD_D7, BitPos(LCD_D7+0) 
L__Lcd_Cmd22:
;__Lib_Lcd.c,21 :: 		
0x004C	0xBC56      	BTFSC       FARG_Lcd_Cmd_out_char, 6 
0x004E	0xD002      	BRA         L__Lcd_Cmd23
0x0050	0x9C83      	BCF         LCD_D6, BitPos(LCD_D6+0) 
0x0052	0xD001      	BRA         L__Lcd_Cmd24
L__Lcd_Cmd23:
0x0054	0x8C83      	BSF         LCD_D6, BitPos(LCD_D6+0) 
L__Lcd_Cmd24:
;__Lib_Lcd.c,22 :: 		
0x0056	0xBA56      	BTFSC       FARG_Lcd_Cmd_out_char, 5 
0x0058	0xD002      	BRA         L__Lcd_Cmd25
0x005A	0x9A83      	BCF         LCD_D5, BitPos(LCD_D5+0) 
0x005C	0xD001      	BRA         L__Lcd_Cmd26
L__Lcd_Cmd25:
0x005E	0x8A83      	BSF         LCD_D5, BitPos(LCD_D5+0) 
L__Lcd_Cmd26:
;__Lib_Lcd.c,23 :: 		
0x0060	0xB856      	BTFSC       FARG_Lcd_Cmd_out_char, 4 
0x0062	0xD002      	BRA         L__Lcd_Cmd27
0x0064	0x9883      	BCF         LCD_D4, BitPos(LCD_D4+0) 
0x0066	0xD001      	BRA         L__Lcd_Cmd28
L__Lcd_Cmd27:
0x0068	0x8883      	BSF         LCD_D4, BitPos(LCD_D4+0) 
L__Lcd_Cmd28:
;__Lib_Lcd.c,25 :: 		
0x006A	0xB04B      	BTFSC       __Lib_Lcd_cmd_status, BitPos(__Lib_Lcd_cmd_status+0) 
0x006C	0xD002      	BRA         L__Lcd_Cmd29
0x006E	0x8483      	BSF         LCD_RS, BitPos(LCD_RS+0) 
0x0070	0xD001      	BRA         L__Lcd_Cmd30
L__Lcd_Cmd29:
0x0072	0x9483      	BCF         LCD_RS, BitPos(LCD_RS+0) 
L__Lcd_Cmd30:
;__Lib_Lcd.c,28 :: 		
0x0074	0x8683      	BSF         LCD_EN, BitPos(LCD_EN+0) 
;__Lib_Lcd.c,29 :: 		
0x0076	0xDFE2      	RCALL       _Delay_1us
;__Lib_Lcd.c,30 :: 		
0x0078	0x9683      	BCF         LCD_EN, BitPos(LCD_EN+0) 
;__Lib_Lcd.c,33 :: 		
0x007A	0xB656      	BTFSC       FARG_Lcd_Cmd_out_char, 3 
0x007C	0xD002      	BRA         L__Lcd_Cmd31
0x007E	0x9E83      	BCF         LCD_D7, BitPos(LCD_D7+0) 
0x0080	0xD001      	BRA         L__Lcd_Cmd32
L__Lcd_Cmd31:
0x0082	0x8E83      	BSF         LCD_D7, BitPos(LCD_D7+0) 
L__Lcd_Cmd32:
;__Lib_Lcd.c,34 :: 		
0x0084	0xB456      	BTFSC       FARG_Lcd_Cmd_out_char, 2 
0x0086	0xD002      	BRA         L__Lcd_Cmd33
0x0088	0x9C83      	BCF         LCD_D6, BitPos(LCD_D6+0) 
0x008A	0xD001      	BRA         L__Lcd_Cmd34
L__Lcd_Cmd33:
0x008C	0x8C83      	BSF         LCD_D6, BitPos(LCD_D6+0) 
L__Lcd_Cmd34:
;__Lib_Lcd.c,35 :: 		
0x008E	0xB256      	BTFSC       FARG_Lcd_Cmd_out_char, 1 
0x0090	0xD002      	BRA         L__Lcd_Cmd35
0x0092	0x9A83      	BCF         LCD_D5, BitPos(LCD_D5+0) 
0x0094	0xD001      	BRA         L__Lcd_Cmd36
L__Lcd_Cmd35:
0x0096	0x8A83      	BSF         LCD_D5, BitPos(LCD_D5+0) 
L__Lcd_Cmd36:
;__Lib_Lcd.c,36 :: 		
0x0098	0xB056      	BTFSC       FARG_Lcd_Cmd_out_char, 0 
0x009A	0xD002      	BRA         L__Lcd_Cmd37
0x009C	0x9883      	BCF         LCD_D4, BitPos(LCD_D4+0) 
0x009E	0xD001      	BRA         L__Lcd_Cmd38
L__Lcd_Cmd37:
0x00A0	0x8883      	BSF         LCD_D4, BitPos(LCD_D4+0) 
L__Lcd_Cmd38:
;__Lib_Lcd.c,38 :: 		
0x00A2	0xB04B      	BTFSC       __Lib_Lcd_cmd_status, BitPos(__Lib_Lcd_cmd_status+0) 
0x00A4	0xD002      	BRA         L__Lcd_Cmd39
0x00A6	0x8483      	BSF         LCD_RS, BitPos(LCD_RS+0) 
0x00A8	0xD001      	BRA         L__Lcd_Cmd40
L__Lcd_Cmd39:
0x00AA	0x9483      	BCF         LCD_RS, BitPos(LCD_RS+0) 
L__Lcd_Cmd40:
;__Lib_Lcd.c,40 :: 		
0x00AC	0x8683      	BSF         LCD_EN, BitPos(LCD_EN+0) 
;__Lib_Lcd.c,41 :: 		
0x00AE	0xDFC6      	RCALL       _Delay_1us
;__Lib_Lcd.c,42 :: 		
0x00B0	0x9683      	BCF         LCD_EN, BitPos(LCD_EN+0) 
;__Lib_Lcd.c,44 :: 		
0x00B2	0xA04B      	BTFSS       __Lib_Lcd_cmd_status, BitPos(__Lib_Lcd_cmd_status+0) 
0x00B4	0xD002      	BRA         L_Lcd_Cmd0
;__Lib_Lcd.c,45 :: 		
0x00B6	0xDFB7      	RCALL       _Delay_5500us
0x00B8	0xD001      	BRA         L_Lcd_Cmd1
L_Lcd_Cmd0:
;__Lib_Lcd.c,47 :: 		
0x00BA	0xDFB0      	RCALL       _Delay_50us
L_Lcd_Cmd1:
;__Lib_Lcd.c,48 :: 		
L_end_Lcd_Cmd:
0x00BC	0x0012      	RETURN      0
; end of _Lcd_Cmd
_Delay_10us:
;__Lib_Delays.c,11 :: 		void Delay_10us() {
;__Lib_Delays.c,12 :: 		Delay_us(10);
0x00BE	0x0E06      	MOVLW       6
0x00C0	0x6E0D      	MOVWF       R13, 0
L_Delay_10us0:
0x00C2	0x2E0D      	DECFSZ      R13, 1, 0
0x00C4	0xD7FE      	BRA         L_Delay_10us0
0x00C6	0x0000      	NOP
;__Lib_Delays.c,13 :: 		}
L_end_Delay_10us:
0x00C8	0x0012      	RETURN      0
; end of _Delay_10us
_Keypad_Key_Press:
;__Lib_Keypad4x4.c,39 :: 		
;__Lib_Keypad4x4.c,43 :: 		
0x00CA	0x6A51      	CLRF        Keypad_Key_Press_rslt_L0 
;__Lib_Keypad4x4.c,44 :: 		
0x00CC	0x6A53      	CLRF        Keypad_Key_Press_loc_L0 
;__Lib_Keypad4x4.c,45 :: 		
0x00CE	0x6A54      	CLRF        Keypad_Key_Press_rowcnt_L0 
;__Lib_Keypad4x4.c,46 :: 		
0x00D0	0x0E10      	MOVLW       16
0x00D2	0x6E55      	MOVWF       Keypad_Key_Press_shifter_L0 
;__Lib_Keypad4x4.c,48 :: 		
L_Keypad_Key_Press0:
0x00D4	0x0E04      	MOVLW       4
0x00D6	0x5C54      	SUBWF       Keypad_Key_Press_rowcnt_L0, 0 
0x00D8	0xE229      	BC          L_Keypad_Key_Press1
;__Lib_Keypad4x4.c,50 :: 		
0x00DA	0x0EF0      	MOVLW       240
0x00DC	0x6E81      	MOVWF       keypadPort 
;__Lib_Keypad4x4.c,51 :: 		
0x00DE	0x0E12      	MOVLW       18
0x00E0	0x6E00      	MOVWF       R0 
0x00E2	0x0E00      	MOVLW       0
0x00E4	0x6E01      	MOVWF       R1 
0x00E6	0x0E81      	MOVLW       keypadPort
0x00E8	0x2400      	ADDWF       R0, 0 
0x00EA	0x6EE1      	MOVWF       FSR1L 
0x00EC	0x0E0F      	MOVLW       hi_addr(keypadPort)
0x00EE	0x2001      	ADDWFC      R1, 0 
0x00F0	0x6EE2      	MOVWF       FSR1H 
0x00F2	0x1C55      	COMF        Keypad_Key_Press_shifter_L0, 0 
0x00F4	0x6E00      	MOVWF       R0 
0x00F6	0xFFE6C000  	MOVFF       R0, POSTINC1
;__Lib_Keypad4x4.c,55 :: 		
0x00FA	0xDFA0      	RCALL       _Delay_1us
;__Lib_Keypad4x4.c,56 :: 		
0x00FC	0xDF9F      	RCALL       _Delay_1us
;__Lib_Keypad4x4.c,57 :: 		
0x00FE	0x0E0F      	MOVLW       15
0x0100	0x1481      	ANDWF       keypadPort, 0 
0x0102	0x6E00      	MOVWF       R0 
0x0104	0xF052C000  	MOVFF       R0, Keypad_Key_Press_kdata_L0
;__Lib_Keypad4x4.c,58 :: 		
0x0108	0x5200      	MOVF        R0, 1 
0x010A	0xE00A      	BZ          L_Keypad_Key_Press2
;__Lib_Keypad4x4.c,60 :: 		
0x010C	0xF051C053  	MOVFF       Keypad_Key_Press_loc_L0, Keypad_Key_Press_rslt_L0
;__Lib_Keypad4x4.c,61 :: 		
L_Keypad_Key_Press3:
0x0110	0x5252      	MOVF        Keypad_Key_Press_kdata_L0, 1 
0x0112	0xE004      	BZ          L_Keypad_Key_Press4
;__Lib_Keypad4x4.c,62 :: 		
0x0114	0x3252      	RRCF        Keypad_Key_Press_kdata_L0, 1 
0x0116	0x9E52      	BCF         Keypad_Key_Press_kdata_L0, 7 
;__Lib_Keypad4x4.c,63 :: 		
0x0118	0x2A51      	INCF        Keypad_Key_Press_rslt_L0, 1 
;__Lib_Keypad4x4.c,64 :: 		
0x011A	0xD7FA      	BRA         L_Keypad_Key_Press3
L_Keypad_Key_Press4:
;__Lib_Keypad4x4.c,66 :: 		
0x011C	0x0E04      	MOVLW       4
0x011E	0x6E54      	MOVWF       Keypad_Key_Press_rowcnt_L0 
;__Lib_Keypad4x4.c,67 :: 		
L_Keypad_Key_Press2:
;__Lib_Keypad4x4.c,68 :: 		
0x0120	0x3655      	RLCF        Keypad_Key_Press_shifter_L0, 1 
0x0122	0x9055      	BCF         Keypad_Key_Press_shifter_L0, 0 
;__Lib_Keypad4x4.c,69 :: 		
0x0124	0x0E04      	MOVLW       4
0x0126	0x2653      	ADDWF       Keypad_Key_Press_loc_L0, 1 
;__Lib_Keypad4x4.c,70 :: 		
0x0128	0x2A54      	INCF        Keypad_Key_Press_rowcnt_L0, 1 
;__Lib_Keypad4x4.c,71 :: 		
0x012A	0xD7D4      	BRA         L_Keypad_Key_Press0
L_Keypad_Key_Press1:
;__Lib_Keypad4x4.c,73 :: 		
0x012C	0xF000C051  	MOVFF       Keypad_Key_Press_rslt_L0, R0
;__Lib_Keypad4x4.c,74 :: 		
L_end_Keypad_Key_Press:
0x0130	0x0012      	RETURN      0
; end of _Keypad_Key_Press
_Lcd_Chr_CP:
;__Lib_Lcd.c,50 :: 		
;__Lib_Lcd.c,52 :: 		
0x0132	0x904B      	BCF         __Lib_Lcd_cmd_status, BitPos(__Lib_Lcd_cmd_status+0) 
;__Lib_Lcd.c,53 :: 		
0x0134	0xF056C051  	MOVFF       FARG_Lcd_Chr_CP_out_char, FARG_Lcd_Cmd_out_char
0x0138	0xDF84      	RCALL       _Lcd_Cmd
;__Lib_Lcd.c,54 :: 		
0x013A	0x804B      	BSF         __Lib_Lcd_cmd_status, BitPos(__Lib_Lcd_cmd_status+0) 
;__Lib_Lcd.c,55 :: 		
L_end_Lcd_Chr_CP:
0x013C	0x0012      	RETURN      0
; end of _Lcd_Chr_CP
_Lcd_Init:
;__Lib_Lcd.c,84 :: 		
;__Lib_Lcd.c,86 :: 		
0x013E	0x9695      	BCF         LCD_EN_Direction, BitPos(LCD_EN_Direction+0) 
;__Lib_Lcd.c,87 :: 		
0x0140	0x9495      	BCF         LCD_RS_Direction, BitPos(LCD_RS_Direction+0) 
;__Lib_Lcd.c,88 :: 		
0x0142	0x9895      	BCF         LCD_D4_Direction, BitPos(LCD_D4_Direction+0) 
;__Lib_Lcd.c,89 :: 		
0x0144	0x9A95      	BCF         LCD_D5_Direction, BitPos(LCD_D5_Direction+0) 
;__Lib_Lcd.c,90 :: 		
0x0146	0x9C95      	BCF         LCD_D6_Direction, BitPos(LCD_D6_Direction+0) 
;__Lib_Lcd.c,91 :: 		
0x0148	0x9E95      	BCF         LCD_D7_Direction, BitPos(LCD_D7_Direction+0) 
;__Lib_Lcd.c,93 :: 		
0x014A	0x9683      	BCF         LCD_EN, BitPos(LCD_EN+0) 
;__Lib_Lcd.c,94 :: 		
0x014C	0x9483      	BCF         LCD_RS, BitPos(LCD_RS+0) 
;__Lib_Lcd.c,95 :: 		
0x014E	0x9E83      	BCF         LCD_D7, BitPos(LCD_D7+0) 
;__Lib_Lcd.c,96 :: 		
0x0150	0x9C83      	BCF         LCD_D6, BitPos(LCD_D6+0) 
;__Lib_Lcd.c,97 :: 		
0x0152	0x9A83      	BCF         LCD_D5, BitPos(LCD_D5+0) 
;__Lib_Lcd.c,98 :: 		
0x0154	0x9883      	BCF         LCD_D4, BitPos(LCD_D4+0) 
;__Lib_Lcd.c,100 :: 		
0x0156	0xDF67      	RCALL       _Delay_5500us
;__Lib_Lcd.c,101 :: 		
0x0158	0xDF66      	RCALL       _Delay_5500us
;__Lib_Lcd.c,102 :: 		
0x015A	0xDF65      	RCALL       _Delay_5500us
;__Lib_Lcd.c,105 :: 		
0x015C	0x8A83      	BSF         LCD_D5, BitPos(LCD_D5+0) 
;__Lib_Lcd.c,106 :: 		
0x015E	0x8883      	BSF         LCD_D4, BitPos(LCD_D4+0) 
;__Lib_Lcd.c,107 :: 		
0x0160	0x8683      	BSF         LCD_EN, BitPos(LCD_EN+0) 
;__Lib_Lcd.c,108 :: 		
0x0162	0xDF6C      	RCALL       _Delay_1us
;__Lib_Lcd.c,109 :: 		
0x0164	0x9683      	BCF         LCD_EN, BitPos(LCD_EN+0) 
;__Lib_Lcd.c,110 :: 		
0x0166	0xDF5F      	RCALL       _Delay_5500us
;__Lib_Lcd.c,112 :: 		
0x0168	0x8683      	BSF         LCD_EN, BitPos(LCD_EN+0) 
;__Lib_Lcd.c,113 :: 		
0x016A	0xDF68      	RCALL       _Delay_1us
;__Lib_Lcd.c,114 :: 		
0x016C	0x9683      	BCF         LCD_EN, BitPos(LCD_EN+0) 
;__Lib_Lcd.c,115 :: 		
0x016E	0xDF5B      	RCALL       _Delay_5500us
;__Lib_Lcd.c,117 :: 		
0x0170	0x8683      	BSF         LCD_EN, BitPos(LCD_EN+0) 
;__Lib_Lcd.c,118 :: 		
0x0172	0xDF64      	RCALL       _Delay_1us
;__Lib_Lcd.c,119 :: 		
0x0174	0x9683      	BCF         LCD_EN, BitPos(LCD_EN+0) 
;__Lib_Lcd.c,120 :: 		
0x0176	0xDF57      	RCALL       _Delay_5500us
;__Lib_Lcd.c,123 :: 		
0x0178	0x9883      	BCF         LCD_D4, BitPos(LCD_D4+0) 
;__Lib_Lcd.c,124 :: 		
0x017A	0x8683      	BSF         LCD_EN, BitPos(LCD_EN+0) 
;__Lib_Lcd.c,125 :: 		
0x017C	0xDF5F      	RCALL       _Delay_1us
;__Lib_Lcd.c,126 :: 		
0x017E	0x9683      	BCF         LCD_EN, BitPos(LCD_EN+0) 
;__Lib_Lcd.c,127 :: 		
0x0180	0xDF52      	RCALL       _Delay_5500us
;__Lib_Lcd.c,130 :: 		
0x0182	0x8683      	BSF         LCD_EN, BitPos(LCD_EN+0) 
;__Lib_Lcd.c,131 :: 		
0x0184	0xDF5B      	RCALL       _Delay_1us
;__Lib_Lcd.c,132 :: 		
0x0186	0x9683      	BCF         LCD_EN, BitPos(LCD_EN+0) 
;__Lib_Lcd.c,134 :: 		
0x0188	0x9A83      	BCF         LCD_D5, BitPos(LCD_D5+0) 
;__Lib_Lcd.c,135 :: 		
0x018A	0x8E83      	BSF         LCD_D7, BitPos(LCD_D7+0) 
;__Lib_Lcd.c,136 :: 		
0x018C	0x8683      	BSF         LCD_EN, BitPos(LCD_EN+0) 
;__Lib_Lcd.c,137 :: 		
0x018E	0xDF56      	RCALL       _Delay_1us
;__Lib_Lcd.c,138 :: 		
0x0190	0x9683      	BCF         LCD_EN, BitPos(LCD_EN+0) 
;__Lib_Lcd.c,139 :: 		
0x0192	0xDF49      	RCALL       _Delay_5500us
;__Lib_Lcd.c,142 :: 		
0x0194	0x9E83      	BCF         LCD_D7, BitPos(LCD_D7+0) 
;__Lib_Lcd.c,143 :: 		
0x0196	0x8883      	BSF         LCD_D4, BitPos(LCD_D4+0) 
;__Lib_Lcd.c,144 :: 		
0x0198	0x8683      	BSF         LCD_EN, BitPos(LCD_EN+0) 
;__Lib_Lcd.c,145 :: 		
0x019A	0xDF50      	RCALL       _Delay_1us
;__Lib_Lcd.c,146 :: 		
0x019C	0x9683      	BCF         LCD_EN, BitPos(LCD_EN+0) 
;__Lib_Lcd.c,148 :: 		
0x019E	0x9883      	BCF         LCD_D4, BitPos(LCD_D4+0) 
;__Lib_Lcd.c,149 :: 		
0x01A0	0x8683      	BSF         LCD_EN, BitPos(LCD_EN+0) 
;__Lib_Lcd.c,150 :: 		
0x01A2	0xDF4C      	RCALL       _Delay_1us
;__Lib_Lcd.c,151 :: 		
0x01A4	0x9683      	BCF         LCD_EN, BitPos(LCD_EN+0) 
;__Lib_Lcd.c,152 :: 		
0x01A6	0xDF3F      	RCALL       _Delay_5500us
;__Lib_Lcd.c,155 :: 		
0x01A8	0x8683      	BSF         LCD_EN, BitPos(LCD_EN+0) 
;__Lib_Lcd.c,156 :: 		
0x01AA	0xDF48      	RCALL       _Delay_1us
;__Lib_Lcd.c,157 :: 		
0x01AC	0x9683      	BCF         LCD_EN, BitPos(LCD_EN+0) 
;__Lib_Lcd.c,159 :: 		
0x01AE	0x8883      	BSF         LCD_D4, BitPos(LCD_D4+0) 
;__Lib_Lcd.c,160 :: 		
0x01B0	0x8683      	BSF         LCD_EN, BitPos(LCD_EN+0) 
;__Lib_Lcd.c,161 :: 		
0x01B2	0xDF44      	RCALL       _Delay_1us
;__Lib_Lcd.c,162 :: 		
0x01B4	0x9683      	BCF         LCD_EN, BitPos(LCD_EN+0) 
;__Lib_Lcd.c,163 :: 		
0x01B6	0xDF37      	RCALL       _Delay_5500us
;__Lib_Lcd.c,166 :: 		
0x01B8	0x9883      	BCF         LCD_D4, BitPos(LCD_D4+0) 
;__Lib_Lcd.c,167 :: 		
0x01BA	0x8683      	BSF         LCD_EN, BitPos(LCD_EN+0) 
;__Lib_Lcd.c,168 :: 		
0x01BC	0xDF3F      	RCALL       _Delay_1us
;__Lib_Lcd.c,169 :: 		
0x01BE	0x9683      	BCF         LCD_EN, BitPos(LCD_EN+0) 
;__Lib_Lcd.c,171 :: 		
0x01C0	0x8E83      	BSF         LCD_D7, BitPos(LCD_D7+0) 
;__Lib_Lcd.c,172 :: 		
0x01C2	0x8C83      	BSF         LCD_D6, BitPos(LCD_D6+0) 
;__Lib_Lcd.c,173 :: 		
0x01C4	0x8A83      	BSF         LCD_D5, BitPos(LCD_D5+0) 
;__Lib_Lcd.c,174 :: 		
0x01C6	0x8883      	BSF         LCD_D4, BitPos(LCD_D4+0) 
;__Lib_Lcd.c,175 :: 		
0x01C8	0x8683      	BSF         LCD_EN, BitPos(LCD_EN+0) 
;__Lib_Lcd.c,176 :: 		
0x01CA	0xDF38      	RCALL       _Delay_1us
;__Lib_Lcd.c,177 :: 		
0x01CC	0x9683      	BCF         LCD_EN, BitPos(LCD_EN+0) 
;__Lib_Lcd.c,179 :: 		
0x01CE	0xDF2B      	RCALL       _Delay_5500us
;__Lib_Lcd.c,181 :: 		
0x01D0	0x804B      	BSF         __Lib_Lcd_cmd_status, BitPos(__Lib_Lcd_cmd_status+0) 
;__Lib_Lcd.c,182 :: 		
L_end_Lcd_Init:
0x01D2	0x0012      	RETURN      0
; end of _Lcd_Init
___CC2DW:
;__Lib_System.c,21 :: 		
;__Lib_System.c,23 :: 		
_CC2DL_Loop1:
;__Lib_System.c,24 :: 		
0x01D4	0x0009      	TBLRD*+
;__Lib_System.c,25 :: 		
0x01D6	0xFFE6CFF5  	MOVFF       TABLAT, POSTINC1
;__Lib_System.c,26 :: 		
0x01DA	0x0600      	DECF        R0, 1, 0
;__Lib_System.c,27 :: 		
0x01DC	0xE1FB      	BNZ         _CC2DL_Loop1
;__Lib_System.c,28 :: 		
0x01DE	0x0601      	DECF        R1, 1, 0
;__Lib_System.c,29 :: 		
0x01E0	0xE1F9      	BNZ         _CC2DL_Loop1
;__Lib_System.c,31 :: 		
L_end___CC2DW:
0x01E2	0x0012      	RETURN      0
; end of ___CC2DW
_Lcd_Out:
;__Lib_Lcd.c,184 :: 		
;__Lib_Lcd.c,187 :: 		
0x01E4	0xD00F      	BRA         L_Lcd_Out11
;__Lib_Lcd.c,188 :: 		
L_Lcd_Out13:
0x01E6	0x0E80      	MOVLW       128
0x01E8	0x6E4C      	MOVWF       FARG_Lcd_Out_row 
0x01EA	0xD019      	BRA         L_Lcd_Out12
;__Lib_Lcd.c,189 :: 		
L_Lcd_Out14:
0x01EC	0x0EC0      	MOVLW       192
0x01EE	0x6E4C      	MOVWF       FARG_Lcd_Out_row 
0x01F0	0xD016      	BRA         L_Lcd_Out12
;__Lib_Lcd.c,190 :: 		
L_Lcd_Out15:
0x01F2	0x0E94      	MOVLW       148
0x01F4	0x6E4C      	MOVWF       FARG_Lcd_Out_row 
0x01F6	0xD013      	BRA         L_Lcd_Out12
;__Lib_Lcd.c,191 :: 		
L_Lcd_Out16:
0x01F8	0x0ED4      	MOVLW       212
0x01FA	0x6E4C      	MOVWF       FARG_Lcd_Out_row 
0x01FC	0xD010      	BRA         L_Lcd_Out12
;__Lib_Lcd.c,192 :: 		
L_Lcd_Out17:
0x01FE	0x0E80      	MOVLW       128
0x0200	0x6E4C      	MOVWF       FARG_Lcd_Out_row 
;__Lib_Lcd.c,193 :: 		
0x0202	0xD00D      	BRA         L_Lcd_Out12
L_Lcd_Out11:
0x0204	0x504C      	MOVF        FARG_Lcd_Out_row, 0 
0x0206	0x0A01      	XORLW       1
0x0208	0xE0EE      	BZ          L_Lcd_Out13
0x020A	0x504C      	MOVF        FARG_Lcd_Out_row, 0 
0x020C	0x0A02      	XORLW       2
0x020E	0xE0EE      	BZ          L_Lcd_Out14
0x0210	0x504C      	MOVF        FARG_Lcd_Out_row, 0 
0x0212	0x0A03      	XORLW       3
0x0214	0xE0EE      	BZ          L_Lcd_Out15
0x0216	0x504C      	MOVF        FARG_Lcd_Out_row, 0 
0x0218	0x0A04      	XORLW       4
0x021A	0xE0EE      	BZ          L_Lcd_Out16
0x021C	0xD7F0      	BRA         L_Lcd_Out17
L_Lcd_Out12:
;__Lib_Lcd.c,194 :: 		
0x021E	0x044D      	DECF        FARG_Lcd_Out_column, 0 
0x0220	0x6E00      	MOVWF       R0 
0x0222	0x504C      	MOVF        FARG_Lcd_Out_row, 0 
0x0224	0x2600      	ADDWF       R0, 1 
0x0226	0xF04CC000  	MOVFF       R0, FARG_Lcd_Out_row
;__Lib_Lcd.c,196 :: 		
0x022A	0xF056C000  	MOVFF       R0, FARG_Lcd_Cmd_out_char
0x022E	0xDF09      	RCALL       _Lcd_Cmd
;__Lib_Lcd.c,197 :: 		
0x0230	0x904B      	BCF         __Lib_Lcd_cmd_status, BitPos(__Lib_Lcd_cmd_status+0) 
;__Lib_Lcd.c,198 :: 		
0x0232	0x6A50      	CLRF        Lcd_Out_i_L0 
;__Lib_Lcd.c,199 :: 		
L_Lcd_Out18:
0x0234	0x5050      	MOVF        Lcd_Out_i_L0, 0 
0x0236	0x244E      	ADDWF       FARG_Lcd_Out_text, 0 
0x0238	0x6EE9      	MOVWF       FSR0L 
0x023A	0x0E00      	MOVLW       0
0x023C	0x204F      	ADDWFC      FARG_Lcd_Out_text+1, 0 
0x023E	0x6EEA      	MOVWF       FSR0H 
0x0240	0x52EE      	MOVF        POSTINC0, 1 
0x0242	0xE00B      	BZ          L_Lcd_Out19
;__Lib_Lcd.c,200 :: 		
0x0244	0x5050      	MOVF        Lcd_Out_i_L0, 0 
0x0246	0x244E      	ADDWF       FARG_Lcd_Out_text, 0 
0x0248	0x6EE9      	MOVWF       FSR0L 
0x024A	0x0E00      	MOVLW       0
0x024C	0x204F      	ADDWFC      FARG_Lcd_Out_text+1, 0 
0x024E	0x6EEA      	MOVWF       FSR0H 
0x0250	0xF051CFEE  	MOVFF       POSTINC0, FARG_Lcd_Chr_CP_out_char
0x0254	0xDF6E      	RCALL       _Lcd_Chr_CP
0x0256	0x2A50      	INCF        Lcd_Out_i_L0, 1 
0x0258	0xD7ED      	BRA         L_Lcd_Out18
L_Lcd_Out19:
;__Lib_Lcd.c,201 :: 		
0x025A	0x804B      	BSF         __Lib_Lcd_cmd_status, BitPos(__Lib_Lcd_cmd_status+0) 
;__Lib_Lcd.c,202 :: 		
L_end_Lcd_Out:
0x025C	0x0012      	RETURN      0
; end of _Lcd_Out
_Lcd_Chr:
;__Lib_Lcd.c,65 :: 		
;__Lib_Lcd.c,66 :: 		
0x025E	0xD00F      	BRA         L_Lcd_Chr4
;__Lib_Lcd.c,67 :: 		
L_Lcd_Chr6:
0x0260	0x0E80      	MOVLW       128
0x0262	0x6E4C      	MOVWF       FARG_Lcd_Chr_row 
0x0264	0xD019      	BRA         L_Lcd_Chr5
;__Lib_Lcd.c,68 :: 		
L_Lcd_Chr7:
0x0266	0x0EC0      	MOVLW       192
0x0268	0x6E4C      	MOVWF       FARG_Lcd_Chr_row 
0x026A	0xD016      	BRA         L_Lcd_Chr5
;__Lib_Lcd.c,69 :: 		
L_Lcd_Chr8:
0x026C	0x0E94      	MOVLW       148
0x026E	0x6E4C      	MOVWF       FARG_Lcd_Chr_row 
0x0270	0xD013      	BRA         L_Lcd_Chr5
;__Lib_Lcd.c,70 :: 		
L_Lcd_Chr9:
0x0272	0x0ED4      	MOVLW       212
0x0274	0x6E4C      	MOVWF       FARG_Lcd_Chr_row 
0x0276	0xD010      	BRA         L_Lcd_Chr5
;__Lib_Lcd.c,71 :: 		
L_Lcd_Chr10:
0x0278	0x0E80      	MOVLW       128
0x027A	0x6E4C      	MOVWF       FARG_Lcd_Chr_row 
;__Lib_Lcd.c,72 :: 		
0x027C	0xD00D      	BRA         L_Lcd_Chr5
L_Lcd_Chr4:
0x027E	0x504C      	MOVF        FARG_Lcd_Chr_row, 0 
0x0280	0x0A01      	XORLW       1
0x0282	0xE0EE      	BZ          L_Lcd_Chr6
0x0284	0x504C      	MOVF        FARG_Lcd_Chr_row, 0 
0x0286	0x0A02      	XORLW       2
0x0288	0xE0EE      	BZ          L_Lcd_Chr7
0x028A	0x504C      	MOVF        FARG_Lcd_Chr_row, 0 
0x028C	0x0A03      	XORLW       3
0x028E	0xE0EE      	BZ          L_Lcd_Chr8
0x0290	0x504C      	MOVF        FARG_Lcd_Chr_row, 0 
0x0292	0x0A04      	XORLW       4
0x0294	0xE0EE      	BZ          L_Lcd_Chr9
0x0296	0xD7F0      	BRA         L_Lcd_Chr10
L_Lcd_Chr5:
;__Lib_Lcd.c,74 :: 		
0x0298	0x044D      	DECF        FARG_Lcd_Chr_column, 0 
0x029A	0x6E00      	MOVWF       R0 
0x029C	0x504C      	MOVF        FARG_Lcd_Chr_row, 0 
0x029E	0x2600      	ADDWF       R0, 1 
0x02A0	0xF04CC000  	MOVFF       R0, FARG_Lcd_Chr_row
;__Lib_Lcd.c,76 :: 		
0x02A4	0x804B      	BSF         __Lib_Lcd_cmd_status, BitPos(__Lib_Lcd_cmd_status+0) 
;__Lib_Lcd.c,77 :: 		
0x02A6	0xF056C000  	MOVFF       R0, FARG_Lcd_Cmd_out_char
0x02AA	0xDECB      	RCALL       _Lcd_Cmd
;__Lib_Lcd.c,79 :: 		
0x02AC	0x904B      	BCF         __Lib_Lcd_cmd_status, BitPos(__Lib_Lcd_cmd_status+0) 
;__Lib_Lcd.c,80 :: 		
0x02AE	0xF056C04E  	MOVFF       FARG_Lcd_Chr_out_char, FARG_Lcd_Cmd_out_char
0x02B2	0xDEC7      	RCALL       _Lcd_Cmd
;__Lib_Lcd.c,81 :: 		
0x02B4	0x804B      	BSF         __Lib_Lcd_cmd_status, BitPos(__Lib_Lcd_cmd_status+0) 
;__Lib_Lcd.c,82 :: 		
L_end_Lcd_Chr:
0x02B6	0x0012      	RETURN      0
; end of _Lcd_Chr
_Keypad_Key_Click:
;__Lib_Keypad4x4.c,77 :: 		
;__Lib_Keypad4x4.c,81 :: 		
0x02B8	0xDF08      	RCALL       _Keypad_Key_Press
0x02BA	0xF04CC000  	MOVFF       R0, Keypad_Key_Click_rslt_L0
;__Lib_Keypad4x4.c,83 :: 		
L_Keypad_Key_Click5:
0x02BE	0x0E0F      	MOVLW       15
0x02C0	0x1481      	ANDWF       keypadPort, 0 
0x02C2	0x6E00      	MOVWF       R0 
0x02C4	0xE002      	BZ          L_Keypad_Key_Click6
;__Lib_Keypad4x4.c,84 :: 		
0x02C6	0xDEFB      	RCALL       _Delay_10us
0x02C8	0xD7FA      	BRA         L_Keypad_Key_Click5
L_Keypad_Key_Click6:
;__Lib_Keypad4x4.c,86 :: 		
0x02CA	0xF000C04C  	MOVFF       Keypad_Key_Click_rslt_L0, R0
;__Lib_Keypad4x4.c,87 :: 		
L_end_Keypad_Key_Click:
0x02CE	0x0012      	RETURN      0
; end of _Keypad_Key_Click
_main:
0x02D0	0xF002EC3A  	CALL        1140, 0
;Tortillas.c,26 :: 		void main() {
;Tortillas.c,28 :: 		TRISC.F0 = 1;
0x02D4	0x8094      	BSF         TRISC, 0 
;Tortillas.c,29 :: 		TRISC.F1 = 0;
0x02D6	0x9294      	BCF         TRISC, 1 
;Tortillas.c,30 :: 		TRISC.F2 = 0;
0x02D8	0x9494      	BCF         TRISC, 2 
;Tortillas.c,34 :: 		Lcd_Init();
0x02DA	0xDF31      	RCALL       _Lcd_Init
;Tortillas.c,35 :: 		Lcd_Cmd(_LCD_CURSOR_OFF);
0x02DC	0x0E0C      	MOVLW       12
0x02DE	0x6E56      	MOVWF       FARG_Lcd_Cmd_out_char 
0x02E0	0xDEB0      	RCALL       _Lcd_Cmd
;Tortillas.c,37 :: 		while (1){
L_main0:
;Tortillas.c,38 :: 		Lcd_Cmd(_LCD_CLEAR);  //Limpiiar LCD
0x02E2	0x0E01      	MOVLW       1
0x02E4	0x6E56      	MOVWF       FARG_Lcd_Cmd_out_char 
0x02E6	0xDEAD      	RCALL       _Lcd_Cmd
;Tortillas.c,40 :: 		while(PORTC.F0 == 0){
L_main2:
0x02E8	0xB082      	BTFSC       PORTC, 0 
0x02EA	0xD0A7      	BRA         L_main3
;Tortillas.c,41 :: 		Lcd_out(1,1, "Encendido");
0x02EC	0x0E01      	MOVLW       1
0x02EE	0x6E4C      	MOVWF       FARG_Lcd_Out_row 
0x02F0	0x0E01      	MOVLW       1
0x02F2	0x6E4D      	MOVWF       FARG_Lcd_Out_column 
0x02F4	0x0E27      	MOVLW       ?lstr1_Tortillas
0x02F6	0x6E4E      	MOVWF       FARG_Lcd_Out_text 
0x02F8	0x0E00      	MOVLW       hi_addr(?lstr1_Tortillas)
0x02FA	0x6E4F      	MOVWF       FARG_Lcd_Out_text+1 
0x02FC	0xDF73      	RCALL       _Lcd_Out
;Tortillas.c,42 :: 		entrada = 0;
0x02FE	0x6A31      	CLRF        _entrada 
0x0300	0x6A32      	CLRF        _entrada+1 
;Tortillas.c,43 :: 		kp = 0;
0x0302	0x6A4A      	CLRF        _kp 
;Tortillas.c,45 :: 		do{
L_main4:
;Tortillas.c,46 :: 		do{
L_main7:
;Tortillas.c,47 :: 		kp = Keypad_Key_Click();
0x0304	0xDFD9      	RCALL       _Keypad_Key_Click
0x0306	0xF04AC000  	MOVFF       R0, _kp
;Tortillas.c,48 :: 		}while((!kp)&&(PORTC.F0 == 0));
0x030A	0x5200      	MOVF        R0, 1 
0x030C	0xE103      	BNZ         L__main29
0x030E	0xB082      	BTFSC       PORTC, 0 
0x0310	0xD001      	BRA         L__main29
0x0312	0xD7F8      	BRA         L_main7
L__main29:
;Tortillas.c,49 :: 		if(kp == 9){
0x0314	0x504A      	MOVF        _kp, 0 
0x0316	0x0A09      	XORLW       9
0x0318	0xE105      	BNZ         L_main12
;Tortillas.c,50 :: 		entrada = 1;
0x031A	0x0E01      	MOVLW       1
0x031C	0x6E31      	MOVWF       _entrada 
0x031E	0x0E00      	MOVLW       0
0x0320	0x6E32      	MOVWF       _entrada+1 
;Tortillas.c,51 :: 		}else{
0x0322	0xD023      	BRA         L_main13
L_main12:
;Tortillas.c,52 :: 		Lcd_Out(2,2,"Error");
0x0324	0x0E02      	MOVLW       2
0x0326	0x6E4C      	MOVWF       FARG_Lcd_Out_row 
0x0328	0x0E02      	MOVLW       2
0x032A	0x6E4D      	MOVWF       FARG_Lcd_Out_column 
0x032C	0x0E15      	MOVLW       ?lstr2_Tortillas
0x032E	0x6E4E      	MOVWF       FARG_Lcd_Out_text 
0x0330	0x0E00      	MOVLW       hi_addr(?lstr2_Tortillas)
0x0332	0x6E4F      	MOVWF       FARG_Lcd_Out_text+1 
0x0334	0xDF57      	RCALL       _Lcd_Out
;Tortillas.c,53 :: 		Delay_ms(300);
0x0336	0x0E04      	MOVLW       4
0x0338	0x6E0B      	MOVWF       R11, 0
0x033A	0x0E0C      	MOVLW       12
0x033C	0x6E0C      	MOVWF       R12, 0
0x033E	0x0E33      	MOVLW       51
0x0340	0x6E0D      	MOVWF       R13, 0
L_main14:
0x0342	0x2E0D      	DECFSZ      R13, 1, 0
0x0344	0xD7FE      	BRA         L_main14
0x0346	0x2E0C      	DECFSZ      R12, 1, 0
0x0348	0xD7FC      	BRA         L_main14
0x034A	0x2E0B      	DECFSZ      R11, 1, 0
0x034C	0xD7FA      	BRA         L_main14
0x034E	0x0000      	NOP
0x0350	0x0000      	NOP
;Tortillas.c,54 :: 		Lcd_Cmd(_LCD_CLEAR);  //Limpiiar LCD
0x0352	0x0E01      	MOVLW       1
0x0354	0x6E56      	MOVWF       FARG_Lcd_Cmd_out_char 
0x0356	0xDE75      	RCALL       _Lcd_Cmd
;Tortillas.c,55 :: 		Lcd_out(1,1, "Encendido");
0x0358	0x0E01      	MOVLW       1
0x035A	0x6E4C      	MOVWF       FARG_Lcd_Out_row 
0x035C	0x0E01      	MOVLW       1
0x035E	0x6E4D      	MOVWF       FARG_Lcd_Out_column 
0x0360	0x0E1B      	MOVLW       ?lstr3_Tortillas
0x0362	0x6E4E      	MOVWF       FARG_Lcd_Out_text 
0x0364	0x0E00      	MOVLW       hi_addr(?lstr3_Tortillas)
0x0366	0x6E4F      	MOVWF       FARG_Lcd_Out_text+1 
0x0368	0xDF3D      	RCALL       _Lcd_Out
;Tortillas.c,56 :: 		}
L_main13:
;Tortillas.c,57 :: 		}while((entrada == 0) &&(PORTC.F0 == 0));
0x036A	0x0E00      	MOVLW       0
0x036C	0x1832      	XORWF       _entrada+1, 0 
0x036E	0xE102      	BNZ         L__main31
0x0370	0x0E00      	MOVLW       0
0x0372	0x1831      	XORWF       _entrada, 0 
L__main31:
0x0374	0xE103      	BNZ         L__main28
0x0376	0xB082      	BTFSC       PORTC, 0 
0x0378	0xD001      	BRA         L__main28
0x037A	0xD7C4      	BRA         L_main4
L__main28:
;Tortillas.c,59 :: 		if( (PORTC.F0 == 0) && entrada ==1 ){
0x037C	0xB082      	BTFSC       PORTC, 0 
0x037E	0xD05C      	BRA         L_main19
0x0380	0x0E00      	MOVLW       0
0x0382	0x1832      	XORWF       _entrada+1, 0 
0x0384	0xE102      	BNZ         L__main32
0x0386	0x0E01      	MOVLW       1
0x0388	0x1831      	XORWF       _entrada, 0 
L__main32:
0x038A	0xE156      	BNZ         L_main19
L__main27:
;Tortillas.c,61 :: 		PORTC.F1 = 1;
0x038C	0x8282      	BSF         PORTC, 1 
;Tortillas.c,62 :: 		for(i=0; i<10; i++){
0x038E	0x6A25      	CLRF        _i 
0x0390	0x6A26      	CLRF        _i+1 
L_main20:
0x0392	0x0E80      	MOVLW       128
0x0394	0x1826      	XORWF       _i+1, 0 
0x0396	0x6E00      	MOVWF       R0 
0x0398	0x0E80      	MOVLW       128
0x039A	0x5C00      	SUBWF       R0, 0 
0x039C	0xE102      	BNZ         L__main33
0x039E	0x0E0A      	MOVLW       10
0x03A0	0x5C25      	SUBWF       _i, 0 
L__main33:
0x03A2	0xE22D      	BC          L_main21
;Tortillas.c,63 :: 		if(i==9)
0x03A4	0x0E00      	MOVLW       0
0x03A6	0x1826      	XORWF       _i+1, 0 
0x03A8	0xE102      	BNZ         L__main34
0x03AA	0x0E09      	MOVLW       9
0x03AC	0x1825      	XORWF       _i, 0 
L__main34:
0x03AE	0xE10A      	BNZ         L_main23
;Tortillas.c,64 :: 		Lcd_Out (2,2,"10");
0x03B0	0x0E02      	MOVLW       2
0x03B2	0x6E4C      	MOVWF       FARG_Lcd_Out_row 
0x03B4	0x0E02      	MOVLW       2
0x03B6	0x6E4D      	MOVWF       FARG_Lcd_Out_column 
0x03B8	0x0E33      	MOVLW       ?lstr4_Tortillas
0x03BA	0x6E4E      	MOVWF       FARG_Lcd_Out_text 
0x03BC	0x0E00      	MOVLW       hi_addr(?lstr4_Tortillas)
0x03BE	0x6E4F      	MOVWF       FARG_Lcd_Out_text+1 
0x03C0	0xDF11      	RCALL       _Lcd_Out
0x03C2	0xD00D      	BRA         L_main24
L_main23:
;Tortillas.c,66 :: 		Lcd_Chr (2,2, numeros[i]);
0x03C4	0x0E02      	MOVLW       2
0x03C6	0x6E4C      	MOVWF       FARG_Lcd_Chr_row 
0x03C8	0x0E02      	MOVLW       2
0x03CA	0x6E4D      	MOVWF       FARG_Lcd_Chr_column 
0x03CC	0x0E40      	MOVLW       _numeros
0x03CE	0x2425      	ADDWF       _i, 0 
0x03D0	0x6EE9      	MOVWF       FSR0L 
0x03D2	0x0E00      	MOVLW       hi_addr(_numeros)
0x03D4	0x2026      	ADDWFC      _i+1, 0 
0x03D6	0x6EEA      	MOVWF       FSR0H 
0x03D8	0xF04ECFEE  	MOVFF       POSTINC0, FARG_Lcd_Chr_out_char
0x03DC	0xDF40      	RCALL       _Lcd_Chr
;Tortillas.c,67 :: 		}
L_main24:
;Tortillas.c,68 :: 		Delay_ms(100);
0x03DE	0x0E02      	MOVLW       2
0x03E0	0x6E0B      	MOVWF       R11, 0
0x03E2	0x0E04      	MOVLW       4
0x03E4	0x6E0C      	MOVWF       R12, 0
0x03E6	0x0EBA      	MOVLW       186
0x03E8	0x6E0D      	MOVWF       R13, 0
L_main25:
0x03EA	0x2E0D      	DECFSZ      R13, 1, 0
0x03EC	0xD7FE      	BRA         L_main25
0x03EE	0x2E0C      	DECFSZ      R12, 1, 0
0x03F0	0xD7FC      	BRA         L_main25
0x03F2	0x2E0B      	DECFSZ      R11, 1, 0
0x03F4	0xD7FA      	BRA         L_main25
0x03F6	0x0000      	NOP
;Tortillas.c,62 :: 		for(i=0; i<10; i++){
0x03F8	0x4A25      	INFSNZ      _i, 1 
0x03FA	0x2A26      	INCF        _i+1, 1 
;Tortillas.c,69 :: 		}
0x03FC	0xD7CA      	BRA         L_main20
L_main21:
;Tortillas.c,70 :: 		PORTC.F1 = 0;
0x03FE	0x9282      	BCF         PORTC, 1 
;Tortillas.c,71 :: 		PORTC.F2 = 1;
0x0400	0x8482      	BSF         PORTC, 2 
;Tortillas.c,72 :: 		Delay_ms(300);
0x0402	0x0E04      	MOVLW       4
0x0404	0x6E0B      	MOVWF       R11, 0
0x0406	0x0E0C      	MOVLW       12
0x0408	0x6E0C      	MOVWF       R12, 0
0x040A	0x0E33      	MOVLW       51
0x040C	0x6E0D      	MOVWF       R13, 0
L_main26:
0x040E	0x2E0D      	DECFSZ      R13, 1, 0
0x0410	0xD7FE      	BRA         L_main26
0x0412	0x2E0C      	DECFSZ      R12, 1, 0
0x0414	0xD7FC      	BRA         L_main26
0x0416	0x2E0B      	DECFSZ      R11, 1, 0
0x0418	0xD7FA      	BRA         L_main26
0x041A	0x0000      	NOP
0x041C	0x0000      	NOP
;Tortillas.c,73 :: 		PORTC.F2 = 0;
0x041E	0x9482      	BCF         PORTC, 2 
;Tortillas.c,74 :: 		Lcd_Cmd(_LCD_CLEAR);  //Limpiiar LCD
0x0420	0x0E01      	MOVLW       1
0x0422	0x6E56      	MOVWF       FARG_Lcd_Cmd_out_char 
0x0424	0xDE0E      	RCALL       _Lcd_Cmd
;Tortillas.c,75 :: 		Lcd_out(1,1, "Encendido");
0x0426	0x0E01      	MOVLW       1
0x0428	0x6E4C      	MOVWF       FARG_Lcd_Out_row 
0x042A	0x0E01      	MOVLW       1
0x042C	0x6E4D      	MOVWF       FARG_Lcd_Out_column 
0x042E	0x0E36      	MOVLW       ?lstr5_Tortillas
0x0430	0x6E4E      	MOVWF       FARG_Lcd_Out_text 
0x0432	0x0E00      	MOVLW       hi_addr(?lstr5_Tortillas)
0x0434	0x6E4F      	MOVWF       FARG_Lcd_Out_text+1 
0x0436	0xDED6      	RCALL       _Lcd_Out
;Tortillas.c,76 :: 		}
L_main19:
;Tortillas.c,77 :: 		}
0x0438	0xD757      	BRA         L_main2
L_main3:
;Tortillas.c,79 :: 		}
0x043A	0xD753      	BRA         L_main0
;Tortillas.c,80 :: 		}
L_end_main:
0x043C	0xD7FF      	BRA         $+0
; end of _main
0x0474	0xF015EE10  	LFSR        1, 21
0x0478	0x0E35      	MOVLW       53
0x047A	0x6E00      	MOVWF       R0 
0x047C	0x0E01      	MOVLW       1
0x047E	0x6E01      	MOVWF       R1 
0x0480	0x0E3E      	MOVLW       62
0x0482	0x6EF6      	MOVWF       4086 
0x0484	0x0E04      	MOVLW       4
0x0486	0x6EF7      	MOVWF       TBLPTRH 
0x0488	0x0E00      	MOVLW       0
0x048A	0x6EF8      	MOVWF       TBLPTRU 
0x048C	0xF000ECEA  	CALL        468, 0
0x0490	0x0012      	RETURN      0
;Tortillas.c,0 :: ?ICS?lstr2_Tortillas
0x043E	0x7245 ;?ICS?lstr2_Tortillas+0
0x0440	0x6F72 ;?ICS?lstr2_Tortillas+2
0x0442	0x0072 ;?ICS?lstr2_Tortillas+4
; end of ?ICS?lstr2_Tortillas
;Tortillas.c,0 :: ?ICS?lstr3_Tortillas
0x0444	0x6E45 ;?ICS?lstr3_Tortillas+0
0x0446	0x6563 ;?ICS?lstr3_Tortillas+2
0x0448	0x646E ;?ICS?lstr3_Tortillas+4
0x044A	0x6469 ;?ICS?lstr3_Tortillas+6
0x044C	0x006F ;?ICS?lstr3_Tortillas+8
; end of ?ICS?lstr3_Tortillas
;Tortillas.c,0 :: ?ICS_i
0x044E	0x0000 ;?ICS_i+0
; end of ?ICS_i
;Tortillas.c,0 :: ?ICS?lstr1_Tortillas
0x0450	0x6E45 ;?ICS?lstr1_Tortillas+0
0x0452	0x6563 ;?ICS?lstr1_Tortillas+2
0x0454	0x646E ;?ICS?lstr1_Tortillas+4
0x0456	0x6469 ;?ICS?lstr1_Tortillas+6
0x0458	0x006F ;?ICS?lstr1_Tortillas+8
; end of ?ICS?lstr1_Tortillas
;Tortillas.c,0 :: ?ICS_entrada
0x045A	0x0000 ;?ICS_entrada+0
; end of ?ICS_entrada
;Tortillas.c,0 :: ?ICS?lstr4_Tortillas
0x045C	0x3031 ;?ICS?lstr4_Tortillas+0
0x045E	0x00 ;?ICS?lstr4_Tortillas+2
; end of ?ICS?lstr4_Tortillas
;Tortillas.c,0 :: ?ICS?lstr5_Tortillas
0x045F	0x6E45 ;?ICS?lstr5_Tortillas+0
0x0461	0x6563 ;?ICS?lstr5_Tortillas+2
0x0463	0x646E ;?ICS?lstr5_Tortillas+4
0x0465	0x6469 ;?ICS?lstr5_Tortillas+6
0x0467	0x006F ;?ICS?lstr5_Tortillas+8
; end of ?ICS?lstr5_Tortillas
;Tortillas.c,0 :: ?ICS_numeros
0x0469	0x3231 ;?ICS_numeros+0
0x046B	0x3433 ;?ICS_numeros+2
0x046D	0x3635 ;?ICS_numeros+4
0x046F	0x3837 ;?ICS_numeros+6
0x0471	0x4F39 ;?ICS_numeros+8
; end of ?ICS_numeros
Symbol List:
//** Routines locations **
//ADDRESS    SIZE    PROCEDURE
//----------------------------------------------
0x001C      [10]    _Delay_50us
0x0026      [22]    _Delay_5500us
0x003C       [6]    _Delay_1us
0x0042     [124]    _Lcd_Cmd
0x00BE      [12]    _Delay_10us
0x00CA     [104]    _Keypad_Key_Press
0x0132      [12]    _Lcd_Chr_CP
0x013E     [150]    _Lcd_Init
0x01D4      [16]    ___CC2DW
0x01E4     [122]    _Lcd_Out
0x025E      [90]    _Lcd_Chr
0x02B8      [24]    _Keypad_Key_Click
0x02D0     [366]    _main
//** Variables locations ** 
//ADDRESS    SIZE    VARIABLE
//----------------------------------------------
0x0000       [1]    R0
0x0001       [1]    R1
0x0002       [1]    R2
0x0003       [1]    R3
0x0004       [1]    R4
0x0005       [1]    R5
0x0006       [1]    R6
0x0007       [1]    R7
0x0008       [1]    R8
0x0009       [1]    R9
0x000A       [1]    R10
0x000B       [1]    R11
0x000C       [1]    R12
0x000D       [1]    R13
0x000E       [1]    R14
0x000F       [1]    R15
0x0010       [1]    R16
0x0011       [1]    R17
0x0012       [1]    R18
0x0013       [1]    R19
0x0014       [1]    R20
0x0015       [6]    ?lstr2_Tortillas
0x001B      [10]    ?lstr3_Tortillas
0x0025       [2]    _i
0x0027      [10]    ?lstr1_Tortillas
0x0031       [2]    _entrada
0x0033       [3]    ?lstr4_Tortillas
0x0036      [10]    ?lstr5_Tortillas
0x0040      [10]    _numeros
0x004A       [1]    _kp
0x004B       [0]    __Lib_Lcd_cmd_status
0x004C       [1]    Keypad_Key_Click_rslt_L0
0x004C       [1]    FARG_Lcd_Out_row
0x004C       [1]    FARG_Lcd_Chr_row
0x004D       [1]    FARG_Lcd_Chr_column
0x004D       [1]    FARG_Lcd_Out_column
0x004E       [1]    FARG_Lcd_Chr_out_char
0x004E       [2]    FARG_Lcd_Out_text
0x0050       [1]    Lcd_Out_i_L0
0x0051       [1]    FARG_Lcd_Chr_CP_out_char
0x0051       [1]    Keypad_Key_Press_rslt_L0
0x0052       [1]    Keypad_Key_Press_kdata_L0
0x0053       [1]    Keypad_Key_Press_loc_L0
0x0054       [1]    Keypad_Key_Press_rowcnt_L0
0x0055       [1]    Keypad_Key_Press_shifter_L0
0x0056       [1]    FARG_Lcd_Cmd_out_char
0x0F81       [1]    keypadPort
0x0F81       [1]    PORTB
0x0F82       [1]    PORTC
0x0F83       [0]    LCD_D4
0x0F83       [0]    LCD_EN
0x0F83       [0]    LCD_RS
0x0F83       [0]    LCD_D5
0x0F83       [0]    RD4_bit
0x0F83       [0]    RD5_bit
0x0F83       [0]    LCD_D7
0x0F83       [0]    RD3_bit
0x0F83       [0]    RD7_bit
0x0F83       [0]    RD6_bit
0x0F83       [0]    LCD_D6
0x0F83       [0]    RD2_bit
0x0F94       [1]    TRISC
0x0F95       [0]    LCD_D5_Direction
0x0F95       [0]    TRISD5_bit
0x0F95       [0]    LCD_D4_Direction
0x0F95       [0]    TRISD6_bit
0x0F95       [0]    TRISD7_bit
0x0F95       [0]    LCD_D6_Direction
0x0F95       [0]    LCD_D7_Direction
0x0F95       [0]    TRISD2_bit
0x0F95       [0]    TRISD3_bit
0x0F95       [0]    LCD_EN_Direction
0x0F95       [0]    LCD_RS_Direction
0x0F95       [0]    TRISD4_bit
0x0FD8       [1]    STATUS
0x0FD9       [1]    FSR2L
0x0FDA       [1]    FSR2H
0x0FDE       [1]    POSTINC2
0x0FE0       [1]    BSR
0x0FE1       [1]    FSR1L
0x0FE2       [1]    FSR1H
0x0FE4       [1]    PREINC1
0x0FE6       [1]    POSTINC1
0x0FE7       [1]    INDF1
0x0FE8       [1]    WREG
0x0FE9       [1]    FSR0L
0x0FEA       [1]    FSR0H
0x0FEE       [1]    POSTINC0
0x0FF3       [1]    PRODL
0x0FF4       [1]    PRODH
0x0FF5       [1]    TABLAT
0x0FF6       [1]    TBLPTRL
0x0FF7       [1]    TBLPTRH
0x0FF8       [1]    TBLPTRU
//** Constants locations ** 
//ADDRESS    SIZE    CONSTANT
//----------------------------------------------
0x043E       [6]    ?ICS?lstr2_Tortillas
0x0444      [10]    ?ICS?lstr3_Tortillas
0x044E       [2]    ?ICS_i
0x0450      [10]    ?ICS?lstr1_Tortillas
0x045A       [2]    ?ICS_entrada
0x045C       [3]    ?ICS?lstr4_Tortillas
0x045F      [10]    ?ICS?lstr5_Tortillas
0x0469      [10]    ?ICS_numeros
