;  LST file generated by mikroListExporter - v.2.0 
; Date/Time: 23/11/2018 10:11:23 a. m.
;----------------------------------------------

;Address Opcode 	ASM
0x0000	0xF001EF7D  	GOTO        762
0x0004	0x0000      	NOP
0x0006	0x0000      	NOP
0x0008	0xF000EF00  	GOTO        0
0x000C	0x0000      	NOP
0x000E	0x0000      	NOP
0x0010	0x0000      	NOP
0x0012	0x0000      	NOP
0x0014	0x0000      	NOP
0x0016	0x0000      	NOP
0x0018	0xD7F3      	BRA         0
_Delay_5500us:
;__Lib_Delays.c,31 :: 		void Delay_5500us() {
;__Lib_Delays.c,32 :: 		Delay_us(5500);
0x001C	0x0E0F      	MOVLW       15
0x001E	0x6E0C      	MOVWF       R12, 0
0x0020	0x0E47      	MOVLW       71
0x0022	0x6E0D      	MOVWF       R13, 0
L_Delay_5500us5:
0x0024	0x2E0D      	DECFSZ      R13, 1, 0
0x0026	0xD7FE      	BRA         L_Delay_5500us5
0x0028	0x2E0C      	DECFSZ      R12, 1, 0
0x002A	0xD7FC      	BRA         L_Delay_5500us5
0x002C	0x0000      	NOP
0x002E	0x0000      	NOP
;__Lib_Delays.c,33 :: 		}
L_end_Delay_5500us:
0x0030	0x0012      	RETURN      0
; end of _Delay_5500us
_Delay_50us:
;__Lib_Delays.c,19 :: 		void Delay_50us() {
;__Lib_Delays.c,20 :: 		Delay_us(50);
0x0032	0x0E21      	MOVLW       33
0x0034	0x6E0D      	MOVWF       R13, 0
L_Delay_50us2:
0x0036	0x2E0D      	DECFSZ      R13, 1, 0
0x0038	0xD7FE      	BRA         L_Delay_50us2
;__Lib_Delays.c,21 :: 		}
L_end_Delay_50us:
0x003A	0x0012      	RETURN      0
; end of _Delay_50us
_Delay_1us:
;__Lib_Delays.c,7 :: 		void Delay_1us() {
;__Lib_Delays.c,8 :: 		Delay_us(1);
0x003C	0x0000      	NOP
0x003E	0x0000      	NOP
;__Lib_Delays.c,9 :: 		}
L_end_Delay_1us:
0x0040	0x0012      	RETURN      0
; end of _Delay_1us
_Lcd_Cmd:
;__Lib_Lcd.c,18 :: 		
;__Lib_Lcd.c,20 :: 		
0x0042	0x0100      	MOVLB       0
0x0044	0xBF88      	BTFSC       FARG_Lcd_Cmd_out_char, 7, 1
0x0046	0xD002      	BRA         L__Lcd_Cmd21
0x0048	0x9E83      	BCF         LCD_D7, BitPos(LCD_D7+0) 
0x004A	0xD001      	BRA         L__Lcd_Cmd22
L__Lcd_Cmd21:
0x004C	0x8E83      	BSF         LCD_D7, BitPos(LCD_D7+0) 
L__Lcd_Cmd22:
;__Lib_Lcd.c,21 :: 		
0x004E	0xBD88      	BTFSC       FARG_Lcd_Cmd_out_char, 6, 1
0x0050	0xD002      	BRA         L__Lcd_Cmd23
0x0052	0x9C83      	BCF         LCD_D6, BitPos(LCD_D6+0) 
0x0054	0xD001      	BRA         L__Lcd_Cmd24
L__Lcd_Cmd23:
0x0056	0x8C83      	BSF         LCD_D6, BitPos(LCD_D6+0) 
L__Lcd_Cmd24:
;__Lib_Lcd.c,22 :: 		
0x0058	0xBB88      	BTFSC       FARG_Lcd_Cmd_out_char, 5, 1
0x005A	0xD002      	BRA         L__Lcd_Cmd25
0x005C	0x9A83      	BCF         LCD_D5, BitPos(LCD_D5+0) 
0x005E	0xD001      	BRA         L__Lcd_Cmd26
L__Lcd_Cmd25:
0x0060	0x8A83      	BSF         LCD_D5, BitPos(LCD_D5+0) 
L__Lcd_Cmd26:
;__Lib_Lcd.c,23 :: 		
0x0062	0xB988      	BTFSC       FARG_Lcd_Cmd_out_char, 4, 1
0x0064	0xD002      	BRA         L__Lcd_Cmd27
0x0066	0x9883      	BCF         LCD_D4, BitPos(LCD_D4+0) 
0x0068	0xD001      	BRA         L__Lcd_Cmd28
L__Lcd_Cmd27:
0x006A	0x8883      	BSF         LCD_D4, BitPos(LCD_D4+0) 
L__Lcd_Cmd28:
;__Lib_Lcd.c,25 :: 		
0x006C	0xB17C      	BTFSC       __Lib_Lcd_cmd_status, BitPos(__Lib_Lcd_cmd_status+0), 1
0x006E	0xD002      	BRA         L__Lcd_Cmd29
0x0070	0x8483      	BSF         LCD_RS, BitPos(LCD_RS+0) 
0x0072	0xD001      	BRA         L__Lcd_Cmd30
L__Lcd_Cmd29:
0x0074	0x9483      	BCF         LCD_RS, BitPos(LCD_RS+0) 
L__Lcd_Cmd30:
;__Lib_Lcd.c,28 :: 		
0x0076	0x8683      	BSF         LCD_EN, BitPos(LCD_EN+0) 
;__Lib_Lcd.c,29 :: 		
0x0078	0xDFE1      	RCALL       _Delay_1us
;__Lib_Lcd.c,30 :: 		
0x007A	0x9683      	BCF         LCD_EN, BitPos(LCD_EN+0) 
;__Lib_Lcd.c,33 :: 		
0x007C	0xB788      	BTFSC       FARG_Lcd_Cmd_out_char, 3, 1
0x007E	0xD002      	BRA         L__Lcd_Cmd31
0x0080	0x9E83      	BCF         LCD_D7, BitPos(LCD_D7+0) 
0x0082	0xD001      	BRA         L__Lcd_Cmd32
L__Lcd_Cmd31:
0x0084	0x8E83      	BSF         LCD_D7, BitPos(LCD_D7+0) 
L__Lcd_Cmd32:
;__Lib_Lcd.c,34 :: 		
0x0086	0xB588      	BTFSC       FARG_Lcd_Cmd_out_char, 2, 1
0x0088	0xD002      	BRA         L__Lcd_Cmd33
0x008A	0x9C83      	BCF         LCD_D6, BitPos(LCD_D6+0) 
0x008C	0xD001      	BRA         L__Lcd_Cmd34
L__Lcd_Cmd33:
0x008E	0x8C83      	BSF         LCD_D6, BitPos(LCD_D6+0) 
L__Lcd_Cmd34:
;__Lib_Lcd.c,35 :: 		
0x0090	0xB388      	BTFSC       FARG_Lcd_Cmd_out_char, 1, 1
0x0092	0xD002      	BRA         L__Lcd_Cmd35
0x0094	0x9A83      	BCF         LCD_D5, BitPos(LCD_D5+0) 
0x0096	0xD001      	BRA         L__Lcd_Cmd36
L__Lcd_Cmd35:
0x0098	0x8A83      	BSF         LCD_D5, BitPos(LCD_D5+0) 
L__Lcd_Cmd36:
;__Lib_Lcd.c,36 :: 		
0x009A	0xB188      	BTFSC       FARG_Lcd_Cmd_out_char, 0, 1
0x009C	0xD002      	BRA         L__Lcd_Cmd37
0x009E	0x9883      	BCF         LCD_D4, BitPos(LCD_D4+0) 
0x00A0	0xD001      	BRA         L__Lcd_Cmd38
L__Lcd_Cmd37:
0x00A2	0x8883      	BSF         LCD_D4, BitPos(LCD_D4+0) 
L__Lcd_Cmd38:
;__Lib_Lcd.c,38 :: 		
0x00A4	0xB17C      	BTFSC       __Lib_Lcd_cmd_status, BitPos(__Lib_Lcd_cmd_status+0), 1
0x00A6	0xD002      	BRA         L__Lcd_Cmd39
0x00A8	0x8483      	BSF         LCD_RS, BitPos(LCD_RS+0) 
0x00AA	0xD001      	BRA         L__Lcd_Cmd40
L__Lcd_Cmd39:
0x00AC	0x9483      	BCF         LCD_RS, BitPos(LCD_RS+0) 
L__Lcd_Cmd40:
;__Lib_Lcd.c,40 :: 		
0x00AE	0x8683      	BSF         LCD_EN, BitPos(LCD_EN+0) 
;__Lib_Lcd.c,41 :: 		
0x00B0	0xDFC5      	RCALL       _Delay_1us
;__Lib_Lcd.c,42 :: 		
0x00B2	0x9683      	BCF         LCD_EN, BitPos(LCD_EN+0) 
;__Lib_Lcd.c,44 :: 		
0x00B4	0xA17C      	BTFSS       __Lib_Lcd_cmd_status, BitPos(__Lib_Lcd_cmd_status+0), 1
0x00B6	0xD002      	BRA         L_Lcd_Cmd0
;__Lib_Lcd.c,45 :: 		
0x00B8	0xDFB1      	RCALL       _Delay_5500us
0x00BA	0xD001      	BRA         L_Lcd_Cmd1
L_Lcd_Cmd0:
;__Lib_Lcd.c,47 :: 		
0x00BC	0xDFBA      	RCALL       _Delay_50us
L_Lcd_Cmd1:
;__Lib_Lcd.c,48 :: 		
L_end_Lcd_Cmd:
0x00BE	0x0012      	RETURN      0
; end of _Lcd_Cmd
_Delay_10us:
;__Lib_Delays.c,11 :: 		void Delay_10us() {
;__Lib_Delays.c,12 :: 		Delay_us(10);
0x00C0	0x0E06      	MOVLW       6
0x00C2	0x6E0D      	MOVWF       R13, 0
L_Delay_10us0:
0x00C4	0x2E0D      	DECFSZ      R13, 1, 0
0x00C6	0xD7FE      	BRA         L_Delay_10us0
0x00C8	0x0000      	NOP
;__Lib_Delays.c,13 :: 		}
L_end_Delay_10us:
0x00CA	0x0012      	RETURN      0
; end of _Delay_10us
_Lcd_Chr_CP:
;__Lib_Lcd.c,50 :: 		
;__Lib_Lcd.c,52 :: 		
0x00CC	0x0100      	MOVLB       0
0x00CE	0x917C      	BCF         __Lib_Lcd_cmd_status, BitPos(__Lib_Lcd_cmd_status+0), 1
;__Lib_Lcd.c,53 :: 		
0x00D0	0xF088C083  	MOVFF       FARG_Lcd_Chr_CP_out_char, FARG_Lcd_Cmd_out_char
0x00D4	0xDFB6      	RCALL       _Lcd_Cmd
;__Lib_Lcd.c,54 :: 		
0x00D6	0x817C      	BSF         __Lib_Lcd_cmd_status, BitPos(__Lib_Lcd_cmd_status+0), 1
;__Lib_Lcd.c,55 :: 		
L_end_Lcd_Chr_CP:
0x00D8	0x0012      	RETURN      0
; end of _Lcd_Chr_CP
_Keypad_Key_Press:
;__Lib_Keypad4x4.c,39 :: 		
;__Lib_Keypad4x4.c,43 :: 		
0x00DA	0x0100      	MOVLB       0
0x00DC	0x6B83      	CLRF        Keypad_Key_Press_rslt_L0, 1
;__Lib_Keypad4x4.c,44 :: 		
0x00DE	0x6B85      	CLRF        Keypad_Key_Press_loc_L0, 1
;__Lib_Keypad4x4.c,45 :: 		
0x00E0	0x6B86      	CLRF        Keypad_Key_Press_rowcnt_L0, 1
;__Lib_Keypad4x4.c,46 :: 		
0x00E2	0x0E10      	MOVLW       16
0x00E4	0x6F87      	MOVWF       Keypad_Key_Press_shifter_L0, 1
;__Lib_Keypad4x4.c,48 :: 		
L_Keypad_Key_Press0:
0x00E6	0x0E04      	MOVLW       4
0x00E8	0x5D86      	SUBWF       Keypad_Key_Press_rowcnt_L0, 0, 1
0x00EA	0xE229      	BC          L_Keypad_Key_Press1
;__Lib_Keypad4x4.c,50 :: 		
0x00EC	0x0EF0      	MOVLW       240
0x00EE	0x6E81      	MOVWF       keypadPort 
;__Lib_Keypad4x4.c,51 :: 		
0x00F0	0x0E12      	MOVLW       18
0x00F2	0x6E00      	MOVWF       R0 
0x00F4	0x0E00      	MOVLW       0
0x00F6	0x6E01      	MOVWF       R1 
0x00F8	0x0E81      	MOVLW       keypadPort
0x00FA	0x2400      	ADDWF       R0, 0 
0x00FC	0x6EE1      	MOVWF       FSR1L 
0x00FE	0x0E0F      	MOVLW       hi_addr(keypadPort)
0x0100	0x2001      	ADDWFC      R1, 0 
0x0102	0x6EE2      	MOVWF       FSR1H 
0x0104	0x1D87      	COMF        Keypad_Key_Press_shifter_L0, 0, 1
0x0106	0x6E00      	MOVWF       R0 
0x0108	0xFFE6C000  	MOVFF       R0, POSTINC1
;__Lib_Keypad4x4.c,55 :: 		
0x010C	0xDF97      	RCALL       _Delay_1us
;__Lib_Keypad4x4.c,56 :: 		
0x010E	0xDF96      	RCALL       _Delay_1us
;__Lib_Keypad4x4.c,57 :: 		
0x0110	0x0E0F      	MOVLW       15
0x0112	0x1481      	ANDWF       keypadPort, 0 
0x0114	0x6E00      	MOVWF       R0 
0x0116	0xF084C000  	MOVFF       R0, Keypad_Key_Press_kdata_L0
;__Lib_Keypad4x4.c,58 :: 		
0x011A	0x5200      	MOVF        R0, 1 
0x011C	0xE00A      	BZ          L_Keypad_Key_Press2
;__Lib_Keypad4x4.c,60 :: 		
0x011E	0xF083C085  	MOVFF       Keypad_Key_Press_loc_L0, Keypad_Key_Press_rslt_L0
;__Lib_Keypad4x4.c,61 :: 		
L_Keypad_Key_Press3:
0x0122	0x5384      	MOVF        Keypad_Key_Press_kdata_L0, 1, 1
0x0124	0xE004      	BZ          L_Keypad_Key_Press4
;__Lib_Keypad4x4.c,62 :: 		
0x0126	0x3384      	RRCF        Keypad_Key_Press_kdata_L0, 1, 1
0x0128	0x9F84      	BCF         Keypad_Key_Press_kdata_L0, 7, 1
;__Lib_Keypad4x4.c,63 :: 		
0x012A	0x2B83      	INCF        Keypad_Key_Press_rslt_L0, 1, 1
;__Lib_Keypad4x4.c,64 :: 		
0x012C	0xD7FA      	BRA         L_Keypad_Key_Press3
L_Keypad_Key_Press4:
;__Lib_Keypad4x4.c,66 :: 		
0x012E	0x0E04      	MOVLW       4
0x0130	0x6F86      	MOVWF       Keypad_Key_Press_rowcnt_L0, 1
;__Lib_Keypad4x4.c,67 :: 		
L_Keypad_Key_Press2:
;__Lib_Keypad4x4.c,68 :: 		
0x0132	0x3787      	RLCF        Keypad_Key_Press_shifter_L0, 1, 1
0x0134	0x9187      	BCF         Keypad_Key_Press_shifter_L0, 0, 1
;__Lib_Keypad4x4.c,69 :: 		
0x0136	0x0E04      	MOVLW       4
0x0138	0x2785      	ADDWF       Keypad_Key_Press_loc_L0, 1, 1
;__Lib_Keypad4x4.c,70 :: 		
0x013A	0x2B86      	INCF        Keypad_Key_Press_rowcnt_L0, 1, 1
;__Lib_Keypad4x4.c,71 :: 		
0x013C	0xD7D4      	BRA         L_Keypad_Key_Press0
L_Keypad_Key_Press1:
;__Lib_Keypad4x4.c,73 :: 		
0x013E	0xF000C083  	MOVFF       Keypad_Key_Press_rslt_L0, R0
;__Lib_Keypad4x4.c,74 :: 		
L_end_Keypad_Key_Press:
0x0142	0x0012      	RETURN      0
; end of _Keypad_Key_Press
_Lcd_Init:
;__Lib_Lcd.c,84 :: 		
;__Lib_Lcd.c,86 :: 		
0x0144	0x9695      	BCF         LCD_EN_Direction, BitPos(LCD_EN_Direction+0) 
;__Lib_Lcd.c,87 :: 		
0x0146	0x9495      	BCF         LCD_RS_Direction, BitPos(LCD_RS_Direction+0) 
;__Lib_Lcd.c,88 :: 		
0x0148	0x9895      	BCF         LCD_D4_Direction, BitPos(LCD_D4_Direction+0) 
;__Lib_Lcd.c,89 :: 		
0x014A	0x9A95      	BCF         LCD_D5_Direction, BitPos(LCD_D5_Direction+0) 
;__Lib_Lcd.c,90 :: 		
0x014C	0x9C95      	BCF         LCD_D6_Direction, BitPos(LCD_D6_Direction+0) 
;__Lib_Lcd.c,91 :: 		
0x014E	0x9E95      	BCF         LCD_D7_Direction, BitPos(LCD_D7_Direction+0) 
;__Lib_Lcd.c,93 :: 		
0x0150	0x9683      	BCF         LCD_EN, BitPos(LCD_EN+0) 
;__Lib_Lcd.c,94 :: 		
0x0152	0x9483      	BCF         LCD_RS, BitPos(LCD_RS+0) 
;__Lib_Lcd.c,95 :: 		
0x0154	0x9E83      	BCF         LCD_D7, BitPos(LCD_D7+0) 
;__Lib_Lcd.c,96 :: 		
0x0156	0x9C83      	BCF         LCD_D6, BitPos(LCD_D6+0) 
;__Lib_Lcd.c,97 :: 		
0x0158	0x9A83      	BCF         LCD_D5, BitPos(LCD_D5+0) 
;__Lib_Lcd.c,98 :: 		
0x015A	0x9883      	BCF         LCD_D4, BitPos(LCD_D4+0) 
;__Lib_Lcd.c,100 :: 		
0x015C	0xDF5F      	RCALL       _Delay_5500us
;__Lib_Lcd.c,101 :: 		
0x015E	0xDF5E      	RCALL       _Delay_5500us
;__Lib_Lcd.c,102 :: 		
0x0160	0xDF5D      	RCALL       _Delay_5500us
;__Lib_Lcd.c,105 :: 		
0x0162	0x8A83      	BSF         LCD_D5, BitPos(LCD_D5+0) 
;__Lib_Lcd.c,106 :: 		
0x0164	0x8883      	BSF         LCD_D4, BitPos(LCD_D4+0) 
;__Lib_Lcd.c,107 :: 		
0x0166	0x8683      	BSF         LCD_EN, BitPos(LCD_EN+0) 
;__Lib_Lcd.c,108 :: 		
0x0168	0xDF69      	RCALL       _Delay_1us
;__Lib_Lcd.c,109 :: 		
0x016A	0x9683      	BCF         LCD_EN, BitPos(LCD_EN+0) 
;__Lib_Lcd.c,110 :: 		
0x016C	0xDF57      	RCALL       _Delay_5500us
;__Lib_Lcd.c,112 :: 		
0x016E	0x8683      	BSF         LCD_EN, BitPos(LCD_EN+0) 
;__Lib_Lcd.c,113 :: 		
0x0170	0xDF65      	RCALL       _Delay_1us
;__Lib_Lcd.c,114 :: 		
0x0172	0x9683      	BCF         LCD_EN, BitPos(LCD_EN+0) 
;__Lib_Lcd.c,115 :: 		
0x0174	0xDF53      	RCALL       _Delay_5500us
;__Lib_Lcd.c,117 :: 		
0x0176	0x8683      	BSF         LCD_EN, BitPos(LCD_EN+0) 
;__Lib_Lcd.c,118 :: 		
0x0178	0xDF61      	RCALL       _Delay_1us
;__Lib_Lcd.c,119 :: 		
0x017A	0x9683      	BCF         LCD_EN, BitPos(LCD_EN+0) 
;__Lib_Lcd.c,120 :: 		
0x017C	0xDF4F      	RCALL       _Delay_5500us
;__Lib_Lcd.c,123 :: 		
0x017E	0x9883      	BCF         LCD_D4, BitPos(LCD_D4+0) 
;__Lib_Lcd.c,124 :: 		
0x0180	0x8683      	BSF         LCD_EN, BitPos(LCD_EN+0) 
;__Lib_Lcd.c,125 :: 		
0x0182	0xDF5C      	RCALL       _Delay_1us
;__Lib_Lcd.c,126 :: 		
0x0184	0x9683      	BCF         LCD_EN, BitPos(LCD_EN+0) 
;__Lib_Lcd.c,127 :: 		
0x0186	0xDF4A      	RCALL       _Delay_5500us
;__Lib_Lcd.c,130 :: 		
0x0188	0x8683      	BSF         LCD_EN, BitPos(LCD_EN+0) 
;__Lib_Lcd.c,131 :: 		
0x018A	0xDF58      	RCALL       _Delay_1us
;__Lib_Lcd.c,132 :: 		
0x018C	0x9683      	BCF         LCD_EN, BitPos(LCD_EN+0) 
;__Lib_Lcd.c,134 :: 		
0x018E	0x9A83      	BCF         LCD_D5, BitPos(LCD_D5+0) 
;__Lib_Lcd.c,135 :: 		
0x0190	0x8E83      	BSF         LCD_D7, BitPos(LCD_D7+0) 
;__Lib_Lcd.c,136 :: 		
0x0192	0x8683      	BSF         LCD_EN, BitPos(LCD_EN+0) 
;__Lib_Lcd.c,137 :: 		
0x0194	0xDF53      	RCALL       _Delay_1us
;__Lib_Lcd.c,138 :: 		
0x0196	0x9683      	BCF         LCD_EN, BitPos(LCD_EN+0) 
;__Lib_Lcd.c,139 :: 		
0x0198	0xDF41      	RCALL       _Delay_5500us
;__Lib_Lcd.c,142 :: 		
0x019A	0x9E83      	BCF         LCD_D7, BitPos(LCD_D7+0) 
;__Lib_Lcd.c,143 :: 		
0x019C	0x8883      	BSF         LCD_D4, BitPos(LCD_D4+0) 
;__Lib_Lcd.c,144 :: 		
0x019E	0x8683      	BSF         LCD_EN, BitPos(LCD_EN+0) 
;__Lib_Lcd.c,145 :: 		
0x01A0	0xDF4D      	RCALL       _Delay_1us
;__Lib_Lcd.c,146 :: 		
0x01A2	0x9683      	BCF         LCD_EN, BitPos(LCD_EN+0) 
;__Lib_Lcd.c,148 :: 		
0x01A4	0x9883      	BCF         LCD_D4, BitPos(LCD_D4+0) 
;__Lib_Lcd.c,149 :: 		
0x01A6	0x8683      	BSF         LCD_EN, BitPos(LCD_EN+0) 
;__Lib_Lcd.c,150 :: 		
0x01A8	0xDF49      	RCALL       _Delay_1us
;__Lib_Lcd.c,151 :: 		
0x01AA	0x9683      	BCF         LCD_EN, BitPos(LCD_EN+0) 
;__Lib_Lcd.c,152 :: 		
0x01AC	0xDF37      	RCALL       _Delay_5500us
;__Lib_Lcd.c,155 :: 		
0x01AE	0x8683      	BSF         LCD_EN, BitPos(LCD_EN+0) 
;__Lib_Lcd.c,156 :: 		
0x01B0	0xDF45      	RCALL       _Delay_1us
;__Lib_Lcd.c,157 :: 		
0x01B2	0x9683      	BCF         LCD_EN, BitPos(LCD_EN+0) 
;__Lib_Lcd.c,159 :: 		
0x01B4	0x8883      	BSF         LCD_D4, BitPos(LCD_D4+0) 
;__Lib_Lcd.c,160 :: 		
0x01B6	0x8683      	BSF         LCD_EN, BitPos(LCD_EN+0) 
;__Lib_Lcd.c,161 :: 		
0x01B8	0xDF41      	RCALL       _Delay_1us
;__Lib_Lcd.c,162 :: 		
0x01BA	0x9683      	BCF         LCD_EN, BitPos(LCD_EN+0) 
;__Lib_Lcd.c,163 :: 		
0x01BC	0xDF2F      	RCALL       _Delay_5500us
;__Lib_Lcd.c,166 :: 		
0x01BE	0x9883      	BCF         LCD_D4, BitPos(LCD_D4+0) 
;__Lib_Lcd.c,167 :: 		
0x01C0	0x8683      	BSF         LCD_EN, BitPos(LCD_EN+0) 
;__Lib_Lcd.c,168 :: 		
0x01C2	0xDF3C      	RCALL       _Delay_1us
;__Lib_Lcd.c,169 :: 		
0x01C4	0x9683      	BCF         LCD_EN, BitPos(LCD_EN+0) 
;__Lib_Lcd.c,171 :: 		
0x01C6	0x8E83      	BSF         LCD_D7, BitPos(LCD_D7+0) 
;__Lib_Lcd.c,172 :: 		
0x01C8	0x8C83      	BSF         LCD_D6, BitPos(LCD_D6+0) 
;__Lib_Lcd.c,173 :: 		
0x01CA	0x8A83      	BSF         LCD_D5, BitPos(LCD_D5+0) 
;__Lib_Lcd.c,174 :: 		
0x01CC	0x8883      	BSF         LCD_D4, BitPos(LCD_D4+0) 
;__Lib_Lcd.c,175 :: 		
0x01CE	0x8683      	BSF         LCD_EN, BitPos(LCD_EN+0) 
;__Lib_Lcd.c,176 :: 		
0x01D0	0xDF35      	RCALL       _Delay_1us
;__Lib_Lcd.c,177 :: 		
0x01D2	0x9683      	BCF         LCD_EN, BitPos(LCD_EN+0) 
;__Lib_Lcd.c,179 :: 		
0x01D4	0xDF23      	RCALL       _Delay_5500us
;__Lib_Lcd.c,181 :: 		
0x01D6	0x0100      	MOVLB       0
0x01D8	0x817C      	BSF         __Lib_Lcd_cmd_status, BitPos(__Lib_Lcd_cmd_status+0), 1
;__Lib_Lcd.c,182 :: 		
L_end_Lcd_Init:
0x01DA	0x0012      	RETURN      0
; end of _Lcd_Init
___CC2DW:
;__Lib_System.c,21 :: 		
;__Lib_System.c,23 :: 		
_CC2DL_Loop1:
;__Lib_System.c,24 :: 		
0x01DC	0x0009      	TBLRD*+
;__Lib_System.c,25 :: 		
0x01DE	0xFFE6CFF5  	MOVFF       TABLAT, POSTINC1
;__Lib_System.c,26 :: 		
0x01E2	0x0600      	DECF        R0, 1, 0
;__Lib_System.c,27 :: 		
0x01E4	0xE1FB      	BNZ         _CC2DL_Loop1
;__Lib_System.c,28 :: 		
0x01E6	0x0601      	DECF        R1, 1, 0
;__Lib_System.c,29 :: 		
0x01E8	0xE1F9      	BNZ         _CC2DL_Loop1
;__Lib_System.c,31 :: 		
L_end___CC2DW:
0x01EA	0x0012      	RETURN      0
; end of ___CC2DW
_Keypad_Init:
;__Lib_Keypad4x4.c,34 :: 		
;__Lib_Keypad4x4.c,35 :: 		
0x01EC	0x0E12      	MOVLW       18
0x01EE	0x6E00      	MOVWF       R0 
0x01F0	0x0E00      	MOVLW       0
0x01F2	0x6E01      	MOVWF       R1 
0x01F4	0x0E81      	MOVLW       keypadPort
0x01F6	0x2400      	ADDWF       R0, 0 
0x01F8	0x6EE1      	MOVWF       FSR1L 
0x01FA	0x0E0F      	MOVLW       hi_addr(keypadPort)
0x01FC	0x2001      	ADDWFC      R1, 0 
0x01FE	0x6EE2      	MOVWF       FSR1H 
0x0200	0x0EFF      	MOVLW       255
0x0202	0x6EE6      	MOVWF       POSTINC1 
;__Lib_Keypad4x4.c,36 :: 		
L_end_Keypad_Init:
0x0204	0x0012      	RETURN      0
; end of _Keypad_Init
_Keypad_Key_Click:
;__Lib_Keypad4x4.c,77 :: 		
;__Lib_Keypad4x4.c,81 :: 		
0x0206	0xDF69      	RCALL       _Keypad_Key_Press
0x0208	0xF07EC000  	MOVFF       R0, Keypad_Key_Click_rslt_L0
;__Lib_Keypad4x4.c,83 :: 		
L_Keypad_Key_Click5:
0x020C	0x0E0F      	MOVLW       15
0x020E	0x1481      	ANDWF       keypadPort, 0 
0x0210	0x6E00      	MOVWF       R0 
0x0212	0xE002      	BZ          L_Keypad_Key_Click6
;__Lib_Keypad4x4.c,84 :: 		
0x0214	0xDF55      	RCALL       _Delay_10us
0x0216	0xD7FA      	BRA         L_Keypad_Key_Click5
L_Keypad_Key_Click6:
;__Lib_Keypad4x4.c,86 :: 		
0x0218	0xF000C07E  	MOVFF       Keypad_Key_Click_rslt_L0, R0
;__Lib_Keypad4x4.c,87 :: 		
L_end_Keypad_Key_Click:
0x021C	0x0012      	RETURN      0
; end of _Keypad_Key_Click
_Lcd_Chr:
;__Lib_Lcd.c,65 :: 		
;__Lib_Lcd.c,66 :: 		
0x021E	0xD010      	BRA         L_Lcd_Chr4
;__Lib_Lcd.c,67 :: 		
L_Lcd_Chr6:
0x0220	0x0E80      	MOVLW       128
0x0222	0x0100      	MOVLB       0
0x0224	0x6F7E      	MOVWF       FARG_Lcd_Chr_row, 1
0x0226	0xD01A      	BRA         L_Lcd_Chr5
;__Lib_Lcd.c,68 :: 		
L_Lcd_Chr7:
0x0228	0x0EC0      	MOVLW       192
0x022A	0x6F7E      	MOVWF       FARG_Lcd_Chr_row, 1
0x022C	0xD017      	BRA         L_Lcd_Chr5
;__Lib_Lcd.c,69 :: 		
L_Lcd_Chr8:
0x022E	0x0E94      	MOVLW       148
0x0230	0x6F7E      	MOVWF       FARG_Lcd_Chr_row, 1
0x0232	0xD014      	BRA         L_Lcd_Chr5
;__Lib_Lcd.c,70 :: 		
L_Lcd_Chr9:
0x0234	0x0ED4      	MOVLW       212
0x0236	0x6F7E      	MOVWF       FARG_Lcd_Chr_row, 1
0x0238	0xD011      	BRA         L_Lcd_Chr5
;__Lib_Lcd.c,71 :: 		
L_Lcd_Chr10:
0x023A	0x0E80      	MOVLW       128
0x023C	0x6F7E      	MOVWF       FARG_Lcd_Chr_row, 1
;__Lib_Lcd.c,72 :: 		
0x023E	0xD00E      	BRA         L_Lcd_Chr5
L_Lcd_Chr4:
0x0240	0x0100      	MOVLB       0
0x0242	0x517E      	MOVF        FARG_Lcd_Chr_row, 0, 1
0x0244	0x0A01      	XORLW       1
0x0246	0xE0EC      	BZ          L_Lcd_Chr6
0x0248	0x517E      	MOVF        FARG_Lcd_Chr_row, 0, 1
0x024A	0x0A02      	XORLW       2
0x024C	0xE0ED      	BZ          L_Lcd_Chr7
0x024E	0x517E      	MOVF        FARG_Lcd_Chr_row, 0, 1
0x0250	0x0A03      	XORLW       3
0x0252	0xE0ED      	BZ          L_Lcd_Chr8
0x0254	0x517E      	MOVF        FARG_Lcd_Chr_row, 0, 1
0x0256	0x0A04      	XORLW       4
0x0258	0xE0ED      	BZ          L_Lcd_Chr9
0x025A	0xD7EF      	BRA         L_Lcd_Chr10
L_Lcd_Chr5:
;__Lib_Lcd.c,74 :: 		
0x025C	0x057F      	DECF        FARG_Lcd_Chr_column, 0, 1
0x025E	0x6E00      	MOVWF       R0 
0x0260	0x517E      	MOVF        FARG_Lcd_Chr_row, 0, 1
0x0262	0x2600      	ADDWF       R0, 1 
0x0264	0xF07EC000  	MOVFF       R0, FARG_Lcd_Chr_row
;__Lib_Lcd.c,76 :: 		
0x0268	0x817C      	BSF         __Lib_Lcd_cmd_status, BitPos(__Lib_Lcd_cmd_status+0), 1
;__Lib_Lcd.c,77 :: 		
0x026A	0xF088C000  	MOVFF       R0, FARG_Lcd_Cmd_out_char
0x026E	0xDEE9      	RCALL       _Lcd_Cmd
;__Lib_Lcd.c,79 :: 		
0x0270	0x917C      	BCF         __Lib_Lcd_cmd_status, BitPos(__Lib_Lcd_cmd_status+0), 1
;__Lib_Lcd.c,80 :: 		
0x0272	0xF088C080  	MOVFF       FARG_Lcd_Chr_out_char, FARG_Lcd_Cmd_out_char
0x0276	0xDEE5      	RCALL       _Lcd_Cmd
;__Lib_Lcd.c,81 :: 		
0x0278	0x817C      	BSF         __Lib_Lcd_cmd_status, BitPos(__Lib_Lcd_cmd_status+0), 1
;__Lib_Lcd.c,82 :: 		
L_end_Lcd_Chr:
0x027A	0x0012      	RETURN      0
; end of _Lcd_Chr
_Lcd_Out:
;__Lib_Lcd.c,184 :: 		
;__Lib_Lcd.c,187 :: 		
0x027C	0xD010      	BRA         L_Lcd_Out11
;__Lib_Lcd.c,188 :: 		
L_Lcd_Out13:
0x027E	0x0E80      	MOVLW       128
0x0280	0x0100      	MOVLB       0
0x0282	0x6F7E      	MOVWF       FARG_Lcd_Out_row, 1
0x0284	0xD01A      	BRA         L_Lcd_Out12
;__Lib_Lcd.c,189 :: 		
L_Lcd_Out14:
0x0286	0x0EC0      	MOVLW       192
0x0288	0x6F7E      	MOVWF       FARG_Lcd_Out_row, 1
0x028A	0xD017      	BRA         L_Lcd_Out12
;__Lib_Lcd.c,190 :: 		
L_Lcd_Out15:
0x028C	0x0E94      	MOVLW       148
0x028E	0x6F7E      	MOVWF       FARG_Lcd_Out_row, 1
0x0290	0xD014      	BRA         L_Lcd_Out12
;__Lib_Lcd.c,191 :: 		
L_Lcd_Out16:
0x0292	0x0ED4      	MOVLW       212
0x0294	0x6F7E      	MOVWF       FARG_Lcd_Out_row, 1
0x0296	0xD011      	BRA         L_Lcd_Out12
;__Lib_Lcd.c,192 :: 		
L_Lcd_Out17:
0x0298	0x0E80      	MOVLW       128
0x029A	0x6F7E      	MOVWF       FARG_Lcd_Out_row, 1
;__Lib_Lcd.c,193 :: 		
0x029C	0xD00E      	BRA         L_Lcd_Out12
L_Lcd_Out11:
0x029E	0x0100      	MOVLB       0
0x02A0	0x517E      	MOVF        FARG_Lcd_Out_row, 0, 1
0x02A2	0x0A01      	XORLW       1
0x02A4	0xE0EC      	BZ          L_Lcd_Out13
0x02A6	0x517E      	MOVF        FARG_Lcd_Out_row, 0, 1
0x02A8	0x0A02      	XORLW       2
0x02AA	0xE0ED      	BZ          L_Lcd_Out14
0x02AC	0x517E      	MOVF        FARG_Lcd_Out_row, 0, 1
0x02AE	0x0A03      	XORLW       3
0x02B0	0xE0ED      	BZ          L_Lcd_Out15
0x02B2	0x517E      	MOVF        FARG_Lcd_Out_row, 0, 1
0x02B4	0x0A04      	XORLW       4
0x02B6	0xE0ED      	BZ          L_Lcd_Out16
0x02B8	0xD7EF      	BRA         L_Lcd_Out17
L_Lcd_Out12:
;__Lib_Lcd.c,194 :: 		
0x02BA	0x057F      	DECF        FARG_Lcd_Out_column, 0, 1
0x02BC	0x6E00      	MOVWF       R0 
0x02BE	0x517E      	MOVF        FARG_Lcd_Out_row, 0, 1
0x02C0	0x2600      	ADDWF       R0, 1 
0x02C2	0xF07EC000  	MOVFF       R0, FARG_Lcd_Out_row
;__Lib_Lcd.c,196 :: 		
0x02C6	0xF088C000  	MOVFF       R0, FARG_Lcd_Cmd_out_char
0x02CA	0xDEBB      	RCALL       _Lcd_Cmd
;__Lib_Lcd.c,197 :: 		
0x02CC	0x917C      	BCF         __Lib_Lcd_cmd_status, BitPos(__Lib_Lcd_cmd_status+0), 1
;__Lib_Lcd.c,198 :: 		
0x02CE	0x6B82      	CLRF        Lcd_Out_i_L0, 1
;__Lib_Lcd.c,199 :: 		
L_Lcd_Out18:
0x02D0	0x5182      	MOVF        Lcd_Out_i_L0, 0, 1
0x02D2	0x2580      	ADDWF       FARG_Lcd_Out_text, 0, 1
0x02D4	0x6EE9      	MOVWF       FSR0L 
0x02D6	0x0E00      	MOVLW       0
0x02D8	0x2181      	ADDWFC      FARG_Lcd_Out_text+1, 0, 1
0x02DA	0x6EEA      	MOVWF       FSR0H 
0x02DC	0x52EE      	MOVF        POSTINC0, 1 
0x02DE	0xE00B      	BZ          L_Lcd_Out19
;__Lib_Lcd.c,200 :: 		
0x02E0	0x5182      	MOVF        Lcd_Out_i_L0, 0, 1
0x02E2	0x2580      	ADDWF       FARG_Lcd_Out_text, 0, 1
0x02E4	0x6EE9      	MOVWF       FSR0L 
0x02E6	0x0E00      	MOVLW       0
0x02E8	0x2181      	ADDWFC      FARG_Lcd_Out_text+1, 0, 1
0x02EA	0x6EEA      	MOVWF       FSR0H 
0x02EC	0xF083CFEE  	MOVFF       POSTINC0, FARG_Lcd_Chr_CP_out_char
0x02F0	0xDEED      	RCALL       _Lcd_Chr_CP
0x02F2	0x2B82      	INCF        Lcd_Out_i_L0, 1, 1
0x02F4	0xD7ED      	BRA         L_Lcd_Out18
L_Lcd_Out19:
;__Lib_Lcd.c,201 :: 		
0x02F6	0x817C      	BSF         __Lib_Lcd_cmd_status, BitPos(__Lib_Lcd_cmd_status+0), 1
;__Lib_Lcd.c,202 :: 		
L_end_Lcd_Out:
0x02F8	0x0012      	RETURN      0
; end of _Lcd_Out
_main:
0x02FA	0xF002ECDE  	CALL        1468, 0
;Teclado.c,25 :: 		void main() {
;Teclado.c,26 :: 		cnt = 0;                                 // Reset counter
0x02FE	0x0100      	MOVLB       0
0x0300	0x6B7B      	CLRF        _cnt, 1
;Teclado.c,27 :: 		Keypad_Init();                           // Initialize Keypad
0x0302	0xDF74      	RCALL       _Keypad_Init
;Teclado.c,29 :: 		Lcd_Init();                              // Initialize LCD
0x0304	0xDF1F      	RCALL       _Lcd_Init
;Teclado.c,30 :: 		Lcd_Cmd(_LCD_CLEAR);                     // Clear display
0x0306	0x0E01      	MOVLW       1
0x0308	0x6F88      	MOVWF       FARG_Lcd_Cmd_out_char, 1
0x030A	0xDE9B      	RCALL       _Lcd_Cmd
;Teclado.c,31 :: 		Lcd_Out(1, 1, "  Login Access");                 // Write message text on LCD
0x030C	0x0E01      	MOVLW       1
0x030E	0x6F7E      	MOVWF       FARG_Lcd_Out_row, 1
0x0310	0x0E01      	MOVLW       1
0x0312	0x6F7F      	MOVWF       FARG_Lcd_Out_column, 1
0x0314	0x0E30      	MOVLW       ?lstr1_Teclado
0x0316	0x6F80      	MOVWF       FARG_Lcd_Out_text, 1
0x0318	0x0E00      	MOVLW       hi_addr(?lstr1_Teclado)
0x031A	0x6F81      	MOVWF       FARG_Lcd_Out_text+1, 1
0x031C	0xDFAF      	RCALL       _Lcd_Out
;Teclado.c,32 :: 		Lcd_Out(2, 1, "   ");
0x031E	0x0E02      	MOVLW       2
0x0320	0x6F7E      	MOVWF       FARG_Lcd_Out_row, 1
0x0322	0x0E01      	MOVLW       1
0x0324	0x6F7F      	MOVWF       FARG_Lcd_Out_column, 1
0x0326	0x0E3F      	MOVLW       ?lstr2_Teclado
0x0328	0x6F80      	MOVWF       FARG_Lcd_Out_text, 1
0x032A	0x0E00      	MOVLW       hi_addr(?lstr2_Teclado)
0x032C	0x6F81      	MOVWF       FARG_Lcd_Out_text+1, 1
0x032E	0xDFA6      	RCALL       _Lcd_Out
;Teclado.c,34 :: 		do {
L_main0:
;Teclado.c,35 :: 		kp = 0;                                // Reset key code variable
0x0330	0x6B7D      	CLRF        _kp, 1
;Teclado.c,38 :: 		do
L_main3:
;Teclado.c,40 :: 		kp = Keypad_Key_Click();             // Store key code in kp variable
0x0332	0xDF69      	RCALL       _Keypad_Key_Click
0x0334	0xF07DC000  	MOVFF       R0, _kp
;Teclado.c,41 :: 		while (!kp);
0x0338	0x5200      	MOVF        R0, 1 
0x033A	0xE0FB      	BZ          L_main3
;Teclado.c,43 :: 		switch (kp) {
0x033C	0xD030      	BRA         L_main6
;Teclado.c,49 :: 		case  1: kp = 68; break; // D        // Uncomment this block for keypad4x4
L_main8:
0x033E	0x0E44      	MOVLW       68
0x0340	0x6F7D      	MOVWF       _kp, 1
0x0342	0xD05D      	BRA         L_main7
;Teclado.c,50 :: 		case  2: kp = 35; break; // #
L_main9:
0x0344	0x0E23      	MOVLW       35
0x0346	0x6F7D      	MOVWF       _kp, 1
0x0348	0xD05A      	BRA         L_main7
;Teclado.c,51 :: 		case  3: kp = 48; break; // 0
L_main10:
0x034A	0x0E30      	MOVLW       48
0x034C	0x6F7D      	MOVWF       _kp, 1
0x034E	0xD057      	BRA         L_main7
;Teclado.c,52 :: 		case  4: kp = 42; break; // *
L_main11:
0x0350	0x0E2A      	MOVLW       42
0x0352	0x6F7D      	MOVWF       _kp, 1
0x0354	0xD054      	BRA         L_main7
;Teclado.c,53 :: 		case  5: kp = 67; break; // C
L_main12:
0x0356	0x0E43      	MOVLW       67
0x0358	0x6F7D      	MOVWF       _kp, 1
0x035A	0xD051      	BRA         L_main7
;Teclado.c,54 :: 		case  6: kp = 57; break; // 9
L_main13:
0x035C	0x0E39      	MOVLW       57
0x035E	0x6F7D      	MOVWF       _kp, 1
0x0360	0xD04E      	BRA         L_main7
;Teclado.c,55 :: 		case  7: kp = 56; break; // 8
L_main14:
0x0362	0x0E38      	MOVLW       56
0x0364	0x6F7D      	MOVWF       _kp, 1
0x0366	0xD04B      	BRA         L_main7
;Teclado.c,56 :: 		case  8: kp = 55; break; // 7
L_main15:
0x0368	0x0E37      	MOVLW       55
0x036A	0x6F7D      	MOVWF       _kp, 1
0x036C	0xD048      	BRA         L_main7
;Teclado.c,57 :: 		case  9: kp = 66; break; // B
L_main16:
0x036E	0x0E42      	MOVLW       66
0x0370	0x6F7D      	MOVWF       _kp, 1
0x0372	0xD045      	BRA         L_main7
;Teclado.c,58 :: 		case 10: kp = 54; break; // 6
L_main17:
0x0374	0x0E36      	MOVLW       54
0x0376	0x6F7D      	MOVWF       _kp, 1
0x0378	0xD042      	BRA         L_main7
;Teclado.c,59 :: 		case 11: kp = 53; break; // 5
L_main18:
0x037A	0x0E35      	MOVLW       53
0x037C	0x6F7D      	MOVWF       _kp, 1
0x037E	0xD03F      	BRA         L_main7
;Teclado.c,60 :: 		case 12: kp = 52; break; // 4
L_main19:
0x0380	0x0E34      	MOVLW       52
0x0382	0x6F7D      	MOVWF       _kp, 1
0x0384	0xD03C      	BRA         L_main7
;Teclado.c,61 :: 		case 13: kp = 65; break; // A
L_main20:
0x0386	0x0E41      	MOVLW       65
0x0388	0x6F7D      	MOVWF       _kp, 1
0x038A	0xD039      	BRA         L_main7
;Teclado.c,62 :: 		case 14: kp = 51; break; // 3
L_main21:
0x038C	0x0E33      	MOVLW       51
0x038E	0x6F7D      	MOVWF       _kp, 1
0x0390	0xD036      	BRA         L_main7
;Teclado.c,63 :: 		case 15: kp = 50; break; // 2
L_main22:
0x0392	0x0E32      	MOVLW       50
0x0394	0x6F7D      	MOVWF       _kp, 1
0x0396	0xD033      	BRA         L_main7
;Teclado.c,64 :: 		case 16: kp = 49; break; // 1
L_main23:
0x0398	0x0E31      	MOVLW       49
0x039A	0x6F7D      	MOVWF       _kp, 1
0x039C	0xD030      	BRA         L_main7
;Teclado.c,66 :: 		}
L_main6:
0x039E	0x517D      	MOVF        _kp, 0, 1
0x03A0	0x0A01      	XORLW       1
0x03A2	0xE0CD      	BZ          L_main8
0x03A4	0x517D      	MOVF        _kp, 0, 1
0x03A6	0x0A02      	XORLW       2
0x03A8	0xE0CD      	BZ          L_main9
0x03AA	0x517D      	MOVF        _kp, 0, 1
0x03AC	0x0A03      	XORLW       3
0x03AE	0xE0CD      	BZ          L_main10
0x03B0	0x517D      	MOVF        _kp, 0, 1
0x03B2	0x0A04      	XORLW       4
0x03B4	0xE0CD      	BZ          L_main11
0x03B6	0x517D      	MOVF        _kp, 0, 1
0x03B8	0x0A05      	XORLW       5
0x03BA	0xE0CD      	BZ          L_main12
0x03BC	0x517D      	MOVF        _kp, 0, 1
0x03BE	0x0A06      	XORLW       6
0x03C0	0xE0CD      	BZ          L_main13
0x03C2	0x517D      	MOVF        _kp, 0, 1
0x03C4	0x0A07      	XORLW       7
0x03C6	0xE0CD      	BZ          L_main14
0x03C8	0x517D      	MOVF        _kp, 0, 1
0x03CA	0x0A08      	XORLW       8
0x03CC	0xE0CD      	BZ          L_main15
0x03CE	0x517D      	MOVF        _kp, 0, 1
0x03D0	0x0A09      	XORLW       9
0x03D2	0xE0CD      	BZ          L_main16
0x03D4	0x517D      	MOVF        _kp, 0, 1
0x03D6	0x0A0A      	XORLW       10
0x03D8	0xE0CD      	BZ          L_main17
0x03DA	0x517D      	MOVF        _kp, 0, 1
0x03DC	0x0A0B      	XORLW       11
0x03DE	0xE0CD      	BZ          L_main18
0x03E0	0x517D      	MOVF        _kp, 0, 1
0x03E2	0x0A0C      	XORLW       12
0x03E4	0xE0CD      	BZ          L_main19
0x03E6	0x517D      	MOVF        _kp, 0, 1
0x03E8	0x0A0D      	XORLW       13
0x03EA	0xE0CD      	BZ          L_main20
0x03EC	0x517D      	MOVF        _kp, 0, 1
0x03EE	0x0A0E      	XORLW       14
0x03F0	0xE0CD      	BZ          L_main21
0x03F2	0x517D      	MOVF        _kp, 0, 1
0x03F4	0x0A0F      	XORLW       15
0x03F6	0xE0CD      	BZ          L_main22
0x03F8	0x517D      	MOVF        _kp, 0, 1
0x03FA	0x0A10      	XORLW       16
0x03FC	0xE0CD      	BZ          L_main23
L_main7:
;Teclado.c,68 :: 		if (cnt < 6) {                  // Pressed key differs from previous
0x03FE	0x0E06      	MOVLW       6
0x0400	0x5D7B      	SUBWF       _cnt, 0, 1
0x0402	0xE214      	BC          L_main24
;Teclado.c,69 :: 		entrada[cnt] = kp;
0x0404	0x0E75      	MOVLW       _entrada
0x0406	0x6EE1      	MOVWF       FSR1L 
0x0408	0x0E00      	MOVLW       hi_addr(_entrada)
0x040A	0x6EE2      	MOVWF       FSR1H 
0x040C	0x517B      	MOVF        _cnt, 0, 1
0x040E	0x26E1      	ADDWF       FSR1L, 1 
0x0410	0xB0D8      	BTFSC       STATUS, 0 
0x0412	0x2AE2      	INCF        FSR1H, 1 
0x0414	0xFFE6C07D  	MOVFF       _kp, POSTINC1
;Teclado.c,70 :: 		Lcd_Chr(2,3+cnt, kp);                    // Print * ASCII value on LCD
0x0418	0x0E02      	MOVLW       2
0x041A	0x6F7E      	MOVWF       FARG_Lcd_Chr_row, 1
0x041C	0x517B      	MOVF        _cnt, 0, 1
0x041E	0x0F03      	ADDLW       3
0x0420	0x6F7F      	MOVWF       FARG_Lcd_Chr_column, 1
0x0422	0xF080C07D  	MOVFF       _kp, FARG_Lcd_Chr_out_char
0x0426	0xDEFB      	RCALL       _Lcd_Chr
;Teclado.c,71 :: 		cnt++;
0x0428	0x2B7B      	INCF        _cnt, 1, 1
;Teclado.c,72 :: 		} else {
0x042A	0xD096      	BRA         L_main25
L_main24:
;Teclado.c,73 :: 		cnt = 0;
0x042C	0x6B7B      	CLRF        _cnt, 1
;Teclado.c,74 :: 		for(i=0; i<6; i++){
0x042E	0x6A15      	CLRF        _i 
0x0430	0x6A16      	CLRF        _i+1 
L_main26:
0x0432	0x0E80      	MOVLW       128
0x0434	0x1816      	XORWF       _i+1, 0 
0x0436	0x6E00      	MOVWF       R0 
0x0438	0x0E80      	MOVLW       128
0x043A	0x5C00      	SUBWF       R0, 0 
0x043C	0xE102      	BNZ         L__main36
0x043E	0x0E06      	MOVLW       6
0x0440	0x5C15      	SUBWF       _i, 0 
L__main36:
0x0442	0xE223      	BC          L_main27
;Teclado.c,75 :: 		if( entrada[i] != pass[i] ){
0x0444	0x0E75      	MOVLW       _entrada
0x0446	0x2415      	ADDWF       _i, 0 
0x0448	0x6EE9      	MOVWF       FSR0L 
0x044A	0x0E00      	MOVLW       hi_addr(_entrada)
0x044C	0x2016      	ADDWFC      _i+1, 0 
0x044E	0x6EEA      	MOVWF       FSR0H 
0x0450	0xF002CFEE  	MOVFF       POSTINC0, R2
0x0454	0x0E17      	MOVLW       _pass
0x0456	0x2415      	ADDWF       _i, 0 
0x0458	0x6ED9      	MOVWF       FSR2L 
0x045A	0x0E00      	MOVLW       hi_addr(_pass)
0x045C	0x2016      	ADDWFC      _i+1, 0 
0x045E	0x6EDA      	MOVWF       FSR2H 
0x0460	0xF001CFDE  	MOVFF       POSTINC2, R1
0x0464	0x0E00      	MOVLW       0
0x0466	0x6E00      	MOVWF       R0 
0x0468	0x0E00      	MOVLW       0
0x046A	0xBE01      	BTFSC       R1, 7 
0x046C	0x0EFF      	MOVLW       255
0x046E	0x1800      	XORWF       R0, 0 
0x0470	0xE102      	BNZ         L__main37
0x0472	0x5001      	MOVF        R1, 0 
0x0474	0x1802      	XORWF       R2, 0 
L__main37:
0x0476	0xE006      	BZ          L_main29
;Teclado.c,76 :: 		correct = 0;
0x0478	0x6A2E      	CLRF        _correct 
0x047A	0x6A2F      	CLRF        _correct+1 
;Teclado.c,77 :: 		i=6;
0x047C	0x0E06      	MOVLW       6
0x047E	0x6E15      	MOVWF       _i 
0x0480	0x0E00      	MOVLW       0
0x0482	0x6E16      	MOVWF       _i+1 
;Teclado.c,78 :: 		}
L_main29:
;Teclado.c,74 :: 		for(i=0; i<6; i++){
0x0484	0x4A15      	INFSNZ      _i, 1 
0x0486	0x2A16      	INCF        _i+1, 1 
;Teclado.c,79 :: 		}
0x0488	0xD7D4      	BRA         L_main26
L_main27:
;Teclado.c,80 :: 		if (correct==1){
0x048A	0x0E00      	MOVLW       0
0x048C	0x182F      	XORWF       _correct+1, 0 
0x048E	0xE102      	BNZ         L__main38
0x0490	0x0E01      	MOVLW       1
0x0492	0x182E      	XORWF       _correct, 0 
L__main38:
0x0494	0xE123      	BNZ         L_main30
;Teclado.c,81 :: 		Lcd_Cmd(_LCD_CLEAR);                     // Clear display
0x0496	0x0E01      	MOVLW       1
0x0498	0x6F88      	MOVWF       FARG_Lcd_Cmd_out_char, 1
0x049A	0xDDD3      	RCALL       _Lcd_Cmd
;Teclado.c,82 :: 		Lcd_Out(1, 1, "Login Sucessfull");
0x049C	0x0E01      	MOVLW       1
0x049E	0x6F7E      	MOVWF       FARG_Lcd_Out_row, 1
0x04A0	0x0E01      	MOVLW       1
0x04A2	0x6F7F      	MOVWF       FARG_Lcd_Out_column, 1
0x04A4	0x0E1D      	MOVLW       ?lstr3_Teclado
0x04A6	0x6F80      	MOVWF       FARG_Lcd_Out_text, 1
0x04A8	0x0E00      	MOVLW       hi_addr(?lstr3_Teclado)
0x04AA	0x6F81      	MOVWF       FARG_Lcd_Out_text+1, 1
0x04AC	0xDEE7      	RCALL       _Lcd_Out
;Teclado.c,83 :: 		Lcd_Out(2, 1, "Welcome");
0x04AE	0x0E02      	MOVLW       2
0x04B0	0x6F7E      	MOVWF       FARG_Lcd_Out_row, 1
0x04B2	0x0E01      	MOVLW       1
0x04B4	0x6F7F      	MOVWF       FARG_Lcd_Out_column, 1
0x04B6	0x0E6D      	MOVLW       ?lstr4_Teclado
0x04B8	0x6F80      	MOVWF       FARG_Lcd_Out_text, 1
0x04BA	0x0E00      	MOVLW       hi_addr(?lstr4_Teclado)
0x04BC	0x6F81      	MOVWF       FARG_Lcd_Out_text+1, 1
0x04BE	0xDEDE      	RCALL       _Lcd_Out
;Teclado.c,84 :: 		Delay_ms(20000);
0x04C0	0x0ECB      	MOVLW       203
0x04C2	0x6E0B      	MOVWF       R11, 0
0x04C4	0x0EEC      	MOVLW       236
0x04C6	0x6E0C      	MOVWF       R12, 0
0x04C8	0x0E84      	MOVLW       132
0x04CA	0x6E0D      	MOVWF       R13, 0
L_main31:
0x04CC	0x2E0D      	DECFSZ      R13, 1, 0
0x04CE	0xD7FE      	BRA         L_main31
0x04D0	0x2E0C      	DECFSZ      R12, 1, 0
0x04D2	0xD7FC      	BRA         L_main31
0x04D4	0x2E0B      	DECFSZ      R11, 1, 0
0x04D6	0xD7FA      	BRA         L_main31
0x04D8	0x0000      	NOP
;Teclado.c,85 :: 		}else if (correct == 0){
0x04DA	0xD03E      	BRA         L_main32
L_main30:
0x04DC	0x0E00      	MOVLW       0
0x04DE	0x182F      	XORWF       _correct+1, 0 
0x04E0	0xE102      	BNZ         L__main39
0x04E2	0x0E00      	MOVLW       0
0x04E4	0x182E      	XORWF       _correct, 0 
L__main39:
0x04E6	0xE138      	BNZ         L_main33
;Teclado.c,86 :: 		Lcd_Cmd(_LCD_CLEAR);
0x04E8	0x0E01      	MOVLW       1
0x04EA	0x6F88      	MOVWF       FARG_Lcd_Cmd_out_char, 1
0x04EC	0xDDAA      	RCALL       _Lcd_Cmd
;Teclado.c,87 :: 		Lcd_Out(1, 1, "Login Error");
0x04EE	0x0E01      	MOVLW       1
0x04F0	0x6F7E      	MOVWF       FARG_Lcd_Out_row, 1
0x04F2	0x0E01      	MOVLW       1
0x04F4	0x6F7F      	MOVWF       FARG_Lcd_Out_column, 1
0x04F6	0x0E4D      	MOVLW       ?lstr5_Teclado
0x04F8	0x6F80      	MOVWF       FARG_Lcd_Out_text, 1
0x04FA	0x0E00      	MOVLW       hi_addr(?lstr5_Teclado)
0x04FC	0x6F81      	MOVWF       FARG_Lcd_Out_text+1, 1
0x04FE	0xDEBE      	RCALL       _Lcd_Out
;Teclado.c,88 :: 		Lcd_Out(2, 1, "Try Again");
0x0500	0x0E02      	MOVLW       2
0x0502	0x6F7E      	MOVWF       FARG_Lcd_Out_row, 1
0x0504	0x0E01      	MOVLW       1
0x0506	0x6F7F      	MOVWF       FARG_Lcd_Out_column, 1
0x0508	0x0E43      	MOVLW       ?lstr6_Teclado
0x050A	0x6F80      	MOVWF       FARG_Lcd_Out_text, 1
0x050C	0x0E00      	MOVLW       hi_addr(?lstr6_Teclado)
0x050E	0x6F81      	MOVWF       FARG_Lcd_Out_text+1, 1
0x0510	0xDEB5      	RCALL       _Lcd_Out
;Teclado.c,89 :: 		Delay_ms(1000);
0x0512	0x0E0B      	MOVLW       11
0x0514	0x6E0B      	MOVWF       R11, 0
0x0516	0x0E26      	MOVLW       38
0x0518	0x6E0C      	MOVWF       R12, 0
0x051A	0x0E5D      	MOVLW       93
0x051C	0x6E0D      	MOVWF       R13, 0
L_main34:
0x051E	0x2E0D      	DECFSZ      R13, 1, 0
0x0520	0xD7FE      	BRA         L_main34
0x0522	0x2E0C      	DECFSZ      R12, 1, 0
0x0524	0xD7FC      	BRA         L_main34
0x0526	0x2E0B      	DECFSZ      R11, 1, 0
0x0528	0xD7FA      	BRA         L_main34
0x052A	0x0000      	NOP
0x052C	0x0000      	NOP
;Teclado.c,90 :: 		Lcd_Cmd(_LCD_CLEAR);                     // Clear display
0x052E	0x0E01      	MOVLW       1
0x0530	0x6F88      	MOVWF       FARG_Lcd_Cmd_out_char, 1
0x0532	0xDD87      	RCALL       _Lcd_Cmd
;Teclado.c,91 :: 		Lcd_Out(1, 1, "Insert Password");
0x0534	0x0E01      	MOVLW       1
0x0536	0x6F7E      	MOVWF       FARG_Lcd_Out_row, 1
0x0538	0x0E01      	MOVLW       1
0x053A	0x6F7F      	MOVWF       FARG_Lcd_Out_column, 1
0x053C	0x0E5D      	MOVLW       ?lstr7_Teclado
0x053E	0x6F80      	MOVWF       FARG_Lcd_Out_text, 1
0x0540	0x0E00      	MOVLW       hi_addr(?lstr7_Teclado)
0x0542	0x6F81      	MOVWF       FARG_Lcd_Out_text+1, 1
0x0544	0xDE9B      	RCALL       _Lcd_Out
;Teclado.c,92 :: 		Lcd_Out(2, 1, "   ");
0x0546	0x0E02      	MOVLW       2
0x0548	0x6F7E      	MOVWF       FARG_Lcd_Out_row, 1
0x054A	0x0E01      	MOVLW       1
0x054C	0x6F7F      	MOVWF       FARG_Lcd_Out_column, 1
0x054E	0x0E59      	MOVLW       ?lstr8_Teclado
0x0550	0x6F80      	MOVWF       FARG_Lcd_Out_text, 1
0x0552	0x0E00      	MOVLW       hi_addr(?lstr8_Teclado)
0x0554	0x6F81      	MOVWF       FARG_Lcd_Out_text+1, 1
0x0556	0xDE92      	RCALL       _Lcd_Out
;Teclado.c,93 :: 		}
L_main33:
L_main32:
;Teclado.c,94 :: 		}
L_main25:
;Teclado.c,95 :: 		} while (1);
0x0558	0xD6EB      	BRA         L_main0
;Teclado.c,96 :: 		}
L_end_main:
0x055A	0xD7FF      	BRA         $+0
; end of _main
0x05BC	0xF015EE10  	LFSR        1, 21
0x05C0	0x0E60      	MOVLW       96
0x05C2	0x6E00      	MOVWF       R0 
0x05C4	0x0E01      	MOVLW       1
0x05C6	0x6E01      	MOVWF       R1 
0x05C8	0x0E5C      	MOVLW       92
0x05CA	0x6EF6      	MOVWF       4086 
0x05CC	0x0E05      	MOVLW       5
0x05CE	0x6EF7      	MOVWF       TBLPTRH 
0x05D0	0x0E00      	MOVLW       0
0x05D2	0x6EF8      	MOVWF       TBLPTRU 
0x05D4	0xF000ECEE  	CALL        476, 0
0x05D8	0x0012      	RETURN      0
;Teclado.c,0 :: ?ICS_i
0x055C	0x0000 ;?ICS_i+0
; end of ?ICS_i
;Teclado.c,0 :: ?ICS_pass
0x055E	0x3732 ;?ICS_pass+0
0x0560	0x3032 ;?ICS_pass+2
0x0562	0x3932 ;?ICS_pass+4
; end of ?ICS_pass
;Teclado.c,0 :: ?ICS?lstr3_Teclado
0x0564	0x6F4C ;?ICS?lstr3_Teclado+0
0x0566	0x6967 ;?ICS?lstr3_Teclado+2
0x0568	0x206E ;?ICS?lstr3_Teclado+4
0x056A	0x7553 ;?ICS?lstr3_Teclado+6
0x056C	0x6563 ;?ICS?lstr3_Teclado+8
0x056E	0x7373 ;?ICS?lstr3_Teclado+10
0x0570	0x7566 ;?ICS?lstr3_Teclado+12
0x0572	0x6C6C ;?ICS?lstr3_Teclado+14
0x0574	0x00 ;?ICS?lstr3_Teclado+16
; end of ?ICS?lstr3_Teclado
;Teclado.c,0 :: ?ICS_correct
0x0575	0x0001 ;?ICS_correct+0
; end of ?ICS_correct
;Teclado.c,0 :: ?ICS?lstr1_Teclado
0x0577	0x2020 ;?ICS?lstr1_Teclado+0
0x0579	0x6F4C ;?ICS?lstr1_Teclado+2
0x057B	0x6967 ;?ICS?lstr1_Teclado+4
0x057D	0x206E ;?ICS?lstr1_Teclado+6
0x057F	0x6341 ;?ICS?lstr1_Teclado+8
0x0581	0x6563 ;?ICS?lstr1_Teclado+10
0x0583	0x7373 ;?ICS?lstr1_Teclado+12
0x0585	0x00 ;?ICS?lstr1_Teclado+14
; end of ?ICS?lstr1_Teclado
;Teclado.c,0 :: ?ICS?lstr2_Teclado
0x0586	0x2020 ;?ICS?lstr2_Teclado+0
0x0588	0x0020 ;?ICS?lstr2_Teclado+2
; end of ?ICS?lstr2_Teclado
;Teclado.c,0 :: ?ICS?lstr6_Teclado
0x058A	0x7254 ;?ICS?lstr6_Teclado+0
0x058C	0x2079 ;?ICS?lstr6_Teclado+2
0x058E	0x6741 ;?ICS?lstr6_Teclado+4
0x0590	0x6961 ;?ICS?lstr6_Teclado+6
0x0592	0x006E ;?ICS?lstr6_Teclado+8
; end of ?ICS?lstr6_Teclado
;Teclado.c,0 :: ?ICS?lstr5_Teclado
0x0594	0x6F4C ;?ICS?lstr5_Teclado+0
0x0596	0x6967 ;?ICS?lstr5_Teclado+2
0x0598	0x206E ;?ICS?lstr5_Teclado+4
0x059A	0x7245 ;?ICS?lstr5_Teclado+6
0x059C	0x6F72 ;?ICS?lstr5_Teclado+8
0x059E	0x0072 ;?ICS?lstr5_Teclado+10
; end of ?ICS?lstr5_Teclado
;Teclado.c,0 :: ?ICS?lstr8_Teclado
0x05A0	0x2020 ;?ICS?lstr8_Teclado+0
0x05A2	0x0020 ;?ICS?lstr8_Teclado+2
; end of ?ICS?lstr8_Teclado
;Teclado.c,0 :: ?ICS?lstr7_Teclado
0x05A4	0x6E49 ;?ICS?lstr7_Teclado+0
0x05A6	0x6573 ;?ICS?lstr7_Teclado+2
0x05A8	0x7472 ;?ICS?lstr7_Teclado+4
0x05AA	0x5020 ;?ICS?lstr7_Teclado+6
0x05AC	0x7361 ;?ICS?lstr7_Teclado+8
0x05AE	0x7773 ;?ICS?lstr7_Teclado+10
0x05B0	0x726F ;?ICS?lstr7_Teclado+12
0x05B2	0x0064 ;?ICS?lstr7_Teclado+14
; end of ?ICS?lstr7_Teclado
;Teclado.c,0 :: ?ICS?lstr4_Teclado
0x05B4	0x6557 ;?ICS?lstr4_Teclado+0
0x05B6	0x636C ;?ICS?lstr4_Teclado+2
0x05B8	0x6D6F ;?ICS?lstr4_Teclado+4
0x05BA	0x0065 ;?ICS?lstr4_Teclado+6
; end of ?ICS?lstr4_Teclado
Symbol List:
//** Routines locations **
//ADDRESS    SIZE    PROCEDURE
//----------------------------------------------
0x001C      [22]    _Delay_5500us
0x0032      [10]    _Delay_50us
0x003C       [6]    _Delay_1us
0x0042     [126]    _Lcd_Cmd
0x00C0      [12]    _Delay_10us
0x00CC      [14]    _Lcd_Chr_CP
0x00DA     [106]    _Keypad_Key_Press
0x0144     [152]    _Lcd_Init
0x01DC      [16]    ___CC2DW
0x01EC      [26]    _Keypad_Init
0x0206      [24]    _Keypad_Key_Click
0x021E      [94]    _Lcd_Chr
0x027C     [126]    _Lcd_Out
0x02FA     [610]    _main
//** Variables locations ** 
//ADDRESS    SIZE    VARIABLE
//----------------------------------------------
0x0000       [1]    UART1_Init_tmp_L0
0x0000       [1]    FLASH_Erase_64_SaveINTCON_L0
0x0000       [1]    R0
0x0000       [1]    __Lib_SoftI2C_PutZerosToLATSda_temp_sda_L0
0x0000       [1]    __Lib_SoftI2C_PutZerosToLATScl_temp_scl_L0
0x0000       [1]    EEPROM_Write_SaveINTCON_L0
0x0000       [1]    SPI1_Write_tmp_L0
0x0001       [1]    __Lib_PS2_Wait_Falling_nsample_L0
0x0001       [1]    __Lib_TFT_JPEG_FileReadBytes_Result_L0
0x0001       [1]    R1
0x0001       [1]    __Lib_USB_genHID_?FLOC____Lib_USB_genHID_USB_Handle_BusyT1
0x0001       [1]    __Lib_TFT_16bit_JPEG_FileRead_i_L0
0x0001       [1]    __Lib_TFT_16bit_JPEG_FileReadBytes_Result_L0
0x0001       [2]    FLASH_Read_N_Bytes_i_L0
0x0001       [1]    ispunct_rslt_L0
0x0001       [1]    FLASH_Erase_Write_64_i_L0
0x0001       [1]    __Lib_TFT_JPEG_FileRead_i_L0
0x0001       [1]    FLASH_Write_32_i_L0
0x0001       [1]    UART1_Read___tmp_UART1_Read_L0
0x0002       [1]    FLASH_Erase_Write_64_j_L0
0x0002       [1]    FLASH_Write_32_SaveINTCON_L0
0x0002       [2]    strlen_cp_L0
0x0002       [1]    __Lib_USB_genHID_USB_CtrlTrf_Rx_Service_byteToRead_L0
0x0002       [1]    R2
0x0002       [2]    memcpy_dd_L0
0x0002       [2]    memchr_s_L0
0x0002       [2]    memset_pp_L0
0x0003       [1]    MM_Init_i_L0
0x0003       [2]    memmove_tt_L0
0x0003       [1]    R3
0x0003       [2]    __Lib_USB_genHID_USB_CtrlTrf_Tx_Service_byteToSend_L0
0x0003       [1]    __Lib_USB_genHID_USB_CtrlTrf_Rx_Service_i_L0
0x0003       [1]    FLASH_Erase_Write_64_SaveINTCON_L0
0x0003       [2]    MM_TotalFreeMemSize_Tot_L0
0x0003       [1]    __Lib_Sprinti_?FLOC____Lib_Sprinti_Do_FillT29
0x0003       [2]    __Lib_MmcFat16_f16_toInt_l_L0
0x0003       [2]    Ltrim_original_L0
0x0004       [1]    R4
0x0004       [2]    frexp_pom_L0
0x0004       [1]    __Lib_USB_genHID_GetMaxIndexInDevDsc_index_L0
0x0004       [2]    strncpy_cp_L0
0x0004       [2]    strncat_cp_L0
0x0004       [2]    memcpy_ss_L0
0x0004       [1]    __Lib_Sprinti_?FLOC____Lib_Sprinti_Do_FillT40
0x0004       [2]    strcpy_cp_L0
0x0004       [2]    __Lib_USB_genHID_USB_Transfer_Packet_handle_L0
0x0004       [2]    __Lib_MemManager_MM_GetMemAlign_P_L0
0x0004       [2]    __Lib_USB_genHID_USB_Get_Status_Handler_p_L2
0x0004       [2]    strcat_cp_L0
0x0004       [2]    __Lib_USB_genHID_USB_Std_Feature_Req_Handler_p_L0
0x0005       [2]    memmove_ff_L0
0x0005       [2]    LongWordToHex_input_half_L0
0x0005       [1]    MM_TotalFreeMemSize_i_L0
0x0005       [2]    LongIntToHex_input_half_L0
0x0005       [2]    Ltrim_p_L0
0x0005       [1]    __Lib_Sprinti_?FLOC____Lib_Sprinti_Do_FillT54
0x0005       [1]    R5
0x0006       [1]    __Lib_MemManager_MM_GetMemAlign_i_L0
0x0006       [1]    __Lib_Sprinti_?FLOC____Lib_Sprinti_Do_FillT69
0x0006       [1]    R6
0x0006       [2]    __Lib_USB_genHID_GetMaxIndexInConfigDsc_totalLen_L0
0x0007       [1]    __Lib_TFT_16bit_JPEG_GenerateHuffmanTables_bLength_L0
0x0007       [1]    R7
0x0007       [1]    __Lib_TFT_JPEG_GenerateHuffmanTables_bLength_L0
0x0008       [3]    __Lib_USB_genHID_GetMaxIndexInConfigDsc_ptr_L0
0x0008       [1]    __Lib_TFT_JPEG_GenerateHuffmanTables_bTable_L0
0x0008       [1]    R8
0x0008       [1]    __Lib_TFT_16bit_JPEG_GenerateHuffmanTables_bTable_L0
0x0009       [1]    R9
0x0009       [4]    __Lib_MmcFat16_f16_toLong_l_L0
0x000A       [1]    R10
0x000B       [1]    R11
0x000C       [1]    R12
0x000D       [1]    R13
0x000E       [1]    R14
0x000F       [1]    R15
0x0010       [1]    R16
0x0011       [1]    R17
0x0012       [1]    R18
0x0013       [1]    R19
0x0014       [1]    R20
0x0015       [2]    _i
0x0017       [6]    _pass
0x001D      [17]    ?lstr3_Teclado
0x002E       [2]    _correct
0x0030      [15]    ?lstr1_Teclado
0x003F       [4]    ?lstr2_Teclado
0x0043      [10]    ?lstr6_Teclado
0x004D      [12]    ?lstr5_Teclado
0x0059       [4]    ?lstr8_Teclado
0x005D      [16]    ?lstr7_Teclado
0x006D       [8]    ?lstr4_Teclado
0x0075       [6]    _entrada
0x007B       [1]    _cnt
0x007C       [0]    __Lib_Lcd_cmd_status
0x007D       [1]    _kp
0x007E       [1]    FARG_Lcd_Chr_row
0x007E       [1]    Keypad_Key_Click_rslt_L0
0x007E       [1]    FARG_Lcd_Out_row
0x007F       [1]    FARG_Lcd_Chr_column
0x007F       [1]    FARG_Lcd_Out_column
0x0080       [1]    FARG_Lcd_Chr_out_char
0x0080       [2]    FARG_Lcd_Out_text
0x0082       [1]    Lcd_Out_i_L0
0x0083       [1]    Keypad_Key_Press_rslt_L0
0x0083       [1]    FARG_Lcd_Chr_CP_out_char
0x0084       [1]    Keypad_Key_Press_kdata_L0
0x0085       [1]    Keypad_Key_Press_loc_L0
0x0086       [1]    Keypad_Key_Press_rowcnt_L0
0x0087       [1]    Keypad_Key_Press_shifter_L0
0x0088       [1]    FARG_Lcd_Cmd_out_char
0x0F81       [1]    keypadPort
0x0F81       [1]    PORTB
0x0F83       [0]    LCD_D5
0x0F83       [0]    LCD_D4
0x0F83       [0]    LCD_EN
0x0F83       [0]    LCD_D7
0x0F83       [0]    LCD_D6
0x0F83       [0]    LCD_RS
0x0F83       [0]    RD2_bit
0x0F83       [0]    RD7_bit
0x0F83       [0]    RD4_bit
0x0F83       [0]    RD5_bit
0x0F83       [0]    RD6_bit
0x0F83       [0]    RD3_bit
0x0F95       [0]    LCD_EN_Direction
0x0F95       [0]    LCD_RS_Direction
0x0F95       [0]    TRISD6_bit
0x0F95       [0]    TRISD5_bit
0x0F95       [0]    TRISD7_bit
0x0F95       [0]    TRISD4_bit
0x0F95       [0]    TRISD3_bit
0x0F95       [0]    TRISD2_bit
0x0F95       [0]    LCD_D4_Direction
0x0F95       [0]    LCD_D5_Direction
0x0F95       [0]    LCD_D6_Direction
0x0F95       [0]    LCD_D7_Direction
0x0FD8       [1]    STATUS
0x0FD9       [1]    FSR2L
0x0FDA       [1]    FSR2H
0x0FDE       [1]    POSTINC2
0x0FE0       [1]    BSR
0x0FE1       [1]    FSR1L
0x0FE2       [1]    FSR1H
0x0FE4       [1]    PREINC1
0x0FE6       [1]    POSTINC1
0x0FE7       [1]    INDF1
0x0FE8       [1]    WREG
0x0FE9       [1]    FSR0L
0x0FEA       [1]    FSR0H
0x0FEE       [1]    POSTINC0
0x0FF3       [1]    PRODL
0x0FF4       [1]    PRODH
0x0FF5       [1]    TABLAT
0x0FF6       [1]    TBLPTRL
0x0FF7       [1]    TBLPTRH
0x0FF8       [1]    TBLPTRU
//** Constants locations ** 
//ADDRESS    SIZE    CONSTANT
//----------------------------------------------
0x055C       [2]    ?ICS_i
0x055E       [6]    ?ICS_pass
0x0564      [17]    ?ICS?lstr3_Teclado
0x0575       [2]    ?ICS_correct
0x0577      [15]    ?ICS?lstr1_Teclado
0x0586       [4]    ?ICS?lstr2_Teclado
0x058A      [10]    ?ICS?lstr6_Teclado
0x0594      [12]    ?ICS?lstr5_Teclado
0x05A0       [4]    ?ICS?lstr8_Teclado
0x05A4      [16]    ?ICS?lstr7_Teclado
0x05B4       [8]    ?ICS?lstr4_Teclado
