MPASM 5.77                         SERIE.ASM   11-29-2018  11:32:28         PAGE  1


LOC  OBJECT CODE     LINE SOURCE TEXT
  VALUE

                      00001 ;BOTÓN CONECTADO EN RA0 CON RESISTOR PULL UP(CLICK)
                      00002 ;LED PARA CONTROLAR EL ENCENDIDO Y APAGADO DEL LED EN RD5
                      00003     
                      00004     LIST P=18F4550              ;LISTAMOS PIC A UTILIZAR
                      00005     #INCLUDE<P18F4550.INC>      ;AGREGAMOS LAS LIBRERIAS DEL PIC
                      00001         LIST
                      00002 
                      00003 ;==========================================================================
                      00004 ; Build date : Nov 22 2017
                      00005 ;  MPASM PIC18F4550 processor include
                      00006 ; 
                      00007 ;  (c) Copyright 1999-2017 Microchip Technology, All rights reserved
                      00008 ;==========================================================================
                      00009 
                      01765         LIST
                      00006     #DEFINE BOTON       PORTA,RA1
                      00007     #DEFINE LED1   PORTD,6
                      00008     #DEFINE LED2   PORTD,5
                      00009     #DEFINE LED3   PORTD,4
                      00010     #DEFINE LED4   PORTD,3
                      00011     #DEFINE LED5   PORTD,2
                      00012     #DEFINE LED6   PORTD,1
                      00013     #DEFINE LED7   PORTD,0
                      00014     #DEFINE LED8   PORTD,7
                      00015     ORG .0
                      00016   
Warning[207]: Found label after column 1. (SETTING)
000000 8292           00017  SETTING    BSF  TRISA,1
000002 6A80           00018             CLRF PORTA
000004 6A89           00019             CLRF LATA
000006 6A95           00020             CLRF TRISD
000008 6A83           00021             CLRF PORTD
00000A 6A8C           00022             CLRF LATD
00000C 0E0F           00023             MOVLW .15
00000E 6EC1           00024             MOVWF ADCON1
000010 0E07           00025             MOVLW .7
000012 6EB4           00026             MOVWF CMCON
000014 0ED7           00027             MOVLW B'11010111'
000016 6ED5           00028             MOVWF T0CON
                      00029             
                      00030                 
000018 B280           00031 MAIN    BTFSC   BOTON
00001A D???           00032         BRA     MAIN
00001C EC?? F???      00033 OTRA    CALL    DELAYB
000020 A280           00034         BTFSS   BOTON
000022 D???           00035         BRA     OTRA
000024 EF?? F???      00036         GOTO    SERIE1
                      00037         
000028 6A83           00038 SERIE1  CLRF    PORTD
00002A EC?? F???      00039         CALL    DELAYL
00002E EC?? F???      00040         CALL    DELAYL
000032 EC?? F???      00041         CALL    DELAYL
000036 EC?? F???      00042         CALL    DELAYL
MPASM 5.77                         SERIE.ASM   11-29-2018  11:32:28         PAGE  2


LOC  OBJECT CODE     LINE SOURCE TEXT
  VALUE

00003A EC?? F???      00043         CALL    DELAYL
00003E B280           00044         BTFSC   BOTON
000040 D???           00045         BRA     E1
000042 EC?? F???      00046 OTRA1   CALL    DELAYB
000046 A280           00047         BTFSS   BOTON
000048 D???           00048         BRA     OTRA1
00004A EF?? F???      00049         GOTO    OFFL
                      00050         
00004E 7C83           00051 E1      BTG     LED1
000050 7083           00052         BTG     LED7
000052 EC?? F???      00053         CALL    DELAYL
000056 EC?? F???      00054         CALL    DELAYL
00005A EC?? F???      00055         CALL    DELAYL
00005E EC?? F???      00056         CALL    DELAYL
000062 EC?? F???      00057         CALL    DELAYL
000066 B280           00058         BTFSC   BOTON
000068 D???           00059         BRA     E2
00006A EC?? F???      00060 OTRA2   CALL    DELAYB
00006E A280           00061         BTFSS   BOTON
000070 D???           00062         BRA     OTRA2
000072 EF?? F???      00063         GOTO    OFFL
                      00064         
000076 7A83           00065 E2      BTG     LED2
000078 7283           00066         BTG     LED6
00007A EC?? F???      00067         CALL    DELAYL
00007E EC?? F???      00068         CALL    DELAYL
000082 EC?? F???      00069         CALL    DELAYL
000086 EC?? F???      00070         CALL    DELAYL
00008A EC?? F???      00071         CALL    DELAYL
00008E B280           00072         BTFSC   BOTON
000090 D???           00073         BRA     E3
000092 EC?? F???      00074 OTRA3   CALL    DELAYB
000096 A280           00075         BTFSS   BOTON
000098 D???           00076         BRA     OTRA3
00009A EF?? F???      00077         GOTO    OFFL
                      00078         
00009E 7883           00079 E3      BTG     LED3
0000A0 7483           00080         BTG     LED5
0000A2 EC?? F???      00081         CALL    DELAYL
0000A6 EC?? F???      00082         CALL    DELAYL
0000AA EC?? F???      00083         CALL    DELAYL
0000AE EC?? F???      00084         CALL    DELAYL
0000B2 EC?? F???      00085         CALL    DELAYL
0000B6 B280           00086         BTFSC   BOTON
0000B8 D???           00087         BRA     E4
0000BA EC?? F???      00088 OTRA4   CALL    DELAYB
0000BE A280           00089         BTFSS   BOTON
0000C0 D???           00090         BRA     OTRA4
0000C2 EF?? F???      00091         GOTO    OFFL
                      00092         
0000C6 7683           00093 E4      BTG     LED4
0000C8 EC?? F???      00094         CALL    DELAYL
0000CC EC?? F???      00095         CALL    DELAYL
MPASM 5.77                         SERIE.ASM   11-29-2018  11:32:28         PAGE  3


LOC  OBJECT CODE     LINE SOURCE TEXT
  VALUE

0000D0 EC?? F???      00096         CALL    DELAYL
0000D4 EC?? F???      00097         CALL    DELAYL
0000D8 EC?? F???      00098         CALL    DELAYL
0000DC B280           00099         BTFSC   BOTON
0000DE D???           00100         BRA     E5
0000E0 EC?? F???      00101 OTRA5   CALL    DELAYB
0000E4 A280           00102         BTFSS   BOTON
0000E6 D???           00103         BRA     OTRA5
0000E8 EF?? F???      00104         GOTO    OFFL
                      00105         
0000EC 7683           00106 E5      BTG     LED4
0000EE EC?? F???      00107         CALL    DELAYL
0000F2 EC?? F???      00108         CALL    DELAYL
0000F6 EC?? F???      00109         CALL    DELAYL
0000FA EC?? F???      00110         CALL    DELAYL
0000FE EC?? F???      00111         CALL    DELAYL
000102 B280           00112         BTFSC   BOTON
000104 D???           00113         BRA     E6
000106 EC?? F???      00114 OTRA6   CALL    DELAYB
00010A A280           00115         BTFSS   BOTON
00010C D???           00116         BRA     OTRA6
00010E EF?? F???      00117         GOTO    OFFL
                      00118         
000112 7883           00119 E6      BTG     LED3
000114 7483           00120         BTG     LED5
000116 EC?? F???      00121         CALL    DELAYL
00011A EC?? F???      00122         CALL    DELAYL
00011E EC?? F???      00123         CALL    DELAYL
000122 EC?? F???      00124         CALL    DELAYL
000126 EC?? F???      00125         CALL    DELAYL
00012A B280           00126         BTFSC   BOTON
00012C D???           00127         BRA     E7
00012E EC?? F???      00128 OTRA7   CALL    DELAYB
000132 A280           00129         BTFSS   BOTON
000134 D???           00130         BRA     OTRA7
000136 EF?? F???      00131         GOTO    OFFL
                      00132         
00013A 7A83           00133 E7      BTG     LED2
00013C 7283           00134         BTG     LED6
00013E EC?? F???      00135         CALL    DELAYL
000142 EC?? F???      00136         CALL    DELAYL
000146 EC?? F???      00137         CALL    DELAYL
00014A EC?? F???      00138         CALL    DELAYL
00014E EC?? F???      00139         CALL    DELAYL
000152 B280           00140         BTFSC   BOTON
000154 D???           00141         BRA     E8
000156 EC?? F???      00142 OTRA8   CALL    DELAYB
00015A A280           00143         BTFSS   BOTON
00015C D???           00144         BRA     OTRA8
00015E EF?? F???      00145         GOTO    OFFL
                      00146         
000162 7C83           00147 E8      BTG     LED1
000164 7083           00148         BTG     LED7
MPASM 5.77                         SERIE.ASM   11-29-2018  11:32:28         PAGE  4


LOC  OBJECT CODE     LINE SOURCE TEXT
  VALUE

000166 EC?? F???      00149         CALL    DELAYL
00016A EC?? F???      00150         CALL    DELAYL
00016E EC?? F???      00151         CALL    DELAYL
000172 EC?? F???      00152         CALL    DELAYL
000176 EC?? F???      00153         CALL    DELAYL
00017A B280           00154         BTFSC   BOTON
00017C D???           00155         BRA     SERIE1
00017E EC?? F???      00156 OTRA9   CALL    DELAYB
000182 A280           00157         BTFSS   BOTON
000184 D???           00158         BRA     OTRA9
000186 EF?? F???      00159         GOTO    OFFL
                      00160         
00018A 7C83           00161 SERIE2  BTG     LED1
00018C 7A83           00162         BTG     LED2
00018E 7883           00163         BTG     LED3
000190 EC?? F???      00164         CALL    DELAYL
000194 EC?? F???      00165         CALL    DELAYL
000198 EC?? F???      00166         CALL    DELAYL
00019C EC?? F???      00167         CALL    DELAYL
0001A0 EC?? F???      00168         CALL    DELAYL
0001A4 B280           00169         BTFSC   BOTON
0001A6 D???           00170         BRA     D1
0001A8 EC?? F???      00171 OTRA11  CALL    DELAYB
0001AC A280           00172         BTFSS   BOTON
0001AE D???           00173         BRA     OTRA11
0001B0 EF?? F???      00174         GOTO    OFFL
                      00175         
0001B4 7C83           00176 D1      BTG     LED1
0001B6 7A83           00177         BTG     LED2
0001B8 7883           00178         BTG     LED3
0001BA EC?? F???      00179         CALL    DELAYL
0001BE EC?? F???      00180         CALL    DELAYL
0001C2 EC?? F???      00181         CALL    DELAYL
0001C6 EC?? F???      00182         CALL    DELAYL
0001CA EC?? F???      00183         CALL    DELAYL
0001CE B280           00184         BTFSC   BOTON
0001D0 D???           00185         BRA     D2
0001D2 EC?? F???      00186 OTRA22  CALL    DELAYB
0001D6 A280           00187         BTFSS   BOTON
0001D8 D???           00188         BRA     OTRA22
0001DA EF?? F???      00189         GOTO    OFFL
                      00190         
0001DE 7483           00191 D2      BTG     LED5
0001E0 7283           00192         BTG     LED6
0001E2 7083           00193         BTG     LED7
0001E4 EC?? F???      00194         CALL    DELAYL
0001E8 EC?? F???      00195         CALL    DELAYL
0001EC EC?? F???      00196         CALL    DELAYL
0001F0 EC?? F???      00197         CALL    DELAYL
0001F4 EC?? F???      00198         CALL    DELAYL
0001F8 B280           00199         BTFSC   BOTON
0001FA D???           00200         BRA     D3
0001FC EC?? F???      00201 OTRA33  CALL    DELAYB
MPASM 5.77                         SERIE.ASM   11-29-2018  11:32:28         PAGE  5


LOC  OBJECT CODE     LINE SOURCE TEXT
  VALUE

000200 A280           00202         BTFSS   BOTON
000202 D???           00203         BRA     OTRA33
000204 EF?? F???      00204         GOTO    OFFL
                      00205         
000208 7483           00206 D3      BTG     LED5
00020A 7283           00207         BTG     LED6
00020C 7083           00208         BTG     LED7
00020E EC?? F???      00209         CALL    DELAYL
000212 EC?? F???      00210         CALL    DELAYL
000216 EC?? F???      00211         CALL    DELAYL
00021A EC?? F???      00212         CALL    DELAYL
00021E EC?? F???      00213         CALL    DELAYL
000222 B280           00214         BTFSC   BOTON
000224 D???           00215         BRA     D4
000226 EC?? F???      00216 OTRA44  CALL    DELAYB
00022A A280           00217         BTFSS   BOTON
00022C D???           00218         BRA     OTRA44
00022E EF?? F???      00219         GOTO    OFFL
                      00220         
000232 7683           00221 D4      BTG     LED4
000234 EC?? F???      00222         CALL    DELAYL
000238 EC?? F???      00223         CALL    DELAYL
00023C EC?? F???      00224         CALL    DELAYL
000240 EC?? F???      00225         CALL    DELAYL
000244 EC?? F???      00226         CALL    DELAYL
000248 B280           00227         BTFSC   BOTON
00024A D???           00228         BRA     D5
00024C EC?? F???      00229 OTRA55  CALL    DELAYB
000250 A280           00230         BTFSS   BOTON
000252 D???           00231         BRA     OTRA55
000254 EF?? F???      00232         GOTO    OFFL
                      00233         
000258 7683           00234 D5      BTG     LED4
00025A EC?? F???      00235         CALL    DELAYL
00025E EC?? F???      00236         CALL    DELAYL
000262 EC?? F???      00237         CALL    DELAYL
000266 EC?? F???      00238         CALL    DELAYL
00026A EC?? F???      00239         CALL    DELAYL
00026E B280           00240         BTFSC   BOTON
000270 D???           00241         BRA     D6
000272 EC?? F???      00242 OTRA66  CALL    DELAYB
000276 A280           00243         BTFSS   BOTON
000278 D???           00244         BRA     OTRA66
00027A EF?? F???      00245         GOTO    OFFL
                      00246         
00027E 7C83           00247 D6      BTG     LED1
000280 7A83           00248         BTG     LED2
000282 7883           00249         BTG     LED3
000284 7683           00250         BTG     LED4
000286 7483           00251         BTG     LED5
000288 7283           00252         BTG     LED6
00028A 7083           00253         BTG     LED7
00028C EC?? F???      00254         CALL    DELAYL
MPASM 5.77                         SERIE.ASM   11-29-2018  11:32:28         PAGE  6


LOC  OBJECT CODE     LINE SOURCE TEXT
  VALUE

000290 EC?? F???      00255         CALL    DELAYL
000294 EC?? F???      00256         CALL    DELAYL
000298 EC?? F???      00257         CALL    DELAYL
00029C EC?? F???      00258         CALL    DELAYL
0002A0 B280           00259         BTFSC   BOTON
0002A2 D???           00260         BRA     D7
0002A4 EC?? F???      00261 OTRA77  CALL    DELAYB
0002A8 A280           00262         BTFSS   BOTON
0002AA D???           00263         BRA     OTRA77
0002AC EF?? F???      00264         GOTO    OFFL
                      00265         
0002B0 7C83           00266 D7      BTG     LED1
0002B2 7A83           00267         BTG     LED2
0002B4 7883           00268         BTG     LED3
0002B6 7683           00269         BTG     LED4
0002B8 7483           00270         BTG     LED5
0002BA 7283           00271         BTG     LED6
0002BC 7083           00272         BTG     LED7
0002BE EC?? F???      00273         CALL    DELAYL
0002C2 EC?? F???      00274         CALL    DELAYL
0002C6 EC?? F???      00275         CALL    DELAYL
0002CA EC?? F???      00276         CALL    DELAYL
0002CE EC?? F???      00277         CALL    DELAYL
0002D2 B280           00278         BTFSC   BOTON
0002D4 D???           00279         BRA     D8
0002D6 EC?? F???      00280 OTRA88  CALL    DELAYB
0002DA A280           00281         BTFSS   BOTON
0002DC D???           00282         BRA     OTRA88
0002DE EF?? F???      00283         GOTO    OFFL
                      00284         
0002E2 7C83           00285 D8      BTG     LED1
0002E4 7A83           00286         BTG     LED2
0002E6 7883           00287         BTG     LED3
0002E8 7683           00288         BTG     LED4
0002EA 7483           00289         BTG     LED5
0002EC 7283           00290         BTG     LED6
0002EE 7083           00291         BTG     LED7
0002F0 EC?? F???      00292         CALL    DELAYL
0002F4 EC?? F???      00293         CALL    DELAYL
0002F8 EC?? F???      00294         CALL    DELAYL
0002FC EC?? F???      00295         CALL    DELAYL
000300 EC?? F???      00296         CALL    DELAYL
000304 B280           00297         BTFSC   BOTON
000306 D???           00298         BRA     D9
000308 EC?? F???      00299 OTRA99  CALL    DELAYB
00030C A280           00300         BTFSS   BOTON
00030E D???           00301         BRA     OTRA99
000310 EF?? F???      00302         GOTO    OFFL
                      00303         
000314 7C83           00304 D9      BTG     LED1
000316 7A83           00305         BTG     LED2
000318 7883           00306         BTG     LED3
00031A 7683           00307         BTG     LED4
MPASM 5.77                         SERIE.ASM   11-29-2018  11:32:28         PAGE  7


LOC  OBJECT CODE     LINE SOURCE TEXT
  VALUE

00031C 7483           00308         BTG     LED5
00031E 7283           00309         BTG     LED6
000320 7083           00310         BTG     LED7
000322 EC?? F???      00311         CALL    DELAYL
000326 EC?? F???      00312         CALL    DELAYL
00032A EC?? F???      00313         CALL    DELAYL
00032E EC?? F???      00314         CALL    DELAYL
000332 EC?? F???      00315         CALL    DELAYL
000336 B280           00316         BTFSC   BOTON
000338 D???           00317         BRA     SERIE2
00033A EC?? F???      00318 OTRA111 CALL    DELAYB
00033E A280           00319         BTFSS   BOTON
000340 D???           00320         BRA     OTRA111
000342 EF?? F???      00321         GOTO    OFFL
                      00322         
                      00323         
000346 9083           00324 OFFL    BCF     PORTD,RD0
000348 9283           00325         BCF     PORTD,RD1
00034A 9483           00326         BCF     PORTD,RD2
00034C 9683           00327         BCF     PORTD,RD3
00034E 9883           00328         BCF     PORTD,RD4
000350 9A83           00329         BCF     PORTD,RD5
000352 9C83           00330         BCF     PORTD,RD6
000354 D???           00331         BRA     MAIN
                      00332                 
000356 6AD6           00333 DELAYB  CLRF    TMR0L
000358 0EFB           00334         MOVLW   .251
00035A 6ED6           00335         MOVWF   TMR0L
00035C A4F2           00336 ASK1    BTFSS   INTCON,TMR0IF
00035E D???           00337         BRA     ASK1
000360 94F2           00338         BCF     INTCON,TMR0IF
000362 0012           00339         RETURN
                      00340         
000364 6AD6           00341 DELAYL  CLRF    TMR0L
000366 0E64           00342         MOVLW   .100
000368 6ED6           00343         MOVWF   TMR0L
00036A A4F2           00344 ASK2    BTFSS   INTCON,TMR0IF
00036C D???           00345         BRA     ASK2
00036E 94F2           00346         BCF     INTCON,TMR0IF
000370 0012           00347         RETURN
                      00348         END
MPASM 5.77                         SERIE.ASM   11-29-2018  11:32:28         PAGE  8


SYMBOL TABLE
  LABEL                             VALUE 

A                                 00000000
ABDEN                             00000000
ABDOVF                            00000007
ACCESS                            00000000
ACKDT                             00000005
ACKEN                             00000004
ACKSTAT                           00000006
ACQT0                             00000003
ACQT1                             00000004
ACQT2                             00000005
ACTVIE                            00000002
ACTVIF                            00000002
ADCON0                            00000FC2
ADCON1                            00000FC1
ADCON2                            00000FC0
ADCS0                             00000000
ADCS1                             00000001
ADCS2                             00000002
ADDEN                             00000003
ADDR0                             00000000
ADDR1                             00000001
ADDR2                             00000002
ADDR3                             00000003
ADDR4                             00000004
ADDR5                             00000005
ADDR6                             00000006
ADEN                              00000003
ADFM                              00000007
ADIE                              00000006
ADIF                              00000006
ADIP                              00000006
ADON                              00000000
ADRES                             00000FC3
ADRESH                            00000FC4
ADRESL                            00000FC3
AN0                               00000000
AN1                               00000001
AN2                               00000002
AN3                               00000003
AN4                               00000005
ASK1                              0000035C
ASK2                              0000036A
BANKED                            00000001
BAUDCON                           00000FB8
BAUDCTL                           00000FB8
BCLIE                             00000003
BCLIF                             00000003
BCLIP                             00000003
BF                                00000000
BGST                              00000005
BOR                               00000000
BOTON                             PORTA,RA1
BRG16                             00000003
MPASM 5.77                         SERIE.ASM   11-29-2018  11:32:28         PAGE  9


SYMBOL TABLE
  LABEL                             VALUE 

BRGH                              00000002
BSR                               00000FE0
BTOEE                             00000004
BTOEF                             00000004
BTSEE                             00000007
BTSEF                             00000007
C                                 00000000
C1INV                             00000004
C1OUT                             00000006
C2INV                             00000005
C2OUT                             00000007
CCP1                              00000002
CCP1AS                            00000FB6
CCP1CON                           00000FBD
CCP1DEL                           00000FB7
CCP1IE                            00000002
CCP1IF                            00000002
CCP1IP                            00000002
CCP1M0                            00000000
CCP1M1                            00000001
CCP1M2                            00000002
CCP1M3                            00000003
CCP2CON                           00000FBA
CCP2IE                            00000000
CCP2IF                            00000000
CCP2IP                            00000000
CCP2M0                            00000000
CCP2M1                            00000001
CCP2M2                            00000002
CCP2M3                            00000003
CCPR1                             00000FBE
CCPR1H                            00000FBF
CCPR1L                            00000FBE
CCPR2                             00000FBB
CCPR2H                            00000FBC
CCPR2L                            00000FBB
CFGS                              00000006
CHS0                              00000002
CHS1                              00000003
CHS2                              00000004
CHS3                              00000005
CIS                               00000003
CK                                00000006
CK1SPP                            00000000
CK2SPP                            00000001
CKE                               00000006
CKP                               00000004
CLK1EN                            00000004
CLKCFG0                           00000006
CLKCFG1                           00000007
CM0                               00000000
CM1                               00000001
CM2                               00000002
MPASM 5.77                         SERIE.ASM   11-29-2018  11:32:28         PAGE 10


SYMBOL TABLE
  LABEL                             VALUE 

CMCON                             00000FB4
CMIE                              00000006
CMIF                              00000006
CMIP                              00000006
CRC16EE                           00000002
CRC16EF                           00000002
CRC5EE                            00000001
CRC5EF                            00000001
CREN                              00000004
CSEN                              00000005
CSRC                              00000007
CVR0                              00000000
CVR1                              00000001
CVR2                              00000002
CVR3                              00000003
CVRCON                            00000FB5
CVREF                             00000004
CVREN                             00000007
CVROE                             00000006
CVRR                              00000005
CVRSS                             00000004
D                                 00000005
D1                                000001B4
D2                                000001DE
D3                                00000208
D4                                00000232
D5                                00000258
D6                                0000027E
D7                                000002B0
D8                                000002E2
D9                                00000314
DATA_ADDRESS                      00000005
DC                                00000001
DC1B0                             00000004
DC1B1                             00000005
DC2B0                             00000004
DC2B1                             00000005
DDRA                              TRISA
DDRB                              TRISB
DDRC                              TRISC
DDRD                              TRISD
DDRE                              TRISE
DELAYB                            00000356
DELAYL                            00000364
DFN8EE                            00000003
DFN8EF                            00000003
DIR                               00000002
DONE                              00000001
D_A                               00000005
D_NOT_A                           00000005
E1                                0000004E
E2                                00000076
E3                                0000009E
MPASM 5.77                         SERIE.ASM   11-29-2018  11:32:28         PAGE 11


SYMBOL TABLE
  LABEL                             VALUE 

E4                                000000C6
E5                                000000EC
E6                                00000112
E7                                0000013A
E8                                00000162
ECCP1AS                           00000FB6
ECCP1CON                          00000FBD
ECCP1DEL                          00000FB7
ECCPAS0                           00000004
ECCPAS1                           00000005
ECCPAS2                           00000006
ECCPASE                           00000007
EEADR                             00000FA9
EECON1                            00000FA6
EECON2                            00000FA7
EEDATA                            00000FA8
EEIE                              00000004
EEIF                              00000004
EEIP                              00000004
EEPGD                             00000007
ENDP0                             00000003
ENDP1                             00000004
ENDP2                             00000005
ENDP3                             00000006
EPCONDIS                          00000003
EPHSHK                            00000004
EPINEN                            00000001
EPOUTEN                           00000002
EPSTALL                           00000000
FAST                              00000001
FERR                              00000002
FLTS                              00000002
FREE                              00000004
FRM0                              00000000
FRM1                              00000001
FRM10                             00000002
FRM2                              00000002
FRM3                              00000003
FRM4                              00000004
FRM5                              00000005
FRM6                              00000006
FRM7                              00000007
FRM8                              00000000
FRM9                              00000001
FSEN                              00000002
FSR0                              00000000
FSR0H                             00000FEA
FSR0L                             00000FE9
FSR1                              00000001
FSR1H                             00000FE2
FSR1L                             00000FE1
FSR2                              00000002
FSR2H                             00000FDA
MPASM 5.77                         SERIE.ASM   11-29-2018  11:32:28         PAGE 12


SYMBOL TABLE
  LABEL                             VALUE 

FSR2L                             00000FD9
GCEN                              00000007
GIE                               00000007
GIEH                              00000007
GIEL                              00000006
GIE_GIEH                          00000007
GO                                00000001
GO_DONE                           00000001
GO_NOT_DONE                       00000001
HLVDCON                           00000FD2
HLVDEN                            00000004
HLVDIE                            00000002
HLVDIF                            00000002
HLVDIN                            00000005
HLVDIP                            00000002
HLVDL0                            00000000
HLVDL1                            00000001
HLVDL2                            00000002
HLVDL3                            00000003
I2C_DAT                           00000005
I2C_READ                          00000002
I2C_START                         00000003
I2C_STOP                          00000004
IDLEIE                            00000004
IDLEIF                            00000004
IDLEN                             00000007
INDF0                             00000FEF
INDF1                             00000FE7
INDF2                             00000FDF
INT0                              00000000
INT0E                             00000004
INT0F                             00000001
INT0IE                            00000004
INT0IF                            00000001
INT1                              00000001
INT1E                             00000003
INT1F                             00000000
INT1IE                            00000003
INT1IF                            00000000
INT1IP                            00000006
INT1P                             00000006
INT2                              00000002
INT2E                             00000004
INT2F                             00000001
INT2IE                            00000004
INT2IF                            00000001
INT2IP                            00000007
INT2P                             00000007
INTCON                            00000FF2
INTCON2                           00000FF1
INTCON3                           00000FF0
INTEDG0                           00000006
INTEDG1                           00000005
MPASM 5.77                         SERIE.ASM   11-29-2018  11:32:28         PAGE 13


SYMBOL TABLE
  LABEL                             VALUE 

INTEDG2                           00000004
INTSRC                            00000007
IOFS                              00000002
IPEN                              00000007
IPR1                              00000F9F
IPR2                              00000FA2
IRCF0                             00000004
IRCF1                             00000005
IRCF2                             00000006
IRVST                             00000005
IVRST                             00000005
LATA                              00000F89
LATA0                             00000000
LATA1                             00000001
LATA2                             00000002
LATA3                             00000003
LATA4                             00000004
LATA5                             00000005
LATA6                             00000006
LATB                              00000F8A
LATB0                             00000000
LATB1                             00000001
LATB2                             00000002
LATB3                             00000003
LATB4                             00000004
LATB5                             00000005
LATB6                             00000006
LATB7                             00000007
LATC                              00000F8B
LATC0                             00000000
LATC1                             00000001
LATC2                             00000002
LATC6                             00000006
LATC7                             00000007
LATD                              00000F8C
LATD0                             00000000
LATD1                             00000001
LATD2                             00000002
LATD3                             00000003
LATD4                             00000004
LATD5                             00000005
LATD6                             00000006
LATD7                             00000007
LATE                              00000F8D
LATE0                             00000000
LATE1                             00000001
LATE2                             00000002
LED1                              PORTD,6
LED2                              PORTD,5
LED3                              PORTD,4
LED4                              PORTD,3
LED5                              PORTD,2
LED6                              PORTD,1
MPASM 5.77                         SERIE.ASM   11-29-2018  11:32:28         PAGE 14


SYMBOL TABLE
  LABEL                             VALUE 

LED7                              PORTD,0
LED8                              PORTD,7
LVDCON                            00000FD2
LVDEN                             00000004
LVDIE                             00000002
LVDIF                             00000002
LVDIN                             00000005
LVDIP                             00000002
LVDL0                             00000000
LVDL1                             00000001
LVDL2                             00000002
LVDL3                             00000003
LVV0                              00000000
LVV1                              00000001
LVV2                              00000002
LVV3                              00000003
MAIN                              00000018
N                                 00000004
NOT_A                             00000005
NOT_ADDRESS                       00000005
NOT_BOR                           00000000
NOT_DONE                          00000001
NOT_IPEN                          00000007
NOT_PD                            00000002
NOT_POR                           00000001
NOT_RBPU                          00000007
NOT_RI                            00000004
NOT_T1SYNC                        00000002
NOT_T3SYNC                        00000002
NOT_TO                            00000003
NOT_W                             00000002
NOT_WRITE                         00000002
OERR                              00000001
OESPP                             00000002
OFFL                              00000346
OSC2                              00000006
OSCCON                            00000FD3
OSCFIE                            00000007
OSCFIF                            00000007
OSCFIP                            00000007
OSCTUNE                           00000F9B
OSTS                              00000003
OTRA                              0000001C
OTRA1                             00000042
OTRA11                            000001A8
OTRA111                           0000033A
OTRA2                             0000006A
OTRA22                            000001D2
OTRA3                             00000092
OTRA33                            000001FC
OTRA4                             000000BA
OTRA44                            00000226
OTRA5                             000000E0
MPASM 5.77                         SERIE.ASM   11-29-2018  11:32:28         PAGE 15


SYMBOL TABLE
  LABEL                             VALUE 

OTRA55                            0000024C
OTRA6                             00000106
OTRA66                            00000272
OTRA7                             0000012E
OTRA77                            000002A4
OTRA8                             00000156
OTRA88                            000002D6
OTRA9                             0000017E
OTRA99                            00000308
OV                                00000003
P                                 00000004
P1A                               00000002
P1M0                              00000006
P1M1                              00000007
PC                                00000FF9
PCFG0                             00000000
PCFG1                             00000001
PCFG2                             00000002
PCFG3                             00000003
PCL                               00000FF9
PCLATH                            00000FFA
PCLATU                            00000FFB
PD                                00000002
PDC0                              00000000
PDC1                              00000001
PDC2                              00000002
PDC3                              00000003
PDC4                              00000004
PDC5                              00000005
PDC6                              00000006
PEIE                              00000006
PEIE_GIEL                         00000006
PEN                               00000002
PGC                               00000006
PGD                               00000007
PGM                               00000005
PIDEE                             00000000
PIDEF                             00000000
PIE1                              00000F9D
PIE2                              00000FA0
PIR1                              00000F9E
PIR2                              00000FA1
PKTDIS                            00000004
PLUSW0                            00000FEB
PLUSW1                            00000FE3
PLUSW2                            00000FDB
POR                               00000001
PORTA                             00000F80
PORTB                             00000F81
PORTC                             00000F82
PORTD                             00000F83
PORTE                             00000F84
POSTDEC0                          00000FED
MPASM 5.77                         SERIE.ASM   11-29-2018  11:32:28         PAGE 16


SYMBOL TABLE
  LABEL                             VALUE 

POSTDEC1                          00000FE5
POSTDEC2                          00000FDD
POSTINC0                          00000FEE
POSTINC1                          00000FE6
POSTINC2                          00000FDE
PPB0                              00000000
PPB1                              00000001
PPBI                              00000001
PPBRST                            00000006
PR2                               00000FCB
PREINC0                           00000FEC
PREINC1                           00000FE4
PREINC2                           00000FDC
PROD                              00000FF3
PRODH                             00000FF4
PRODL                             00000FF3
PRSEN                             00000007
PSA                               00000003
PSSAC0                            00000002
PSSAC1                            00000003
PSSBD0                            00000000
PSSBD1                            00000001
R                                 00000002
RA0                               00000000
RA1                               00000001
RA2                               00000002
RA3                               00000003
RA4                               00000004
RA5                               00000005
RA6                               00000006
RB0                               00000000
RB1                               00000001
RB2                               00000002
RB3                               00000003
RB4                               00000004
RB5                               00000005
RB6                               00000006
RB7                               00000007
RBIE                              00000003
RBIF                              00000000
RBIP                              00000000
RBPU                              00000007
RC0                               00000000
RC1                               00000001
RC2                               00000002
RC4                               00000004
RC5                               00000005
RC6                               00000006
RC7                               00000007
RCEN                              00000003
RCIDL                             00000006
RCIE                              00000005
RCIF                              00000005
MPASM 5.77                         SERIE.ASM   11-29-2018  11:32:28         PAGE 17


SYMBOL TABLE
  LABEL                             VALUE 

RCIP                              00000005
RCMT                              00000006
RCON                              00000FD0
RCREG                             00000FAE
RCSTA                             00000FAB
RD                                00000000
RD0                               00000000
RD1                               00000001
RD16                              00000007
RD2                               00000002
RD3                               00000003
RD4                               00000004
RD5                               00000005
RD6                               00000006
RD7                               00000007
RDPU                              00000007
RDSPP                             00000007
RE0                               00000000
RE1                               00000001
RE2                               00000002
RE3                               00000003
READ_WRITE                        00000002
RESUME                            00000002
RI                                00000004
RSEN                              00000001
RX                                00000007
RX9                               00000006
RX9D                              00000000
RXDTP                             00000005
R_NOT_W                           00000002
R_W                               00000002
S                                 00000003
SBOREN                            00000006
SCKP                              00000004
SCS0                              00000000
SCS1                              00000001
SE0                               00000005
SEN                               00000000
SENDB                             00000003
SERIE1                            00000028
SERIE2                            0000018A
SETTING                           00000000
SMP                               00000007
SOFIE                             00000006
SOFIF                             00000006
SPBRG                             00000FAF
SPBRGH                            00000FB0
SPEN                              00000007
SPP0                              00000000
SPP1                              00000001
SPP2                              00000002
SPP3                              00000003
SPP4                              00000004
MPASM 5.77                         SERIE.ASM   11-29-2018  11:32:28         PAGE 18


SYMBOL TABLE
  LABEL                             VALUE 

SPP5                              00000005
SPP6                              00000006
SPP7                              00000007
SPPBUSY                           00000004
SPPCFG                            00000F63
SPPCON                            00000F65
SPPDATA                           00000F62
SPPEN                             00000000
SPPEPS                            00000F64
SPPIE                             00000007
SPPIF                             00000007
SPPIP                             00000007
SPPOWN                            00000001
SREN                              00000005
SSPADD                            00000FC8
SSPBUF                            00000FC9
SSPCON1                           00000FC6
SSPCON2                           00000FC5
SSPEN                             00000005
SSPIE                             00000003
SSPIF                             00000003
SSPIP                             00000003
SSPM0                             00000000
SSPM1                             00000001
SSPM2                             00000002
SSPM3                             00000003
SSPOV                             00000006
SSPSTAT                           00000FC7
STALLIE                           00000005
STALLIF                           00000005
STATUS                            00000FD8
STKFUL                            00000007
STKOVF                            00000007
STKPTR                            00000FFC
STKPTR0                           00000000
STKPTR1                           00000001
STKPTR2                           00000002
STKPTR3                           00000003
STKPTR4                           00000004
STKUNF                            00000006
SUSPND                            00000001
SWDTE                             00000000
SWDTEN                            00000000
SYNC                              00000004
T08BIT                            00000006
T0CKI                             00000004
T0CON                             00000FD5
T0CS                              00000005
T0IE                              00000005
T0IF                              00000002
T0IP                              00000002
T0PS0                             00000000
T0PS1                             00000001
MPASM 5.77                         SERIE.ASM   11-29-2018  11:32:28         PAGE 19


SYMBOL TABLE
  LABEL                             VALUE 

T0PS2                             00000002
T0SE                              00000004
T13CKI                            00000000
T1CKPS0                           00000004
T1CKPS1                           00000005
T1CON                             00000FCD
T1OSCEN                           00000003
T1OSI                             00000001
T1OSO                             00000000
T1RUN                             00000006
T1SYNC                            00000002
T2CKPS0                           00000000
T2CKPS1                           00000001
T2CON                             00000FCA
T2OUTPS0                          00000003
T2OUTPS1                          00000004
T2OUTPS2                          00000005
T2OUTPS3                          00000006
T3CCP1                            00000003
T3CCP2                            00000006
T3CKPS0                           00000004
T3CKPS1                           00000005
T3CON                             00000FB1
T3NSYNC                           00000002
T3SYNC                            00000002
TABLAT                            00000FF5
TBLPTR                            00000FF6
TBLPTRH                           00000FF7
TBLPTRL                           00000FF6
TBLPTRU                           00000FF8
TMR0                              00000FD6
TMR0H                             00000FD7
TMR0IE                            00000005
TMR0IF                            00000002
TMR0IP                            00000002
TMR0L                             00000FD6
TMR0ON                            00000007
TMR1                              00000FCE
TMR1CS                            00000001
TMR1H                             00000FCF
TMR1IE                            00000000
TMR1IF                            00000000
TMR1IP                            00000000
TMR1L                             00000FCE
TMR1ON                            00000000
TMR2                              00000FCC
TMR2IE                            00000001
TMR2IF                            00000001
TMR2IP                            00000001
TMR2ON                            00000002
TMR3                              00000FB2
TMR3CS                            00000001
TMR3H                             00000FB3
MPASM 5.77                         SERIE.ASM   11-29-2018  11:32:28         PAGE 20


SYMBOL TABLE
  LABEL                             VALUE 

TMR3IE                            00000001
TMR3IF                            00000001
TMR3IP                            00000001
TMR3L                             00000FB2
TMR3ON                            00000000
TO                                00000003
TOS                               00000FFD
TOSH                              00000FFE
TOSL                              00000FFD
TOSU                              00000FFF
TOUTPS0                           00000003
TOUTPS1                           00000004
TOUTPS2                           00000005
TOUTPS3                           00000006
TRISA                             00000F92
TRISA0                            00000000
TRISA1                            00000001
TRISA2                            00000002
TRISA3                            00000003
TRISA4                            00000004
TRISA5                            00000005
TRISA6                            00000006
TRISB                             00000F93
TRISB0                            00000000
TRISB1                            00000001
TRISB2                            00000002
TRISB3                            00000003
TRISB4                            00000004
TRISB5                            00000005
TRISB6                            00000006
TRISB7                            00000007
TRISC                             00000F94
TRISC0                            00000000
TRISC1                            00000001
TRISC2                            00000002
TRISC6                            00000006
TRISC7                            00000007
TRISD                             00000F95
TRISD0                            00000000
TRISD1                            00000001
TRISD2                            00000002
TRISD3                            00000003
TRISD4                            00000004
TRISD5                            00000005
TRISD6                            00000006
TRISD7                            00000007
TRISE                             00000F96
TRISE0                            00000000
TRISE1                            00000001
TRISE2                            00000002
TRMT                              00000001
TRNIE                             00000003
TRNIF                             00000003
MPASM 5.77                         SERIE.ASM   11-29-2018  11:32:28         PAGE 21


SYMBOL TABLE
  LABEL                             VALUE 

TUN0                              00000000
TUN1                              00000001
TUN2                              00000002
TUN3                              00000003
TUN4                              00000004
TX                                00000006
TX9                               00000006
TX9D                              00000000
TXCKP                             00000004
TXEN                              00000005
TXIE                              00000004
TXIF                              00000004
TXIP                              00000004
TXREG                             00000FAD
TXSTA                             00000FAC
UA                                00000001
UADDR                             00000F6E
UCFG                              00000F6F
UCON                              00000F6D
UEIE                              00000F6B
UEIR                              00000F6A
UEP0                              00000F70
UEP1                              00000F71
UEP10                             00000F7A
UEP11                             00000F7B
UEP12                             00000F7C
UEP13                             00000F7D
UEP14                             00000F7E
UEP15                             00000F7F
UEP2                              00000F72
UEP3                              00000F73
UEP4                              00000F74
UEP5                              00000F75
UEP6                              00000F76
UEP7                              00000F77
UEP8                              00000F78
UEP9                              00000F79
UERRIE                            00000001
UERRIF                            00000001
UFRM                              00000F66
UFRMH                             00000F67
UFRML                             00000F66
UIE                               00000F69
UIR                               00000F68
UOEMON                            00000006
UPUEN                             00000004
URSTIE                            00000000
URSTIF                            00000000
USBEN                             00000003
USBIE                             00000005
USBIF                             00000005
USBIP                             00000005
USTAT                             00000F6C
MPASM 5.77                         SERIE.ASM   11-29-2018  11:32:28         PAGE 22


SYMBOL TABLE
  LABEL                             VALUE 

UTEYE                             00000007
UTRDIS                            00000003
VCFG0                             00000004
VCFG1                             00000005
VDIRMAG                           00000007
VREFM                             00000002
VREFP                             00000003
W                                 00000000
WCOL                              00000007
WDTCON                            00000FD1
WR                                00000001
WREG                              00000FE8
WREN                              00000002
WRERR                             00000003
WRSPP                             00000006
WS0                               00000000
WS1                               00000001
WS2                               00000002
WS3                               00000003
WUE                               00000001
Z                                 00000002
_BORV_0_2L                        000000E7
_BORV_1_2L                        000000EF
_BORV_2_2L                        000000F7
_BORV_3_2L                        000000FF
_BOR_OFF_2L                       000000F9
_BOR_ON_2L                        000000FF
_BOR_ON_ACTIVE_2L                 000000FD
_BOR_SOFT_2L                      000000FB
_CCP2MX_OFF_3H                    000000FE
_CCP2MX_ON_3H                     000000FF
_CONFIG1H                         00300001
_CONFIG1L                         00300000
_CONFIG2H                         00300003
_CONFIG2L                         00300002
_CONFIG3H                         00300005
_CONFIG4L                         00300006
_CONFIG5H                         00300009
_CONFIG5L                         00300008
_CONFIG6H                         0030000B
_CONFIG6L                         0030000A
_CONFIG7H                         0030000D
_CONFIG7L                         0030000C
_CP0_OFF_5L                       000000FF
_CP0_ON_5L                        000000FE
_CP1_OFF_5L                       000000FF
_CP1_ON_5L                        000000FD
_CP2_OFF_5L                       000000FF
_CP2_ON_5L                        000000FB
_CP3_OFF_5L                       000000FF
_CP3_ON_5L                        000000F7
_CPB_OFF_5H                       000000FF
_CPB_ON_5H                        000000BF
MPASM 5.77                         SERIE.ASM   11-29-2018  11:32:28         PAGE 23


SYMBOL TABLE
  LABEL                             VALUE 

_CPD_OFF_5H                       000000FF
_CPD_ON_5H                        0000007F
_CPUDIV_OSC1_PLL2_1L              000000E7
_CPUDIV_OSC2_PLL3_1L              000000EF
_CPUDIV_OSC3_PLL4_1L              000000F7
_CPUDIV_OSC4_PLL6_1L              000000FF
_DEBUG_OFF_4L                     000000FF
_DEBUG_ON_4L                      0000007F
_DEVID1                           003FFFFE
_DEVID2                           003FFFFF
_EBTR0_OFF_7L                     000000FF
_EBTR0_ON_7L                      000000FE
_EBTR1_OFF_7L                     000000FF
_EBTR1_ON_7L                      000000FD
_EBTR2_OFF_7L                     000000FF
_EBTR2_ON_7L                      000000FB
_EBTR3_OFF_7L                     000000FF
_EBTR3_ON_7L                      000000F7
_EBTRB_OFF_7H                     000000FF
_EBTRB_ON_7H                      000000BF
_FCMEN_OFF_1H                     000000BF
_FCMEN_ON_1H                      000000FF
_FOSC_ECIO_EC_1H                  000000F4
_FOSC_ECPLLIO_EC_1H               000000F6
_FOSC_ECPLL_EC_1H                 000000F7
_FOSC_EC_EC_1H                    000000F5
_FOSC_HSPLL_HS_1H                 000000FE
_FOSC_HS_1H                       000000FC
_FOSC_INTOSCIO_EC_1H              000000F8
_FOSC_INTOSC_EC_1H                000000F9
_FOSC_INTOSC_HS_1H                000000FB
_FOSC_INTOSC_XT_1H                000000FA
_FOSC_XTPLL_XT_1H                 000000F2
_FOSC_XT_XT_1H                    000000F0
_ICPRT_OFF_4L                     000000DF
_ICPRT_ON_4L                      000000FF
_IDLOC0                           00200000
_IDLOC1                           00200001
_IDLOC2                           00200002
_IDLOC3                           00200003
_IDLOC4                           00200004
_IDLOC5                           00200005
_IDLOC6                           00200006
_IDLOC7                           00200007
_IESO_OFF_1H                      0000007F
_IESO_ON_1H                       000000FF
_LPT1OSC_OFF_3H                   000000FB
_LPT1OSC_ON_3H                    000000FF
_LVP_OFF_4L                       000000FB
_LVP_ON_4L                        000000FF
_MCLRE_OFF_3H                     0000007F
_MCLRE_ON_3H                      000000FF
_PBADEN_OFF_3H                    000000FD
MPASM 5.77                         SERIE.ASM   11-29-2018  11:32:28         PAGE 24


SYMBOL TABLE
  LABEL                             VALUE 

_PBADEN_ON_3H                     000000FF
_PLLDIV_10_1L                     000000FE
_PLLDIV_12_1L                     000000FF
_PLLDIV_1_1L                      000000F8
_PLLDIV_2_1L                      000000F9
_PLLDIV_3_1L                      000000FA
_PLLDIV_4_1L                      000000FB
_PLLDIV_5_1L                      000000FC
_PLLDIV_6_1L                      000000FD
_PWRT_OFF_2L                      000000FF
_PWRT_ON_2L                       000000FE
_STVREN_OFF_4L                    000000FE
_STVREN_ON_4L                     000000FF
_USBDIV_1_1L                      000000DF
_USBDIV_2_1L                      000000FF
_VREGEN_OFF_2L                    000000DF
_VREGEN_ON_2L                     000000FF
_WDTPS_1024_2H                    000000F5
_WDTPS_128_2H                     000000EF
_WDTPS_16384_2H                   000000FD
_WDTPS_16_2H                      000000E9
_WDTPS_1_2H                       000000E1
_WDTPS_2048_2H                    000000F7
_WDTPS_256_2H                     000000F1
_WDTPS_2_2H                       000000E3
_WDTPS_32768_2H                   000000FF
_WDTPS_32_2H                      000000EB
_WDTPS_4096_2H                    000000F9
_WDTPS_4_2H                       000000E5
_WDTPS_512_2H                     000000F3
_WDTPS_64_2H                      000000ED
_WDTPS_8192_2H                    000000FB
_WDTPS_8_2H                       000000E7
_WDT_OFF_2H                       000000FE
_WDT_ON_2H                        000000FF
_WRT0_OFF_6L                      000000FF
_WRT0_ON_6L                       000000FE
_WRT1_OFF_6L                      000000FF
_WRT1_ON_6L                       000000FD
_WRT2_OFF_6L                      000000FF
_WRT2_ON_6L                       000000FB
_WRT3_OFF_6L                      000000FF
_WRT3_ON_6L                       000000F7
_WRTB_OFF_6H                      000000FF
_WRTB_ON_6H                       000000BF
_WRTC_OFF_6H                      000000FF
_WRTC_ON_6H                       000000DF
_WRTD_OFF_6H                      000000FF
_WRTD_ON_6H                       0000007F
_XINST_OFF_4L                     000000BF
_XINST_ON_4L                      000000FF
__18F4550                         00000001

MPASM 5.77                         SERIE.ASM   11-29-2018  11:32:28         PAGE 25





Errors   :     0
Warnings :     1 reported,     0 suppressed
Messages :     0 reported,     0 suppressed

