;  LST file generated by mikroListExporter - v.2.0 
; Date/Time: 28/11/2018 10:37:14 p. m.
;----------------------------------------------

;Address Opcode 	ASM
0x0000	0xF001EFAA  	GOTO        852
0x0004	0x0000      	NOP
0x0006	0x0000      	NOP
0x0008	0xF000EF00  	GOTO        0
0x000C	0x0000      	NOP
0x000E	0x0000      	NOP
0x0010	0x0000      	NOP
0x0012	0x0000      	NOP
0x0014	0x0000      	NOP
0x0016	0x0000      	NOP
0x0018	0xD7F3      	BRA         0
_Delay_50us:
;__Lib_Delays.c,19 :: 		void Delay_50us() {
;__Lib_Delays.c,20 :: 		Delay_us(50);
0x001C	0x0E21      	MOVLW       33
0x001E	0x6E0D      	MOVWF       R13, 0
L_Delay_50us2:
0x0020	0x2E0D      	DECFSZ      R13, 1, 0
0x0022	0xD7FE      	BRA         L_Delay_50us2
;__Lib_Delays.c,21 :: 		}
L_end_Delay_50us:
0x0024	0x0012      	RETURN      0
; end of _Delay_50us
_Delay_5500us:
;__Lib_Delays.c,31 :: 		void Delay_5500us() {
;__Lib_Delays.c,32 :: 		Delay_us(5500);
0x0026	0x0E0F      	MOVLW       15
0x0028	0x6E0C      	MOVWF       R12, 0
0x002A	0x0E47      	MOVLW       71
0x002C	0x6E0D      	MOVWF       R13, 0
L_Delay_5500us5:
0x002E	0x2E0D      	DECFSZ      R13, 1, 0
0x0030	0xD7FE      	BRA         L_Delay_5500us5
0x0032	0x2E0C      	DECFSZ      R12, 1, 0
0x0034	0xD7FC      	BRA         L_Delay_5500us5
0x0036	0x0000      	NOP
0x0038	0x0000      	NOP
;__Lib_Delays.c,33 :: 		}
L_end_Delay_5500us:
0x003A	0x0012      	RETURN      0
; end of _Delay_5500us
_Delay_1us:
;__Lib_Delays.c,7 :: 		void Delay_1us() {
;__Lib_Delays.c,8 :: 		Delay_us(1);
0x003C	0x0000      	NOP
0x003E	0x0000      	NOP
;__Lib_Delays.c,9 :: 		}
L_end_Delay_1us:
0x0040	0x0012      	RETURN      0
; end of _Delay_1us
_Lcd_Cmd:
;__Lib_Lcd.c,18 :: 		
;__Lib_Lcd.c,20 :: 		
0x0042	0xBE25      	BTFSC       FARG_Lcd_Cmd_out_char, 7 
0x0044	0xD002      	BRA         L__Lcd_Cmd21
0x0046	0x9E83      	BCF         LCD_D7, BitPos(LCD_D7+0) 
0x0048	0xD001      	BRA         L__Lcd_Cmd22
L__Lcd_Cmd21:
0x004A	0x8E83      	BSF         LCD_D7, BitPos(LCD_D7+0) 
L__Lcd_Cmd22:
;__Lib_Lcd.c,21 :: 		
0x004C	0xBC25      	BTFSC       FARG_Lcd_Cmd_out_char, 6 
0x004E	0xD002      	BRA         L__Lcd_Cmd23
0x0050	0x9C83      	BCF         LCD_D6, BitPos(LCD_D6+0) 
0x0052	0xD001      	BRA         L__Lcd_Cmd24
L__Lcd_Cmd23:
0x0054	0x8C83      	BSF         LCD_D6, BitPos(LCD_D6+0) 
L__Lcd_Cmd24:
;__Lib_Lcd.c,22 :: 		
0x0056	0xBA25      	BTFSC       FARG_Lcd_Cmd_out_char, 5 
0x0058	0xD002      	BRA         L__Lcd_Cmd25
0x005A	0x9A83      	BCF         LCD_D5, BitPos(LCD_D5+0) 
0x005C	0xD001      	BRA         L__Lcd_Cmd26
L__Lcd_Cmd25:
0x005E	0x8A83      	BSF         LCD_D5, BitPos(LCD_D5+0) 
L__Lcd_Cmd26:
;__Lib_Lcd.c,23 :: 		
0x0060	0xB825      	BTFSC       FARG_Lcd_Cmd_out_char, 4 
0x0062	0xD002      	BRA         L__Lcd_Cmd27
0x0064	0x9883      	BCF         LCD_D4, BitPos(LCD_D4+0) 
0x0066	0xD001      	BRA         L__Lcd_Cmd28
L__Lcd_Cmd27:
0x0068	0x8883      	BSF         LCD_D4, BitPos(LCD_D4+0) 
L__Lcd_Cmd28:
;__Lib_Lcd.c,25 :: 		
0x006A	0xB01B      	BTFSC       __Lib_Lcd_cmd_status, BitPos(__Lib_Lcd_cmd_status+0) 
0x006C	0xD002      	BRA         L__Lcd_Cmd29
0x006E	0x8483      	BSF         LCD_RS, BitPos(LCD_RS+0) 
0x0070	0xD001      	BRA         L__Lcd_Cmd30
L__Lcd_Cmd29:
0x0072	0x9483      	BCF         LCD_RS, BitPos(LCD_RS+0) 
L__Lcd_Cmd30:
;__Lib_Lcd.c,28 :: 		
0x0074	0x8683      	BSF         LCD_EN, BitPos(LCD_EN+0) 
;__Lib_Lcd.c,29 :: 		
0x0076	0xDFE2      	RCALL       _Delay_1us
;__Lib_Lcd.c,30 :: 		
0x0078	0x9683      	BCF         LCD_EN, BitPos(LCD_EN+0) 
;__Lib_Lcd.c,33 :: 		
0x007A	0xB625      	BTFSC       FARG_Lcd_Cmd_out_char, 3 
0x007C	0xD002      	BRA         L__Lcd_Cmd31
0x007E	0x9E83      	BCF         LCD_D7, BitPos(LCD_D7+0) 
0x0080	0xD001      	BRA         L__Lcd_Cmd32
L__Lcd_Cmd31:
0x0082	0x8E83      	BSF         LCD_D7, BitPos(LCD_D7+0) 
L__Lcd_Cmd32:
;__Lib_Lcd.c,34 :: 		
0x0084	0xB425      	BTFSC       FARG_Lcd_Cmd_out_char, 2 
0x0086	0xD002      	BRA         L__Lcd_Cmd33
0x0088	0x9C83      	BCF         LCD_D6, BitPos(LCD_D6+0) 
0x008A	0xD001      	BRA         L__Lcd_Cmd34
L__Lcd_Cmd33:
0x008C	0x8C83      	BSF         LCD_D6, BitPos(LCD_D6+0) 
L__Lcd_Cmd34:
;__Lib_Lcd.c,35 :: 		
0x008E	0xB225      	BTFSC       FARG_Lcd_Cmd_out_char, 1 
0x0090	0xD002      	BRA         L__Lcd_Cmd35
0x0092	0x9A83      	BCF         LCD_D5, BitPos(LCD_D5+0) 
0x0094	0xD001      	BRA         L__Lcd_Cmd36
L__Lcd_Cmd35:
0x0096	0x8A83      	BSF         LCD_D5, BitPos(LCD_D5+0) 
L__Lcd_Cmd36:
;__Lib_Lcd.c,36 :: 		
0x0098	0xB025      	BTFSC       FARG_Lcd_Cmd_out_char, 0 
0x009A	0xD002      	BRA         L__Lcd_Cmd37
0x009C	0x9883      	BCF         LCD_D4, BitPos(LCD_D4+0) 
0x009E	0xD001      	BRA         L__Lcd_Cmd38
L__Lcd_Cmd37:
0x00A0	0x8883      	BSF         LCD_D4, BitPos(LCD_D4+0) 
L__Lcd_Cmd38:
;__Lib_Lcd.c,38 :: 		
0x00A2	0xB01B      	BTFSC       __Lib_Lcd_cmd_status, BitPos(__Lib_Lcd_cmd_status+0) 
0x00A4	0xD002      	BRA         L__Lcd_Cmd39
0x00A6	0x8483      	BSF         LCD_RS, BitPos(LCD_RS+0) 
0x00A8	0xD001      	BRA         L__Lcd_Cmd40
L__Lcd_Cmd39:
0x00AA	0x9483      	BCF         LCD_RS, BitPos(LCD_RS+0) 
L__Lcd_Cmd40:
;__Lib_Lcd.c,40 :: 		
0x00AC	0x8683      	BSF         LCD_EN, BitPos(LCD_EN+0) 
;__Lib_Lcd.c,41 :: 		
0x00AE	0xDFC6      	RCALL       _Delay_1us
;__Lib_Lcd.c,42 :: 		
0x00B0	0x9683      	BCF         LCD_EN, BitPos(LCD_EN+0) 
;__Lib_Lcd.c,44 :: 		
0x00B2	0xA01B      	BTFSS       __Lib_Lcd_cmd_status, BitPos(__Lib_Lcd_cmd_status+0) 
0x00B4	0xD002      	BRA         L_Lcd_Cmd0
;__Lib_Lcd.c,45 :: 		
0x00B6	0xDFB7      	RCALL       _Delay_5500us
0x00B8	0xD001      	BRA         L_Lcd_Cmd1
L_Lcd_Cmd0:
;__Lib_Lcd.c,47 :: 		
0x00BA	0xDFB0      	RCALL       _Delay_50us
L_Lcd_Cmd1:
;__Lib_Lcd.c,48 :: 		
L_end_Lcd_Cmd:
0x00BC	0x0012      	RETURN      0
; end of _Lcd_Cmd
_Lcd_Chr:
;__Lib_Lcd.c,65 :: 		
;__Lib_Lcd.c,66 :: 		
0x00BE	0xD00F      	BRA         L_Lcd_Chr4
;__Lib_Lcd.c,67 :: 		
L_Lcd_Chr6:
0x00C0	0x0E80      	MOVLW       128
0x00C2	0x6E22      	MOVWF       FARG_Lcd_Chr_row 
0x00C4	0xD019      	BRA         L_Lcd_Chr5
;__Lib_Lcd.c,68 :: 		
L_Lcd_Chr7:
0x00C6	0x0EC0      	MOVLW       192
0x00C8	0x6E22      	MOVWF       FARG_Lcd_Chr_row 
0x00CA	0xD016      	BRA         L_Lcd_Chr5
;__Lib_Lcd.c,69 :: 		
L_Lcd_Chr8:
0x00CC	0x0E94      	MOVLW       148
0x00CE	0x6E22      	MOVWF       FARG_Lcd_Chr_row 
0x00D0	0xD013      	BRA         L_Lcd_Chr5
;__Lib_Lcd.c,70 :: 		
L_Lcd_Chr9:
0x00D2	0x0ED4      	MOVLW       212
0x00D4	0x6E22      	MOVWF       FARG_Lcd_Chr_row 
0x00D6	0xD010      	BRA         L_Lcd_Chr5
;__Lib_Lcd.c,71 :: 		
L_Lcd_Chr10:
0x00D8	0x0E80      	MOVLW       128
0x00DA	0x6E22      	MOVWF       FARG_Lcd_Chr_row 
;__Lib_Lcd.c,72 :: 		
0x00DC	0xD00D      	BRA         L_Lcd_Chr5
L_Lcd_Chr4:
0x00DE	0x5022      	MOVF        FARG_Lcd_Chr_row, 0 
0x00E0	0x0A01      	XORLW       1
0x00E2	0xE0EE      	BZ          L_Lcd_Chr6
0x00E4	0x5022      	MOVF        FARG_Lcd_Chr_row, 0 
0x00E6	0x0A02      	XORLW       2
0x00E8	0xE0EE      	BZ          L_Lcd_Chr7
0x00EA	0x5022      	MOVF        FARG_Lcd_Chr_row, 0 
0x00EC	0x0A03      	XORLW       3
0x00EE	0xE0EE      	BZ          L_Lcd_Chr8
0x00F0	0x5022      	MOVF        FARG_Lcd_Chr_row, 0 
0x00F2	0x0A04      	XORLW       4
0x00F4	0xE0EE      	BZ          L_Lcd_Chr9
0x00F6	0xD7F0      	BRA         L_Lcd_Chr10
L_Lcd_Chr5:
;__Lib_Lcd.c,74 :: 		
0x00F8	0x0423      	DECF        FARG_Lcd_Chr_column, 0 
0x00FA	0x6E00      	MOVWF       R0 
0x00FC	0x5022      	MOVF        FARG_Lcd_Chr_row, 0 
0x00FE	0x2600      	ADDWF       R0, 1 
0x0100	0xF022C000  	MOVFF       R0, FARG_Lcd_Chr_row
;__Lib_Lcd.c,76 :: 		
0x0104	0x801B      	BSF         __Lib_Lcd_cmd_status, BitPos(__Lib_Lcd_cmd_status+0) 
;__Lib_Lcd.c,77 :: 		
0x0106	0xF025C000  	MOVFF       R0, FARG_Lcd_Cmd_out_char
0x010A	0xDF9B      	RCALL       _Lcd_Cmd
;__Lib_Lcd.c,79 :: 		
0x010C	0x901B      	BCF         __Lib_Lcd_cmd_status, BitPos(__Lib_Lcd_cmd_status+0) 
;__Lib_Lcd.c,80 :: 		
0x010E	0xF025C024  	MOVFF       FARG_Lcd_Chr_out_char, FARG_Lcd_Cmd_out_char
0x0112	0xDF97      	RCALL       _Lcd_Cmd
;__Lib_Lcd.c,81 :: 		
0x0114	0x801B      	BSF         __Lib_Lcd_cmd_status, BitPos(__Lib_Lcd_cmd_status+0) 
;__Lib_Lcd.c,82 :: 		
L_end_Lcd_Chr:
0x0116	0x0012      	RETURN      0
; end of _Lcd_Chr
_Lcd_Chr_CP:
;__Lib_Lcd.c,50 :: 		
;__Lib_Lcd.c,52 :: 		
0x0118	0x901B      	BCF         __Lib_Lcd_cmd_status, BitPos(__Lib_Lcd_cmd_status+0) 
;__Lib_Lcd.c,53 :: 		
0x011A	0xF025C022  	MOVFF       FARG_Lcd_Chr_CP_out_char, FARG_Lcd_Cmd_out_char
0x011E	0xDF91      	RCALL       _Lcd_Cmd
;__Lib_Lcd.c,54 :: 		
0x0120	0x801B      	BSF         __Lib_Lcd_cmd_status, BitPos(__Lib_Lcd_cmd_status+0) 
;__Lib_Lcd.c,55 :: 		
L_end_Lcd_Chr_CP:
0x0122	0x0012      	RETURN      0
; end of _Lcd_Chr_CP
_CustomChar3:
;Animacion.c,27 :: 		void CustomChar3(char pos_row, char pos_char) {
;Animacion.c,29 :: 		Lcd_Cmd(64);
0x0124	0x0E40      	MOVLW       64
0x0126	0x6E25      	MOVWF       FARG_Lcd_Cmd_out_char 
0x0128	0xDF8C      	RCALL       _Lcd_Cmd
;Animacion.c,30 :: 		for (i = 0; i<=7; i++) Lcd_Chr_CP(character3[i]);
0x012A	0x6A1F      	CLRF        CustomChar3_i_L0 
L_CustomChar36:
0x012C	0x501F      	MOVF        CustomChar3_i_L0, 0 
0x012E	0x0807      	SUBLW       7
0x0130	0xE311      	BNC         L_CustomChar37
0x0132	0x0E0C      	MOVLW       _character3
0x0134	0x241F      	ADDWF       CustomChar3_i_L0, 0 
0x0136	0x6EF6      	MOVWF       4086 
0x0138	0x0E04      	MOVLW       hi_addr(_character3)
0x013A	0x6EF7      	MOVWF       TBLPTRH 
0x013C	0x0E00      	MOVLW       0
0x013E	0x22F7      	ADDWFC      TBLPTRH, 1 
0x0140	0x0E00      	MOVLW       higher_addr(_character3)
0x0142	0x6EF8      	MOVWF       TBLPTRU 
0x0144	0x0E00      	MOVLW       0
0x0146	0x22F8      	ADDWFC      TBLPTRU, 1 
0x0148	0x0009      	TBLRD*+
0x014A	0xF022CFF5  	MOVFF       TABLAT, FARG_Lcd_Chr_CP_out_char
0x014E	0xDFE4      	RCALL       _Lcd_Chr_CP
0x0150	0x2A1F      	INCF        CustomChar3_i_L0, 1 
0x0152	0xD7EC      	BRA         L_CustomChar36
L_CustomChar37:
;Animacion.c,31 :: 		Lcd_Cmd(_LCD_RETURN_HOME);
0x0154	0x0E02      	MOVLW       2
0x0156	0x6E25      	MOVWF       FARG_Lcd_Cmd_out_char 
0x0158	0xDF74      	RCALL       _Lcd_Cmd
;Animacion.c,32 :: 		Lcd_Chr(pos_row, pos_char, 0);
0x015A	0xF022C01D  	MOVFF       FARG_CustomChar3_pos_row, FARG_Lcd_Chr_row
0x015E	0xF023C01E  	MOVFF       FARG_CustomChar3_pos_char, FARG_Lcd_Chr_column
0x0162	0x6A24      	CLRF        FARG_Lcd_Chr_out_char 
0x0164	0xDFAC      	RCALL       _Lcd_Chr
;Animacion.c,33 :: 		}
L_end_CustomChar3:
0x0166	0x0012      	RETURN      0
; end of _CustomChar3
_Lcd_Out:
;__Lib_Lcd.c,184 :: 		
;__Lib_Lcd.c,187 :: 		
0x0168	0xD00F      	BRA         L_Lcd_Out11
;__Lib_Lcd.c,188 :: 		
L_Lcd_Out13:
0x016A	0x0E80      	MOVLW       128
0x016C	0x6E1D      	MOVWF       FARG_Lcd_Out_row 
0x016E	0xD019      	BRA         L_Lcd_Out12
;__Lib_Lcd.c,189 :: 		
L_Lcd_Out14:
0x0170	0x0EC0      	MOVLW       192
0x0172	0x6E1D      	MOVWF       FARG_Lcd_Out_row 
0x0174	0xD016      	BRA         L_Lcd_Out12
;__Lib_Lcd.c,190 :: 		
L_Lcd_Out15:
0x0176	0x0E94      	MOVLW       148
0x0178	0x6E1D      	MOVWF       FARG_Lcd_Out_row 
0x017A	0xD013      	BRA         L_Lcd_Out12
;__Lib_Lcd.c,191 :: 		
L_Lcd_Out16:
0x017C	0x0ED4      	MOVLW       212
0x017E	0x6E1D      	MOVWF       FARG_Lcd_Out_row 
0x0180	0xD010      	BRA         L_Lcd_Out12
;__Lib_Lcd.c,192 :: 		
L_Lcd_Out17:
0x0182	0x0E80      	MOVLW       128
0x0184	0x6E1D      	MOVWF       FARG_Lcd_Out_row 
;__Lib_Lcd.c,193 :: 		
0x0186	0xD00D      	BRA         L_Lcd_Out12
L_Lcd_Out11:
0x0188	0x501D      	MOVF        FARG_Lcd_Out_row, 0 
0x018A	0x0A01      	XORLW       1
0x018C	0xE0EE      	BZ          L_Lcd_Out13
0x018E	0x501D      	MOVF        FARG_Lcd_Out_row, 0 
0x0190	0x0A02      	XORLW       2
0x0192	0xE0EE      	BZ          L_Lcd_Out14
0x0194	0x501D      	MOVF        FARG_Lcd_Out_row, 0 
0x0196	0x0A03      	XORLW       3
0x0198	0xE0EE      	BZ          L_Lcd_Out15
0x019A	0x501D      	MOVF        FARG_Lcd_Out_row, 0 
0x019C	0x0A04      	XORLW       4
0x019E	0xE0EE      	BZ          L_Lcd_Out16
0x01A0	0xD7F0      	BRA         L_Lcd_Out17
L_Lcd_Out12:
;__Lib_Lcd.c,194 :: 		
0x01A2	0x041E      	DECF        FARG_Lcd_Out_column, 0 
0x01A4	0x6E00      	MOVWF       R0 
0x01A6	0x501D      	MOVF        FARG_Lcd_Out_row, 0 
0x01A8	0x2600      	ADDWF       R0, 1 
0x01AA	0xF01DC000  	MOVFF       R0, FARG_Lcd_Out_row
;__Lib_Lcd.c,196 :: 		
0x01AE	0xF025C000  	MOVFF       R0, FARG_Lcd_Cmd_out_char
0x01B2	0xDF47      	RCALL       _Lcd_Cmd
;__Lib_Lcd.c,197 :: 		
0x01B4	0x901B      	BCF         __Lib_Lcd_cmd_status, BitPos(__Lib_Lcd_cmd_status+0) 
;__Lib_Lcd.c,198 :: 		
0x01B6	0x6A21      	CLRF        Lcd_Out_i_L0 
;__Lib_Lcd.c,199 :: 		
L_Lcd_Out18:
0x01B8	0x5021      	MOVF        Lcd_Out_i_L0, 0 
0x01BA	0x241F      	ADDWF       FARG_Lcd_Out_text, 0 
0x01BC	0x6EE9      	MOVWF       FSR0L 
0x01BE	0x0E00      	MOVLW       0
0x01C0	0x2020      	ADDWFC      FARG_Lcd_Out_text+1, 0 
0x01C2	0x6EEA      	MOVWF       FSR0H 
0x01C4	0x52EE      	MOVF        POSTINC0, 1 
0x01C6	0xE00B      	BZ          L_Lcd_Out19
;__Lib_Lcd.c,200 :: 		
0x01C8	0x5021      	MOVF        Lcd_Out_i_L0, 0 
0x01CA	0x241F      	ADDWF       FARG_Lcd_Out_text, 0 
0x01CC	0x6EE9      	MOVWF       FSR0L 
0x01CE	0x0E00      	MOVLW       0
0x01D0	0x2020      	ADDWFC      FARG_Lcd_Out_text+1, 0 
0x01D2	0x6EEA      	MOVWF       FSR0H 
0x01D4	0xF022CFEE  	MOVFF       POSTINC0, FARG_Lcd_Chr_CP_out_char
0x01D8	0xDF9F      	RCALL       _Lcd_Chr_CP
0x01DA	0x2A21      	INCF        Lcd_Out_i_L0, 1 
0x01DC	0xD7ED      	BRA         L_Lcd_Out18
L_Lcd_Out19:
;__Lib_Lcd.c,201 :: 		
0x01DE	0x801B      	BSF         __Lib_Lcd_cmd_status, BitPos(__Lib_Lcd_cmd_status+0) 
;__Lib_Lcd.c,202 :: 		
L_end_Lcd_Out:
0x01E0	0x0012      	RETURN      0
; end of _Lcd_Out
_Lcd_Init:
;__Lib_Lcd.c,84 :: 		
;__Lib_Lcd.c,86 :: 		
0x01E2	0x9695      	BCF         LCD_EN_Direction, BitPos(LCD_EN_Direction+0) 
;__Lib_Lcd.c,87 :: 		
0x01E4	0x9495      	BCF         LCD_RS_Direction, BitPos(LCD_RS_Direction+0) 
;__Lib_Lcd.c,88 :: 		
0x01E6	0x9895      	BCF         LCD_D4_Direction, BitPos(LCD_D4_Direction+0) 
;__Lib_Lcd.c,89 :: 		
0x01E8	0x9A95      	BCF         LCD_D5_Direction, BitPos(LCD_D5_Direction+0) 
;__Lib_Lcd.c,90 :: 		
0x01EA	0x9C95      	BCF         LCD_D6_Direction, BitPos(LCD_D6_Direction+0) 
;__Lib_Lcd.c,91 :: 		
0x01EC	0x9E95      	BCF         LCD_D7_Direction, BitPos(LCD_D7_Direction+0) 
;__Lib_Lcd.c,93 :: 		
0x01EE	0x9683      	BCF         LCD_EN, BitPos(LCD_EN+0) 
;__Lib_Lcd.c,94 :: 		
0x01F0	0x9483      	BCF         LCD_RS, BitPos(LCD_RS+0) 
;__Lib_Lcd.c,95 :: 		
0x01F2	0x9E83      	BCF         LCD_D7, BitPos(LCD_D7+0) 
;__Lib_Lcd.c,96 :: 		
0x01F4	0x9C83      	BCF         LCD_D6, BitPos(LCD_D6+0) 
;__Lib_Lcd.c,97 :: 		
0x01F6	0x9A83      	BCF         LCD_D5, BitPos(LCD_D5+0) 
;__Lib_Lcd.c,98 :: 		
0x01F8	0x9883      	BCF         LCD_D4, BitPos(LCD_D4+0) 
;__Lib_Lcd.c,100 :: 		
0x01FA	0xDF15      	RCALL       _Delay_5500us
;__Lib_Lcd.c,101 :: 		
0x01FC	0xDF14      	RCALL       _Delay_5500us
;__Lib_Lcd.c,102 :: 		
0x01FE	0xDF13      	RCALL       _Delay_5500us
;__Lib_Lcd.c,105 :: 		
0x0200	0x8A83      	BSF         LCD_D5, BitPos(LCD_D5+0) 
;__Lib_Lcd.c,106 :: 		
0x0202	0x8883      	BSF         LCD_D4, BitPos(LCD_D4+0) 
;__Lib_Lcd.c,107 :: 		
0x0204	0x8683      	BSF         LCD_EN, BitPos(LCD_EN+0) 
;__Lib_Lcd.c,108 :: 		
0x0206	0xDF1A      	RCALL       _Delay_1us
;__Lib_Lcd.c,109 :: 		
0x0208	0x9683      	BCF         LCD_EN, BitPos(LCD_EN+0) 
;__Lib_Lcd.c,110 :: 		
0x020A	0xDF0D      	RCALL       _Delay_5500us
;__Lib_Lcd.c,112 :: 		
0x020C	0x8683      	BSF         LCD_EN, BitPos(LCD_EN+0) 
;__Lib_Lcd.c,113 :: 		
0x020E	0xDF16      	RCALL       _Delay_1us
;__Lib_Lcd.c,114 :: 		
0x0210	0x9683      	BCF         LCD_EN, BitPos(LCD_EN+0) 
;__Lib_Lcd.c,115 :: 		
0x0212	0xDF09      	RCALL       _Delay_5500us
;__Lib_Lcd.c,117 :: 		
0x0214	0x8683      	BSF         LCD_EN, BitPos(LCD_EN+0) 
;__Lib_Lcd.c,118 :: 		
0x0216	0xDF12      	RCALL       _Delay_1us
;__Lib_Lcd.c,119 :: 		
0x0218	0x9683      	BCF         LCD_EN, BitPos(LCD_EN+0) 
;__Lib_Lcd.c,120 :: 		
0x021A	0xDF05      	RCALL       _Delay_5500us
;__Lib_Lcd.c,123 :: 		
0x021C	0x9883      	BCF         LCD_D4, BitPos(LCD_D4+0) 
;__Lib_Lcd.c,124 :: 		
0x021E	0x8683      	BSF         LCD_EN, BitPos(LCD_EN+0) 
;__Lib_Lcd.c,125 :: 		
0x0220	0xDF0D      	RCALL       _Delay_1us
;__Lib_Lcd.c,126 :: 		
0x0222	0x9683      	BCF         LCD_EN, BitPos(LCD_EN+0) 
;__Lib_Lcd.c,127 :: 		
0x0224	0xDF00      	RCALL       _Delay_5500us
;__Lib_Lcd.c,130 :: 		
0x0226	0x8683      	BSF         LCD_EN, BitPos(LCD_EN+0) 
;__Lib_Lcd.c,131 :: 		
0x0228	0xDF09      	RCALL       _Delay_1us
;__Lib_Lcd.c,132 :: 		
0x022A	0x9683      	BCF         LCD_EN, BitPos(LCD_EN+0) 
;__Lib_Lcd.c,134 :: 		
0x022C	0x9A83      	BCF         LCD_D5, BitPos(LCD_D5+0) 
;__Lib_Lcd.c,135 :: 		
0x022E	0x8E83      	BSF         LCD_D7, BitPos(LCD_D7+0) 
;__Lib_Lcd.c,136 :: 		
0x0230	0x8683      	BSF         LCD_EN, BitPos(LCD_EN+0) 
;__Lib_Lcd.c,137 :: 		
0x0232	0xDF04      	RCALL       _Delay_1us
;__Lib_Lcd.c,138 :: 		
0x0234	0x9683      	BCF         LCD_EN, BitPos(LCD_EN+0) 
;__Lib_Lcd.c,139 :: 		
0x0236	0xDEF7      	RCALL       _Delay_5500us
;__Lib_Lcd.c,142 :: 		
0x0238	0x9E83      	BCF         LCD_D7, BitPos(LCD_D7+0) 
;__Lib_Lcd.c,143 :: 		
0x023A	0x8883      	BSF         LCD_D4, BitPos(LCD_D4+0) 
;__Lib_Lcd.c,144 :: 		
0x023C	0x8683      	BSF         LCD_EN, BitPos(LCD_EN+0) 
;__Lib_Lcd.c,145 :: 		
0x023E	0xDEFE      	RCALL       _Delay_1us
;__Lib_Lcd.c,146 :: 		
0x0240	0x9683      	BCF         LCD_EN, BitPos(LCD_EN+0) 
;__Lib_Lcd.c,148 :: 		
0x0242	0x9883      	BCF         LCD_D4, BitPos(LCD_D4+0) 
;__Lib_Lcd.c,149 :: 		
0x0244	0x8683      	BSF         LCD_EN, BitPos(LCD_EN+0) 
;__Lib_Lcd.c,150 :: 		
0x0246	0xDEFA      	RCALL       _Delay_1us
;__Lib_Lcd.c,151 :: 		
0x0248	0x9683      	BCF         LCD_EN, BitPos(LCD_EN+0) 
;__Lib_Lcd.c,152 :: 		
0x024A	0xDEED      	RCALL       _Delay_5500us
;__Lib_Lcd.c,155 :: 		
0x024C	0x8683      	BSF         LCD_EN, BitPos(LCD_EN+0) 
;__Lib_Lcd.c,156 :: 		
0x024E	0xDEF6      	RCALL       _Delay_1us
;__Lib_Lcd.c,157 :: 		
0x0250	0x9683      	BCF         LCD_EN, BitPos(LCD_EN+0) 
;__Lib_Lcd.c,159 :: 		
0x0252	0x8883      	BSF         LCD_D4, BitPos(LCD_D4+0) 
;__Lib_Lcd.c,160 :: 		
0x0254	0x8683      	BSF         LCD_EN, BitPos(LCD_EN+0) 
;__Lib_Lcd.c,161 :: 		
0x0256	0xDEF2      	RCALL       _Delay_1us
;__Lib_Lcd.c,162 :: 		
0x0258	0x9683      	BCF         LCD_EN, BitPos(LCD_EN+0) 
;__Lib_Lcd.c,163 :: 		
0x025A	0xDEE5      	RCALL       _Delay_5500us
;__Lib_Lcd.c,166 :: 		
0x025C	0x9883      	BCF         LCD_D4, BitPos(LCD_D4+0) 
;__Lib_Lcd.c,167 :: 		
0x025E	0x8683      	BSF         LCD_EN, BitPos(LCD_EN+0) 
;__Lib_Lcd.c,168 :: 		
0x0260	0xDEED      	RCALL       _Delay_1us
;__Lib_Lcd.c,169 :: 		
0x0262	0x9683      	BCF         LCD_EN, BitPos(LCD_EN+0) 
;__Lib_Lcd.c,171 :: 		
0x0264	0x8E83      	BSF         LCD_D7, BitPos(LCD_D7+0) 
;__Lib_Lcd.c,172 :: 		
0x0266	0x8C83      	BSF         LCD_D6, BitPos(LCD_D6+0) 
;__Lib_Lcd.c,173 :: 		
0x0268	0x8A83      	BSF         LCD_D5, BitPos(LCD_D5+0) 
;__Lib_Lcd.c,174 :: 		
0x026A	0x8883      	BSF         LCD_D4, BitPos(LCD_D4+0) 
;__Lib_Lcd.c,175 :: 		
0x026C	0x8683      	BSF         LCD_EN, BitPos(LCD_EN+0) 
;__Lib_Lcd.c,176 :: 		
0x026E	0xDEE6      	RCALL       _Delay_1us
;__Lib_Lcd.c,177 :: 		
0x0270	0x9683      	BCF         LCD_EN, BitPos(LCD_EN+0) 
;__Lib_Lcd.c,179 :: 		
0x0272	0xDED9      	RCALL       _Delay_5500us
;__Lib_Lcd.c,181 :: 		
0x0274	0x801B      	BSF         __Lib_Lcd_cmd_status, BitPos(__Lib_Lcd_cmd_status+0) 
;__Lib_Lcd.c,182 :: 		
L_end_Lcd_Init:
0x0276	0x0012      	RETURN      0
; end of _Lcd_Init
___CC2DW:
;__Lib_System.c,21 :: 		
;__Lib_System.c,23 :: 		
_CC2DL_Loop1:
;__Lib_System.c,24 :: 		
0x0278	0x0009      	TBLRD*+
;__Lib_System.c,25 :: 		
0x027A	0xFFE6CFF5  	MOVFF       TABLAT, POSTINC1
;__Lib_System.c,26 :: 		
0x027E	0x0600      	DECF        R0, 1, 0
;__Lib_System.c,27 :: 		
0x0280	0xE1FB      	BNZ         _CC2DL_Loop1
;__Lib_System.c,28 :: 		
0x0282	0x0601      	DECF        R1, 1, 0
;__Lib_System.c,29 :: 		
0x0284	0xE1F9      	BNZ         _CC2DL_Loop1
;__Lib_System.c,31 :: 		
L_end___CC2DW:
0x0286	0x0012      	RETURN      0
; end of ___CC2DW
_CustomChar4:
;Animacion.c,37 :: 		void CustomChar4(char pos_row, char pos_char) {
;Animacion.c,39 :: 		Lcd_Cmd(64);
0x0288	0x0E40      	MOVLW       64
0x028A	0x6E25      	MOVWF       FARG_Lcd_Cmd_out_char 
0x028C	0xDEDA      	RCALL       _Lcd_Cmd
;Animacion.c,40 :: 		for (i = 0; i<=7; i++) Lcd_Chr_CP(character4[i]);
0x028E	0x6A1F      	CLRF        CustomChar4_i_L0 
L_CustomChar49:
0x0290	0x501F      	MOVF        CustomChar4_i_L0, 0 
0x0292	0x0807      	SUBLW       7
0x0294	0xE311      	BNC         L_CustomChar410
0x0296	0x0E14      	MOVLW       _character4
0x0298	0x241F      	ADDWF       CustomChar4_i_L0, 0 
0x029A	0x6EF6      	MOVWF       4086 
0x029C	0x0E04      	MOVLW       hi_addr(_character4)
0x029E	0x6EF7      	MOVWF       TBLPTRH 
0x02A0	0x0E00      	MOVLW       0
0x02A2	0x22F7      	ADDWFC      TBLPTRH, 1 
0x02A4	0x0E00      	MOVLW       higher_addr(_character4)
0x02A6	0x6EF8      	MOVWF       TBLPTRU 
0x02A8	0x0E00      	MOVLW       0
0x02AA	0x22F8      	ADDWFC      TBLPTRU, 1 
0x02AC	0x0009      	TBLRD*+
0x02AE	0xF022CFF5  	MOVFF       TABLAT, FARG_Lcd_Chr_CP_out_char
0x02B2	0xDF32      	RCALL       _Lcd_Chr_CP
0x02B4	0x2A1F      	INCF        CustomChar4_i_L0, 1 
0x02B6	0xD7EC      	BRA         L_CustomChar49
L_CustomChar410:
;Animacion.c,41 :: 		Lcd_Cmd(_LCD_RETURN_HOME);
0x02B8	0x0E02      	MOVLW       2
0x02BA	0x6E25      	MOVWF       FARG_Lcd_Cmd_out_char 
0x02BC	0xDEC2      	RCALL       _Lcd_Cmd
;Animacion.c,42 :: 		Lcd_Chr(pos_row, pos_char, 0);
0x02BE	0xF022C01D  	MOVFF       FARG_CustomChar4_pos_row, FARG_Lcd_Chr_row
0x02C2	0xF023C01E  	MOVFF       FARG_CustomChar4_pos_char, FARG_Lcd_Chr_column
0x02C6	0x6A24      	CLRF        FARG_Lcd_Chr_out_char 
0x02C8	0xDEFA      	RCALL       _Lcd_Chr
;Animacion.c,43 :: 		}
L_end_CustomChar4:
0x02CA	0x0012      	RETURN      0
; end of _CustomChar4
_CustomChar2:
;Animacion.c,17 :: 		void CustomChar2(char pos_row, char pos_char) {
;Animacion.c,19 :: 		Lcd_Cmd(64);
0x02CC	0x0E40      	MOVLW       64
0x02CE	0x6E25      	MOVWF       FARG_Lcd_Cmd_out_char 
0x02D0	0xDEB8      	RCALL       _Lcd_Cmd
;Animacion.c,20 :: 		for (i = 0; i<=7; i++) Lcd_Chr_CP(character2[i]);
0x02D2	0x6A1F      	CLRF        CustomChar2_i_L0 
L_CustomChar23:
0x02D4	0x501F      	MOVF        CustomChar2_i_L0, 0 
0x02D6	0x0807      	SUBLW       7
0x02D8	0xE311      	BNC         L_CustomChar24
0x02DA	0x0E1C      	MOVLW       _character2
0x02DC	0x241F      	ADDWF       CustomChar2_i_L0, 0 
0x02DE	0x6EF6      	MOVWF       4086 
0x02E0	0x0E04      	MOVLW       hi_addr(_character2)
0x02E2	0x6EF7      	MOVWF       TBLPTRH 
0x02E4	0x0E00      	MOVLW       0
0x02E6	0x22F7      	ADDWFC      TBLPTRH, 1 
0x02E8	0x0E00      	MOVLW       higher_addr(_character2)
0x02EA	0x6EF8      	MOVWF       TBLPTRU 
0x02EC	0x0E00      	MOVLW       0
0x02EE	0x22F8      	ADDWFC      TBLPTRU, 1 
0x02F0	0x0009      	TBLRD*+
0x02F2	0xF022CFF5  	MOVFF       TABLAT, FARG_Lcd_Chr_CP_out_char
0x02F6	0xDF10      	RCALL       _Lcd_Chr_CP
0x02F8	0x2A1F      	INCF        CustomChar2_i_L0, 1 
0x02FA	0xD7EC      	BRA         L_CustomChar23
L_CustomChar24:
;Animacion.c,21 :: 		Lcd_Cmd(_LCD_RETURN_HOME);
0x02FC	0x0E02      	MOVLW       2
0x02FE	0x6E25      	MOVWF       FARG_Lcd_Cmd_out_char 
0x0300	0xDEA0      	RCALL       _Lcd_Cmd
;Animacion.c,22 :: 		Lcd_Chr(pos_row, pos_char, 0);
0x0302	0xF022C01D  	MOVFF       FARG_CustomChar2_pos_row, FARG_Lcd_Chr_row
0x0306	0xF023C01E  	MOVFF       FARG_CustomChar2_pos_char, FARG_Lcd_Chr_column
0x030A	0x6A24      	CLRF        FARG_Lcd_Chr_out_char 
0x030C	0xDED8      	RCALL       _Lcd_Chr
;Animacion.c,23 :: 		}
L_end_CustomChar2:
0x030E	0x0012      	RETURN      0
; end of _CustomChar2
_CustomChar1:
;Animacion.c,7 :: 		void CustomChar1(char pos_row, char pos_char) {
;Animacion.c,9 :: 		Lcd_Cmd(64);
0x0310	0x0E40      	MOVLW       64
0x0312	0x6E25      	MOVWF       FARG_Lcd_Cmd_out_char 
0x0314	0xDE96      	RCALL       _Lcd_Cmd
;Animacion.c,10 :: 		for (i = 0; i<=7; i++) Lcd_Chr_CP(character1[i]);
0x0316	0x6A1F      	CLRF        CustomChar1_i_L0 
L_CustomChar10:
0x0318	0x501F      	MOVF        CustomChar1_i_L0, 0 
0x031A	0x0807      	SUBLW       7
0x031C	0xE311      	BNC         L_CustomChar11
0x031E	0x0E24      	MOVLW       _character1
0x0320	0x241F      	ADDWF       CustomChar1_i_L0, 0 
0x0322	0x6EF6      	MOVWF       4086 
0x0324	0x0E04      	MOVLW       hi_addr(_character1)
0x0326	0x6EF7      	MOVWF       TBLPTRH 
0x0328	0x0E00      	MOVLW       0
0x032A	0x22F7      	ADDWFC      TBLPTRH, 1 
0x032C	0x0E00      	MOVLW       higher_addr(_character1)
0x032E	0x6EF8      	MOVWF       TBLPTRU 
0x0330	0x0E00      	MOVLW       0
0x0332	0x22F8      	ADDWFC      TBLPTRU, 1 
0x0334	0x0009      	TBLRD*+
0x0336	0xF022CFF5  	MOVFF       TABLAT, FARG_Lcd_Chr_CP_out_char
0x033A	0xDEEE      	RCALL       _Lcd_Chr_CP
0x033C	0x2A1F      	INCF        CustomChar1_i_L0, 1 
0x033E	0xD7EC      	BRA         L_CustomChar10
L_CustomChar11:
;Animacion.c,11 :: 		Lcd_Cmd(_LCD_RETURN_HOME);
0x0340	0x0E02      	MOVLW       2
0x0342	0x6E25      	MOVWF       FARG_Lcd_Cmd_out_char 
0x0344	0xDE7E      	RCALL       _Lcd_Cmd
;Animacion.c,12 :: 		Lcd_Chr(pos_row, pos_char, 0);
0x0346	0xF022C01D  	MOVFF       FARG_CustomChar1_pos_row, FARG_Lcd_Chr_row
0x034A	0xF023C01E  	MOVFF       FARG_CustomChar1_pos_char, FARG_Lcd_Chr_column
0x034E	0x6A24      	CLRF        FARG_Lcd_Chr_out_char 
0x0350	0xDEB6      	RCALL       _Lcd_Chr
;Animacion.c,13 :: 		}
L_end_CustomChar1:
0x0352	0x0012      	RETURN      0
; end of _CustomChar1
_main:
0x0354	0x0E48      	MOVLW       72
0x0356	0x6E15      	MOVWF       ?lstr1_Animacion 
0x0358	0x0E45      	MOVLW       69
0x035A	0x6E16      	MOVWF       22 
0x035C	0x0E4C      	MOVLW       76
0x035E	0x6E17      	MOVWF       23 
0x0360	0x0E50      	MOVLW       80
0x0362	0x6E18      	MOVWF       24 
0x0364	0x6A19      	CLRF        25 
;Animacion.c,66 :: 		void main() {
;Animacion.c,68 :: 		Lcd_Init();                              // Initialize LCD
0x0366	0xDF3D      	RCALL       _Lcd_Init
;Animacion.c,69 :: 		Lcd_Cmd(_LCD_CLEAR);                     // Clear display
0x0368	0x0E01      	MOVLW       1
0x036A	0x6E25      	MOVWF       FARG_Lcd_Cmd_out_char 
0x036C	0xDE6A      	RCALL       _Lcd_Cmd
;Animacion.c,70 :: 		Lcd_Cmd(_LCD_CURSOR_OFF);                // Cursor off
0x036E	0x0E0C      	MOVLW       12
0x0370	0x6E25      	MOVWF       FARG_Lcd_Cmd_out_char 
0x0372	0xDE67      	RCALL       _Lcd_Cmd
;Animacion.c,71 :: 		while(1){
L_main12:
;Animacion.c,72 :: 		Lcd_Out(1,1,"HELP");                    // Print * ASCII value on LCD
0x0374	0x0E01      	MOVLW       1
0x0376	0x6E1D      	MOVWF       FARG_Lcd_Out_row 
0x0378	0x0E01      	MOVLW       1
0x037A	0x6E1E      	MOVWF       FARG_Lcd_Out_column 
0x037C	0x0E15      	MOVLW       ?lstr1_Animacion
0x037E	0x6E1F      	MOVWF       FARG_Lcd_Out_text 
0x0380	0x0E00      	MOVLW       hi_addr(?lstr1_Animacion)
0x0382	0x6E20      	MOVWF       FARG_Lcd_Out_text+1 
0x0384	0xDEF1      	RCALL       _Lcd_Out
;Animacion.c,73 :: 		Lcd_Chr(2,3+cnt, kp);                    // Print * ASCII value on LCD
0x0386	0x0E02      	MOVLW       2
0x0388	0x6E22      	MOVWF       FARG_Lcd_Chr_row 
0x038A	0x501A      	MOVF        _cnt, 0 
0x038C	0x0F03      	ADDLW       3
0x038E	0x6E23      	MOVWF       FARG_Lcd_Chr_column 
0x0390	0xF024C01C  	MOVFF       _kp, FARG_Lcd_Chr_out_char
0x0394	0xDE94      	RCALL       _Lcd_Chr
;Animacion.c,74 :: 		Delay_ms(10);
0x0396	0x0E1A      	MOVLW       26
0x0398	0x6E0C      	MOVWF       R12, 0
0x039A	0x0EF8      	MOVLW       248
0x039C	0x6E0D      	MOVWF       R13, 0
L_main14:
0x039E	0x2E0D      	DECFSZ      R13, 1, 0
0x03A0	0xD7FE      	BRA         L_main14
0x03A2	0x2E0C      	DECFSZ      R12, 1, 0
0x03A4	0xD7FC      	BRA         L_main14
0x03A6	0x0000      	NOP
;Animacion.c,75 :: 		CustomChar1(0,0);
0x03A8	0x6A1D      	CLRF        FARG_CustomChar1_pos_row 
0x03AA	0x6A1E      	CLRF        FARG_CustomChar1_pos_char 
0x03AC	0xDFB1      	RCALL       _CustomChar1
;Animacion.c,76 :: 		Delay_ms(10);
0x03AE	0x0E1A      	MOVLW       26
0x03B0	0x6E0C      	MOVWF       R12, 0
0x03B2	0x0EF8      	MOVLW       248
0x03B4	0x6E0D      	MOVWF       R13, 0
L_main15:
0x03B6	0x2E0D      	DECFSZ      R13, 1, 0
0x03B8	0xD7FE      	BRA         L_main15
0x03BA	0x2E0C      	DECFSZ      R12, 1, 0
0x03BC	0xD7FC      	BRA         L_main15
0x03BE	0x0000      	NOP
;Animacion.c,77 :: 		CustomChar2(0,0);
0x03C0	0x6A1D      	CLRF        FARG_CustomChar2_pos_row 
0x03C2	0x6A1E      	CLRF        FARG_CustomChar2_pos_char 
0x03C4	0xDF83      	RCALL       _CustomChar2
;Animacion.c,78 :: 		Delay_ms(10);
0x03C6	0x0E1A      	MOVLW       26
0x03C8	0x6E0C      	MOVWF       R12, 0
0x03CA	0x0EF8      	MOVLW       248
0x03CC	0x6E0D      	MOVWF       R13, 0
L_main16:
0x03CE	0x2E0D      	DECFSZ      R13, 1, 0
0x03D0	0xD7FE      	BRA         L_main16
0x03D2	0x2E0C      	DECFSZ      R12, 1, 0
0x03D4	0xD7FC      	BRA         L_main16
0x03D6	0x0000      	NOP
;Animacion.c,79 :: 		CustomChar3(0,0);
0x03D8	0x6A1D      	CLRF        FARG_CustomChar3_pos_row 
0x03DA	0x6A1E      	CLRF        FARG_CustomChar3_pos_char 
0x03DC	0xDEA3      	RCALL       _CustomChar3
;Animacion.c,80 :: 		Delay_ms(10);
0x03DE	0x0E1A      	MOVLW       26
0x03E0	0x6E0C      	MOVWF       R12, 0
0x03E2	0x0EF8      	MOVLW       248
0x03E4	0x6E0D      	MOVWF       R13, 0
L_main17:
0x03E6	0x2E0D      	DECFSZ      R13, 1, 0
0x03E8	0xD7FE      	BRA         L_main17
0x03EA	0x2E0C      	DECFSZ      R12, 1, 0
0x03EC	0xD7FC      	BRA         L_main17
0x03EE	0x0000      	NOP
;Animacion.c,81 :: 		CustomChar4(0,0);
0x03F0	0x6A1D      	CLRF        FARG_CustomChar4_pos_row 
0x03F2	0x6A1E      	CLRF        FARG_CustomChar4_pos_char 
0x03F4	0xDF49      	RCALL       _CustomChar4
;Animacion.c,82 :: 		Delay_ms(10);
0x03F6	0x0E1A      	MOVLW       26
0x03F8	0x6E0C      	MOVWF       R12, 0
0x03FA	0x0EF8      	MOVLW       248
0x03FC	0x6E0D      	MOVWF       R13, 0
L_main18:
0x03FE	0x2E0D      	DECFSZ      R13, 1, 0
0x0400	0xD7FE      	BRA         L_main18
0x0402	0x2E0C      	DECFSZ      R12, 1, 0
0x0404	0xD7FC      	BRA         L_main18
0x0406	0x0000      	NOP
;Animacion.c,83 :: 		}
0x0408	0xD7B5      	BRA         L_main12
;Animacion.c,84 :: 		}
L_end_main:
0x040A	0xD7FF      	BRA         $+0
; end of _main
;Animacion.c,25 :: _character3
0x040C	0x0E0E ;_character3+0
0x040E	0x1F04 ;_character3+2
0x0410	0x0404 ;_character3+4
0x0412	0x0A0A ;_character3+6
; end of _character3
;Animacion.c,35 :: _character4
0x0414	0x0E0E ;_character4+0
0x0416	0x1F04 ;_character4+2
0x0418	0x0404 ;_character4+4
0x041A	0x0A0A ;_character4+6
; end of _character4
;Animacion.c,15 :: _character2
0x041C	0x0E0E ;_character2+0
0x041E	0x1F04 ;_character2+2
0x0420	0x0404 ;_character2+4
0x0422	0x0A0A ;_character2+6
; end of _character2
;Animacion.c,5 :: _character1
0x0424	0x0E0E ;_character1+0
0x0426	0x0E15 ;_character1+2
0x0428	0x0404 ;_character1+4
0x042A	0x110A ;_character1+6
; end of _character1
Symbol List:
//** Routines locations **
//ADDRESS    SIZE    PROCEDURE
//----------------------------------------------
0x001C      [10]    _Delay_50us
0x0026      [22]    _Delay_5500us
0x003C       [6]    _Delay_1us
0x0042     [124]    _Lcd_Cmd
0x00BE      [90]    _Lcd_Chr
0x0118      [12]    _Lcd_Chr_CP
0x0124      [68]    _CustomChar3
0x0168     [122]    _Lcd_Out
0x01E2     [150]    _Lcd_Init
0x0278      [16]    ___CC2DW
0x0288      [68]    _CustomChar4
0x02CC      [68]    _CustomChar2
0x0310      [68]    _CustomChar1
0x0354     [184]    _main
//** Variables locations ** 
//ADDRESS    SIZE    VARIABLE
//----------------------------------------------
0x0000       [1]    R0
0x0001       [1]    R1
0x0002       [1]    R2
0x0003       [1]    R3
0x0004       [1]    R4
0x0005       [1]    R5
0x0006       [1]    R6
0x0007       [1]    R7
0x0008       [1]    R8
0x0009       [1]    R9
0x000A       [1]    R10
0x000B       [1]    R11
0x000C       [1]    R12
0x000D       [1]    R13
0x000E       [1]    R14
0x000F       [1]    R15
0x0010       [1]    R16
0x0011       [1]    R17
0x0012       [1]    R18
0x0013       [1]    R19
0x0014       [1]    R20
0x0015       [5]    ?lstr1_Animacion
0x001A       [1]    _cnt
0x001B       [0]    __Lib_Lcd_cmd_status
0x001C       [1]    _kp
0x001D       [1]    FARG_CustomChar2_pos_row
0x001D       [1]    FARG_CustomChar1_pos_row
0x001D       [1]    FARG_CustomChar4_pos_row
0x001D       [1]    FARG_Lcd_Out_row
0x001D       [1]    FARG_CustomChar3_pos_row
0x001E       [1]    FARG_CustomChar4_pos_char
0x001E       [1]    FARG_Lcd_Out_column
0x001E       [1]    FARG_CustomChar2_pos_char
0x001E       [1]    FARG_CustomChar1_pos_char
0x001E       [1]    FARG_CustomChar3_pos_char
0x001F       [1]    CustomChar3_i_L0
0x001F       [1]    CustomChar2_i_L0
0x001F       [2]    FARG_Lcd_Out_text
0x001F       [1]    CustomChar1_i_L0
0x001F       [1]    CustomChar4_i_L0
0x0021       [1]    Lcd_Out_i_L0
0x0022       [1]    FARG_Lcd_Chr_CP_out_char
0x0022       [1]    FARG_Lcd_Chr_row
0x0023       [1]    FARG_Lcd_Chr_column
0x0024       [1]    FARG_Lcd_Chr_out_char
0x0025       [1]    FARG_Lcd_Cmd_out_char
0x0F83       [0]    RD5_bit
0x0F83       [0]    RD3_bit
0x0F83       [0]    RD2_bit
0x0F83       [0]    RD4_bit
0x0F83       [0]    RD6_bit
0x0F83       [0]    LCD_D7
0x0F83       [0]    LCD_D6
0x0F83       [0]    LCD_D5
0x0F83       [0]    LCD_RS
0x0F83       [0]    LCD_D4
0x0F83       [0]    LCD_EN
0x0F83       [0]    RD7_bit
0x0F95       [0]    LCD_D4_Direction
0x0F95       [0]    LCD_D5_Direction
0x0F95       [0]    LCD_D6_Direction
0x0F95       [0]    LCD_EN_Direction
0x0F95       [0]    LCD_RS_Direction
0x0F95       [0]    TRISD5_bit
0x0F95       [0]    TRISD6_bit
0x0F95       [0]    TRISD7_bit
0x0F95       [0]    TRISD4_bit
0x0F95       [0]    LCD_D7_Direction
0x0F95       [0]    TRISD2_bit
0x0F95       [0]    TRISD3_bit
0x0FD8       [1]    STATUS
0x0FD9       [1]    FSR2L
0x0FDA       [1]    FSR2H
0x0FDE       [1]    POSTINC2
0x0FE0       [1]    BSR
0x0FE1       [1]    FSR1L
0x0FE2       [1]    FSR1H
0x0FE4       [1]    PREINC1
0x0FE6       [1]    POSTINC1
0x0FE7       [1]    INDF1
0x0FE8       [1]    WREG
0x0FE9       [1]    FSR0L
0x0FEA       [1]    FSR0H
0x0FEE       [1]    POSTINC0
0x0FF3       [1]    PRODL
0x0FF4       [1]    PRODH
0x0FF5       [1]    TABLAT
0x0FF6       [1]    TBLPTRL
0x0FF7       [1]    TBLPTRH
0x0FF8       [1]    TBLPTRU
//** Constants locations ** 
//ADDRESS    SIZE    CONSTANT
//----------------------------------------------
0x040C       [8]    _character3
0x0414       [8]    _character4
0x041C       [8]    _character2
0x0424       [8]    _character1
